<?xml version="1.0" encoding="UTF-8"?>
<!-- Generated by org.testng.reporters.JUnitXMLReporter -->
<testsuite ignored="2" hostname="SVT-LAP-24-006" failures="1" tests="5" name="Default test(failed)" time="30.711" errors="0" timestamp="2025-08-05T13:22:05 IST">
  <testcase classname="tests.AI_AgentListTest" name="login" time="2.819"/>
  <testcase classname="tests.AI_AgentListTest" name="openAiAgentsListForm" time="2.337"/>
  <testcase classname="tests.AI_AgentListTest" name="verifylegendsButtonStatus" time="6.876"/>
  <testcase classname="tests.AI_AgentListTest" name="selectEachFilterOptionsOneByOne2" time="3.194">
    <failure type="org.openqa.selenium.ElementClickInterceptedException" message="element click intercepted: Element is not clickable at point (550, -92)
  (Session info: chrome=138.0.7204.184)
Build info: version: &amp;apos;4.34.0&amp;apos;, revision: &amp;apos;707dcb4246*&amp;apos;
System info: os.name: &amp;apos;Windows 10&amp;apos;, os.arch: &amp;apos;amd64&amp;apos;, os.version: &amp;apos;10.0&amp;apos;, java.version: &amp;apos;17.0.11&amp;apos;
Driver info: org.openqa.selenium.chrome.ChromeDriver
Command: [d4a661938bbb2f435981a3f9fc0c4a5c, clickElement {id=f.6C27E5FBB7F6962B88BA998BCBB6E42F.d.828EBD4206B0F1D9F83C4FC8252F5DDB.e.64}]
Capabilities {acceptInsecureCerts: false, browserName: chrome, browserVersion: 138.0.7204.184, chrome: {chromedriverVersion: 137.0.7151.70 (dfa4dc56b2ab..., userDataDir: C:\Users\Biraju\AppData\Loc...}, fedcm:accounts: true, goog:chromeOptions: {debuggerAddress: localhost:54807}, networkConnectionEnabled: false, pageLoadStrategy: normal, platformName: windows, proxy: Proxy(), se:cdp: ws://localhost:54807/devtoo..., se:cdpVersion: 138.0.7204.184, setWindowRect: true, strictFileInteractability: false, timeouts: {implicit: 0, pageLoad: 300000, script: 30000}, unhandledPromptBehavior: dismiss and notify, webauthn:extension:credBlob: true, webauthn:extension:largeBlob: true, webauthn:extension:minPinLength: true, webauthn:extension:prf: true, webauthn:virtualAuthenticators: true}
Element: [[ChromeDriver: chrome on windows (d4a661938bbb2f435981a3f9fc0c4a5c)] -&amp;gt; xpath: //div[contains(@class,&amp;quot;ant-select-single&amp;quot;)]]
Session ID: d4a661938bbb2f435981a3f9fc0c4a5c">
      <![CDATA[org.openqa.selenium.ElementClickInterceptedException: element click intercepted: Element is not clickable at point (550, -92)
  (Session info: chrome=138.0.7204.184)
Build info: version: '4.34.0', revision: '707dcb4246*'
System info: os.name: 'Windows 10', os.arch: 'amd64', os.version: '10.0', java.version: '17.0.11'
Driver info: org.openqa.selenium.chrome.ChromeDriver
Command: [d4a661938bbb2f435981a3f9fc0c4a5c, clickElement {id=f.6C27E5FBB7F6962B88BA998BCBB6E42F.d.828EBD4206B0F1D9F83C4FC8252F5DDB.e.64}]
Capabilities {acceptInsecureCerts: false, browserName: chrome, browserVersion: 138.0.7204.184, chrome: {chromedriverVersion: 137.0.7151.70 (dfa4dc56b2ab..., userDataDir: C:\Users\Biraju\AppData\Loc...}, fedcm:accounts: true, goog:chromeOptions: {debuggerAddress: localhost:54807}, networkConnectionEnabled: false, pageLoadStrategy: normal, platformName: windows, proxy: Proxy(), se:cdp: ws://localhost:54807/devtoo..., se:cdpVersion: 138.0.7204.184, setWindowRect: true, strictFileInteractability: false, timeouts: {implicit: 0, pageLoad: 300000, script: 30000}, unhandledPromptBehavior: dismiss and notify, webauthn:extension:credBlob: true, webauthn:extension:largeBlob: true, webauthn:extension:minPinLength: true, webauthn:extension:prf: true, webauthn:virtualAuthenticators: true}
Element: [[ChromeDriver: chrome on windows (d4a661938bbb2f435981a3f9fc0c4a5c)] -> xpath: //div[contains(@class,"ant-select-single")]]
Session ID: d4a661938bbb2f435981a3f9fc0c4a5c
at org.openqa.selenium.remote.ErrorCodec.decode(ErrorCodec.java:167)
at org.openqa.selenium.remote.codec.w3c.W3CHttpResponseCodec.decode(W3CHttpResponseCodec.java:138)
at org.openqa.selenium.remote.codec.w3c.W3CHttpResponseCodec.decode(W3CHttpResponseCodec.java:50)
at org.openqa.selenium.remote.HttpCommandExecutor.execute(HttpCommandExecutor.java:215)
at org.openqa.selenium.remote.service.DriverCommandExecutor.invokeExecute(DriverCommandExecutor.java:216)
at org.openqa.selenium.remote.service.DriverCommandExecutor.execute(DriverCommandExecutor.java:174)
at org.openqa.selenium.remote.RemoteWebDriver.execute(RemoteWebDriver.java:544)
at org.openqa.selenium.remote.RemoteWebElement.execute(RemoteWebElement.java:223)
at org.openqa.selenium.remote.RemoteWebElement.click(RemoteWebElement.java:76)
at pages.AiAgentsListPage.selectEachFilterOptionsOneByOne(AiAgentsListPage.java:125)
at tests.AI_AgentListTest.selectEachFilterOptionsOneByOne2(AI_AgentListTest.java:75)
at java.base/java.util.ArrayList.forEach(ArrayList.java:1511)
... Removed 32 stack frames]]>
    </failure>
  </testcase> <!-- selectEachFilterOptionsOneByOne2 -->
  <testcase classname="tests.AI_AgentListTest" name="verifyRecordCountBasedOnSelectedChannelInFilter" time="9.589"/>
  <testcase classname="tests.AI_AgentListTest" name="verifyHorizontalTabLists" time="0.0">
    <ignored/>
  </testcase> <!-- verifyHorizontalTabLists -->
  <testcase classname="tests.AI_AgentListTest" name="verifyAIAgentsListTabWorkingorNot" time="0.0">
    <ignored/>
  </testcase> <!-- verifyAIAgentsListTabWorkingorNot -->
</testsuite> <!-- Default test(failed) -->
