<?xml version="1.0" encoding="UTF-8"?>
<!-- Generated by org.testng.reporters.JUnitXMLReporter -->
<testsuite ignored="10" hostname="SVT-LAP-24-006" failures="17" tests="27" name="Test(failed)" time="709.281" errors="0" timestamp="2025-08-05T17:41:19 IST">
  <testcase classname="tests.AI_AgentListTest" name="login" time="2.675"/>
  <testcase classname="tests.AI_AgentListTest" name="openAiAgentsListForm" time="2.86"/>
  <testcase classname="tests.AI_AgentListTest" name="selectEachFilterOptionsOneByOne2" time="4.583"/>
  <testcase classname="tests.AI_AgentListTest" name="verifyRecordCountBasedOnSelectedChannelInFilter" time="9.408"/>
  <testcase classname="tests.AI_AgentListTest" name="verifylegendsButtonStatus" time="9.788"/>
  <testcase classname="tests.LoginTest" name="verifyForgetPasswordLinkButton" time="4.369">
    <failure type="java.lang.AssertionError" message="expected not same [https://platform.fonada.ai/] but found [https://platform.fonada.ai/]">
      <![CDATA[java.lang.AssertionError: expected not same [https://platform.fonada.ai/] but found [https://platform.fonada.ai/]
at tests.LoginTest.verifyForgetPasswordLinkButton(LoginTest.java:65)
at java.base/java.util.ArrayList.forEach(ArrayList.java:1511)
... Removed 31 stack frames]]>
    </failure>
  </testcase> <!-- verifyForgetPasswordLinkButton -->
  <testcase classname="tests.RCS_PlatformTest" name="openRCSListPage" time="62.674"/>
  <testcase classname="tests.SignUpTest" name="verify_signUp_User_Functionality" time="4.733">
    <failure type="java.lang.AssertionError" message="Failed to create account expected [true] but found [false]">
      <![CDATA[java.lang.AssertionError: Failed to create account expected [true] but found [false]
at tests.SignUpTest.verify_signUp_User_Functionality(SignUpTest.java:34)
at java.base/java.util.ArrayList.forEach(ArrayList.java:1511)
... Removed 30 stack frames]]>
    </failure>
  </testcase> <!-- verify_signUp_User_Functionality -->
  <testcase classname="tests.SignUpTest" name="verify_signUp_User_Functionality" time="4.605">
    <failure type="java.lang.AssertionError" message="Failed to create account expected [true] but found [false]">
      <![CDATA[java.lang.AssertionError: Failed to create account expected [true] but found [false]
at tests.SignUpTest.verify_signUp_User_Functionality(SignUpTest.java:34)
at java.base/java.util.ArrayList.forEach(ArrayList.java:1511)
... Removed 30 stack frames]]>
    </failure>
  </testcase> <!-- verify_signUp_User_Functionality -->
  <testcase classname="tests.SignUpTest" name="verify_signUp_User_Functionality" time="4.592">
    <failure type="java.lang.AssertionError" message="Failed to create account expected [true] but found [false]">
      <![CDATA[java.lang.AssertionError: Failed to create account expected [true] but found [false]
at tests.SignUpTest.verify_signUp_User_Functionality(SignUpTest.java:34)
at java.base/java.util.ArrayList.forEach(ArrayList.java:1511)
... Removed 30 stack frames]]>
    </failure>
  </testcase> <!-- verify_signUp_User_Functionality -->
  <testcase classname="tests.VerticalMenusTest" name="verifyVerticalMenusListBasedOnRole" time="8.048"/>
  <testcase classname="tests.VerticalMenusTest" name="verifyVerticalMenusListBasedOnRole" time="24.815">
    <failure type="org.openqa.selenium.TimeoutException" message="Expected condition failed: waiting for visibility of all elements located by By.cssSelector: ul[class=&amp;quot;-mx-2 space-y-1&amp;quot;] &amp;gt; li a (tried for 20 second(s) with 500 milliseconds interval)
Build info: version: &amp;apos;4.34.0&amp;apos;, revision: &amp;apos;707dcb4246*&amp;apos;
System info: os.name: &amp;apos;Windows 10&amp;apos;, os.arch: &amp;apos;amd64&amp;apos;, os.version: &amp;apos;10.0&amp;apos;, java.version: &amp;apos;17.0.11&amp;apos;
Driver info: org.openqa.selenium.chrome.ChromeDriver
Capabilities {acceptInsecureCerts: false, browserName: chrome, browserVersion: 138.0.7204.184, chrome: {chromedriverVersion: 137.0.7151.70 (dfa4dc56b2ab..., userDataDir: C:\Users\Biraju\AppData\Loc...}, fedcm:accounts: true, goog:chromeOptions: {debuggerAddress: localhost:64238}, networkConnectionEnabled: false, pageLoadStrategy: normal, platformName: windows, proxy: Proxy(), se:cdp: ws://localhost:64238/devtoo..., se:cdpVersion: 138.0.7204.184, setWindowRect: true, strictFileInteractability: false, timeouts: {implicit: 0, pageLoad: 300000, script: 30000}, unhandledPromptBehavior: dismiss and notify, webauthn:extension:credBlob: true, webauthn:extension:largeBlob: true, webauthn:extension:minPinLength: true, webauthn:extension:prf: true, webauthn:virtualAuthenticators: true}
Session ID: acaf1343eb936af2161a89bb49f8bf69">
      <![CDATA[org.openqa.selenium.TimeoutException: Expected condition failed: waiting for visibility of all elements located by By.cssSelector: ul[class="-mx-2 space-y-1"] > li a (tried for 20 second(s) with 500 milliseconds interval)
Build info: version: '4.34.0', revision: '707dcb4246*'
System info: os.name: 'Windows 10', os.arch: 'amd64', os.version: '10.0', java.version: '17.0.11'
Driver info: org.openqa.selenium.chrome.ChromeDriver
Capabilities {acceptInsecureCerts: false, browserName: chrome, browserVersion: 138.0.7204.184, chrome: {chromedriverVersion: 137.0.7151.70 (dfa4dc56b2ab..., userDataDir: C:\Users\Biraju\AppData\Loc...}, fedcm:accounts: true, goog:chromeOptions: {debuggerAddress: localhost:64238}, networkConnectionEnabled: false, pageLoadStrategy: normal, platformName: windows, proxy: Proxy(), se:cdp: ws://localhost:64238/devtoo..., se:cdpVersion: 138.0.7204.184, setWindowRect: true, strictFileInteractability: false, timeouts: {implicit: 0, pageLoad: 300000, script: 30000}, unhandledPromptBehavior: dismiss and notify, webauthn:extension:credBlob: true, webauthn:extension:largeBlob: true, webauthn:extension:minPinLength: true, webauthn:extension:prf: true, webauthn:virtualAuthenticators: true}
Session ID: acaf1343eb936af2161a89bb49f8bf69
at org.openqa.selenium.support.ui.WebDriverWait.timeoutException(WebDriverWait.java:84)
at org.openqa.selenium.support.ui.FluentWait.until(FluentWait.java:228)
at utility.Util.fetchAllOptions(Util.java:71)
at pages.VerticalMenus.getAllVerticalMenusName(VerticalMenus.java:25)
at tests.VerticalMenusTest.verifyVerticalMenusListBasedOnRole(VerticalMenusTest.java:74)
at java.base/java.util.ArrayList.forEach(ArrayList.java:1511)
... Removed 27 stack frames]]>
    </failure>
  </testcase> <!-- verifyVerticalMenusListBasedOnRole -->
  <testcase classname="tests.BotGenerationTest" name="openCreateNewBotForm" time="21.497">
    <skipped/>
  </testcase> <!-- openCreateNewBotForm -->
  <testcase classname="tests.BotGenerationTest" name="openCreateNewBotForm" time="21.195">
    <skipped/>
  </testcase> <!-- openCreateNewBotForm -->
  <testcase classname="tests.BotGenerationTest" name="openCreateNewBotForm" time="20.898">
    <skipped/>
  </testcase> <!-- openCreateNewBotForm -->
  <testcase classname="tests.BotGenerationTest" name="openCreateNewBotForm" time="20.775">
    <failure type="org.openqa.selenium.ElementClickInterceptedException" message="element click intercepted: Element is not clickable at point (793, -638)
  (Session info: chrome=138.0.7204.184)
Build info: version: &amp;apos;4.34.0&amp;apos;, revision: &amp;apos;707dcb4246*&amp;apos;
System info: os.name: &amp;apos;Windows 10&amp;apos;, os.arch: &amp;apos;amd64&amp;apos;, os.version: &amp;apos;10.0&amp;apos;, java.version: &amp;apos;17.0.11&amp;apos;
Driver info: org.openqa.selenium.chrome.ChromeDriver
Command: [1df9100e24a1652c256ad6cf22b0c1b5, clickElement {id=f.846FD156E9AD514254E5BF829B25F83D.d.A514DD752F314725E646966866CCA7B5.e.315}]
Capabilities {acceptInsecureCerts: false, browserName: chrome, browserVersion: 138.0.7204.184, chrome: {chromedriverVersion: 137.0.7151.70 (dfa4dc56b2ab..., userDataDir: C:\Users\Biraju\AppData\Loc...}, fedcm:accounts: true, goog:chromeOptions: {debuggerAddress: localhost:64292}, networkConnectionEnabled: false, pageLoadStrategy: normal, platformName: windows, proxy: Proxy(), se:cdp: ws://localhost:64292/devtoo..., se:cdpVersion: 138.0.7204.184, setWindowRect: true, strictFileInteractability: false, timeouts: {implicit: 0, pageLoad: 300000, script: 30000}, unhandledPromptBehavior: dismiss and notify, webauthn:extension:credBlob: true, webauthn:extension:largeBlob: true, webauthn:extension:minPinLength: true, webauthn:extension:prf: true, webauthn:virtualAuthenticators: true}
Element: [[ChromeDriver: chrome on windows (1df9100e24a1652c256ad6cf22b0c1b5)] -&amp;gt; xpath: //span[@title=&amp;apos;Groq&amp;apos;]]
Session ID: 1df9100e24a1652c256ad6cf22b0c1b5">
      <![CDATA[org.openqa.selenium.ElementClickInterceptedException: element click intercepted: Element is not clickable at point (793, -638)
  (Session info: chrome=138.0.7204.184)
Build info: version: '4.34.0', revision: '707dcb4246*'
System info: os.name: 'Windows 10', os.arch: 'amd64', os.version: '10.0', java.version: '17.0.11'
Driver info: org.openqa.selenium.chrome.ChromeDriver
Command: [1df9100e24a1652c256ad6cf22b0c1b5, clickElement {id=f.846FD156E9AD514254E5BF829B25F83D.d.A514DD752F314725E646966866CCA7B5.e.315}]
Capabilities {acceptInsecureCerts: false, browserName: chrome, browserVersion: 138.0.7204.184, chrome: {chromedriverVersion: 137.0.7151.70 (dfa4dc56b2ab..., userDataDir: C:\Users\Biraju\AppData\Loc...}, fedcm:accounts: true, goog:chromeOptions: {debuggerAddress: localhost:64292}, networkConnectionEnabled: false, pageLoadStrategy: normal, platformName: windows, proxy: Proxy(), se:cdp: ws://localhost:64292/devtoo..., se:cdpVersion: 138.0.7204.184, setWindowRect: true, strictFileInteractability: false, timeouts: {implicit: 0, pageLoad: 300000, script: 30000}, unhandledPromptBehavior: dismiss and notify, webauthn:extension:credBlob: true, webauthn:extension:largeBlob: true, webauthn:extension:minPinLength: true, webauthn:extension:prf: true, webauthn:virtualAuthenticators: true}
Element: [[ChromeDriver: chrome on windows (1df9100e24a1652c256ad6cf22b0c1b5)] -> xpath: //span[@title='Groq']]
Session ID: 1df9100e24a1652c256ad6cf22b0c1b5
at org.openqa.selenium.remote.ErrorCodec.decode(ErrorCodec.java:167)
at org.openqa.selenium.remote.codec.w3c.W3CHttpResponseCodec.decode(W3CHttpResponseCodec.java:138)
at org.openqa.selenium.remote.codec.w3c.W3CHttpResponseCodec.decode(W3CHttpResponseCodec.java:50)
at org.openqa.selenium.remote.HttpCommandExecutor.execute(HttpCommandExecutor.java:215)
at org.openqa.selenium.remote.service.DriverCommandExecutor.invokeExecute(DriverCommandExecutor.java:216)
at org.openqa.selenium.remote.service.DriverCommandExecutor.execute(DriverCommandExecutor.java:174)
at org.openqa.selenium.remote.RemoteWebDriver.execute(RemoteWebDriver.java:544)
at org.openqa.selenium.remote.RemoteWebElement.execute(RemoteWebElement.java:223)
at org.openqa.selenium.remote.RemoteWebElement.click(RemoteWebElement.java:76)
at utility.Util.onClick(Util.java:32)
at utility.Util.selectValueFromDropDownList(Util.java:87)
at pages.BasicInfoPage.fillBasicInfoOfBOT(BasicInfoPage.java:77)
at tests.BotGenerationTest.openCreateNewBotForm(BotGenerationTest.java:50)
at java.base/java.util.ArrayList.forEach(ArrayList.java:1511)
... Removed 32 stack frames]]>
    </failure>
  </testcase> <!-- openCreateNewBotForm -->
  <testcase classname="tests.BotGenerationTest" name="openCreateNewBotForm" time="20.971">
    <failure type="org.openqa.selenium.ElementClickInterceptedException" message="element click intercepted: Element is not clickable at point (793, -638)
  (Session info: chrome=138.0.7204.184)
Build info: version: &amp;apos;4.34.0&amp;apos;, revision: &amp;apos;707dcb4246*&amp;apos;
System info: os.name: &amp;apos;Windows 10&amp;apos;, os.arch: &amp;apos;amd64&amp;apos;, os.version: &amp;apos;10.0&amp;apos;, java.version: &amp;apos;17.0.11&amp;apos;
Driver info: org.openqa.selenium.chrome.ChromeDriver
Command: [1df9100e24a1652c256ad6cf22b0c1b5, clickElement {id=f.846FD156E9AD514254E5BF829B25F83D.d.A514DD752F314725E646966866CCA7B5.e.381}]
Capabilities {acceptInsecureCerts: false, browserName: chrome, browserVersion: 138.0.7204.184, chrome: {chromedriverVersion: 137.0.7151.70 (dfa4dc56b2ab..., userDataDir: C:\Users\Biraju\AppData\Loc...}, fedcm:accounts: true, goog:chromeOptions: {debuggerAddress: localhost:64292}, networkConnectionEnabled: false, pageLoadStrategy: normal, platformName: windows, proxy: Proxy(), se:cdp: ws://localhost:64292/devtoo..., se:cdpVersion: 138.0.7204.184, setWindowRect: true, strictFileInteractability: false, timeouts: {implicit: 0, pageLoad: 300000, script: 30000}, unhandledPromptBehavior: dismiss and notify, webauthn:extension:credBlob: true, webauthn:extension:largeBlob: true, webauthn:extension:minPinLength: true, webauthn:extension:prf: true, webauthn:virtualAuthenticators: true}
Element: [[ChromeDriver: chrome on windows (1df9100e24a1652c256ad6cf22b0c1b5)] -&amp;gt; xpath: //span[@title=&amp;apos;Groq&amp;apos;]]
Session ID: 1df9100e24a1652c256ad6cf22b0c1b5">
      <![CDATA[org.openqa.selenium.ElementClickInterceptedException: element click intercepted: Element is not clickable at point (793, -638)
  (Session info: chrome=138.0.7204.184)
Build info: version: '4.34.0', revision: '707dcb4246*'
System info: os.name: 'Windows 10', os.arch: 'amd64', os.version: '10.0', java.version: '17.0.11'
Driver info: org.openqa.selenium.chrome.ChromeDriver
Command: [1df9100e24a1652c256ad6cf22b0c1b5, clickElement {id=f.846FD156E9AD514254E5BF829B25F83D.d.A514DD752F314725E646966866CCA7B5.e.381}]
Capabilities {acceptInsecureCerts: false, browserName: chrome, browserVersion: 138.0.7204.184, chrome: {chromedriverVersion: 137.0.7151.70 (dfa4dc56b2ab..., userDataDir: C:\Users\Biraju\AppData\Loc...}, fedcm:accounts: true, goog:chromeOptions: {debuggerAddress: localhost:64292}, networkConnectionEnabled: false, pageLoadStrategy: normal, platformName: windows, proxy: Proxy(), se:cdp: ws://localhost:64292/devtoo..., se:cdpVersion: 138.0.7204.184, setWindowRect: true, strictFileInteractability: false, timeouts: {implicit: 0, pageLoad: 300000, script: 30000}, unhandledPromptBehavior: dismiss and notify, webauthn:extension:credBlob: true, webauthn:extension:largeBlob: true, webauthn:extension:minPinLength: true, webauthn:extension:prf: true, webauthn:virtualAuthenticators: true}
Element: [[ChromeDriver: chrome on windows (1df9100e24a1652c256ad6cf22b0c1b5)] -> xpath: //span[@title='Groq']]
Session ID: 1df9100e24a1652c256ad6cf22b0c1b5
at org.openqa.selenium.remote.ErrorCodec.decode(ErrorCodec.java:167)
at org.openqa.selenium.remote.codec.w3c.W3CHttpResponseCodec.decode(W3CHttpResponseCodec.java:138)
at org.openqa.selenium.remote.codec.w3c.W3CHttpResponseCodec.decode(W3CHttpResponseCodec.java:50)
at org.openqa.selenium.remote.HttpCommandExecutor.execute(HttpCommandExecutor.java:215)
at org.openqa.selenium.remote.service.DriverCommandExecutor.invokeExecute(DriverCommandExecutor.java:216)
at org.openqa.selenium.remote.service.DriverCommandExecutor.execute(DriverCommandExecutor.java:174)
at org.openqa.selenium.remote.RemoteWebDriver.execute(RemoteWebDriver.java:544)
at org.openqa.selenium.remote.RemoteWebElement.execute(RemoteWebElement.java:223)
at org.openqa.selenium.remote.RemoteWebElement.click(RemoteWebElement.java:76)
at utility.Util.onClick(Util.java:32)
at utility.Util.selectValueFromDropDownList(Util.java:87)
at pages.BasicInfoPage.fillBasicInfoOfBOT(BasicInfoPage.java:77)
at tests.BotGenerationTest.openCreateNewBotForm(BotGenerationTest.java:50)
at java.base/java.util.ArrayList.forEach(ArrayList.java:1511)
... Removed 32 stack frames]]>
    </failure>
  </testcase> <!-- openCreateNewBotForm -->
  <testcase classname="tests.BotGenerationTest" name="openCreateNewBotForm" time="51.456">
    <failure type="org.openqa.selenium.TimeoutException" message="Expected condition failed: waiting for element to be clickable: By.cssSelector: div:nth-child(8) div:nth-child(1) div:nth-child(2) div:nth-child(1) div:nth-child(1) div:nth-child(1) div:nth-child(1) span:nth-child(1) span:nth-child(2) (tried for 20 second(s) with 500 milliseconds interval)
Build info: version: &amp;apos;4.34.0&amp;apos;, revision: &amp;apos;707dcb4246*&amp;apos;
System info: os.name: &amp;apos;Windows 10&amp;apos;, os.arch: &amp;apos;amd64&amp;apos;, os.version: &amp;apos;10.0&amp;apos;, java.version: &amp;apos;17.0.11&amp;apos;
Driver info: org.openqa.selenium.chrome.ChromeDriver
Capabilities {acceptInsecureCerts: false, browserName: chrome, browserVersion: 138.0.7204.184, chrome: {chromedriverVersion: 137.0.7151.70 (dfa4dc56b2ab..., userDataDir: C:\Users\Biraju\AppData\Loc...}, fedcm:accounts: true, goog:chromeOptions: {debuggerAddress: localhost:64292}, networkConnectionEnabled: false, pageLoadStrategy: normal, platformName: windows, proxy: Proxy(), se:cdp: ws://localhost:64292/devtoo..., se:cdpVersion: 138.0.7204.184, setWindowRect: true, strictFileInteractability: false, timeouts: {implicit: 0, pageLoad: 300000, script: 30000}, unhandledPromptBehavior: dismiss and notify, webauthn:extension:credBlob: true, webauthn:extension:largeBlob: true, webauthn:extension:minPinLength: true, webauthn:extension:prf: true, webauthn:virtualAuthenticators: true}
Session ID: 1df9100e24a1652c256ad6cf22b0c1b5">
      <![CDATA[org.openqa.selenium.TimeoutException: Expected condition failed: waiting for element to be clickable: By.cssSelector: div:nth-child(8) div:nth-child(1) div:nth-child(2) div:nth-child(1) div:nth-child(1) div:nth-child(1) div:nth-child(1) span:nth-child(1) span:nth-child(2) (tried for 20 second(s) with 500 milliseconds interval)
Build info: version: '4.34.0', revision: '707dcb4246*'
System info: os.name: 'Windows 10', os.arch: 'amd64', os.version: '10.0', java.version: '17.0.11'
Driver info: org.openqa.selenium.chrome.ChromeDriver
Capabilities {acceptInsecureCerts: false, browserName: chrome, browserVersion: 138.0.7204.184, chrome: {chromedriverVersion: 137.0.7151.70 (dfa4dc56b2ab..., userDataDir: C:\Users\Biraju\AppData\Loc...}, fedcm:accounts: true, goog:chromeOptions: {debuggerAddress: localhost:64292}, networkConnectionEnabled: false, pageLoadStrategy: normal, platformName: windows, proxy: Proxy(), se:cdp: ws://localhost:64292/devtoo..., se:cdpVersion: 138.0.7204.184, setWindowRect: true, strictFileInteractability: false, timeouts: {implicit: 0, pageLoad: 300000, script: 30000}, unhandledPromptBehavior: dismiss and notify, webauthn:extension:credBlob: true, webauthn:extension:largeBlob: true, webauthn:extension:minPinLength: true, webauthn:extension:prf: true, webauthn:virtualAuthenticators: true}
Session ID: 1df9100e24a1652c256ad6cf22b0c1b5
at org.openqa.selenium.support.ui.WebDriverWait.timeoutException(WebDriverWait.java:84)
at org.openqa.selenium.support.ui.FluentWait.until(FluentWait.java:228)
at utility.Util.onClick(Util.java:32)
at utility.Util.selectValueFromDropDownList(Util.java:87)
at pages.BasicInfoPage.fillBasicInfoOfBOT(BasicInfoPage.java:78)
at tests.BotGenerationTest.openCreateNewBotForm(BotGenerationTest.java:50)
at java.base/java.util.ArrayList.forEach(ArrayList.java:1511)
... Removed 27 stack frames]]>
    </failure>
  </testcase> <!-- openCreateNewBotForm -->
  <testcase classname="tests.BotGenerationTest" name="openCreateNewBotForm" time="53.23">
    <failure type="org.openqa.selenium.ElementClickInterceptedException" message="element click intercepted: Element &amp;lt;span&amp;gt;...&amp;lt;/span&amp;gt; is not clickable at point (1227, 509). Other element would receive the click: &amp;lt;button type=&amp;quot;button&amp;quot; class=&amp;quot;ant-btn css-7t2xvq ant-btn-primary ant-btn-color-primary ant-btn-variant-solid ant-btn-lg&amp;quot; disabled=&amp;quot;&amp;quot; style=&amp;quot;border-radius: 8px; height: 48px; padding-left: 32px; padding-right: 32px; font-size: 16px;&amp;quot;&amp;gt;...&amp;lt;/button&amp;gt;
  (Session info: chrome=138.0.7204.184)
Build info: version: &amp;apos;4.34.0&amp;apos;, revision: &amp;apos;707dcb4246*&amp;apos;
System info: os.name: &amp;apos;Windows 10&amp;apos;, os.arch: &amp;apos;amd64&amp;apos;, os.version: &amp;apos;10.0&amp;apos;, java.version: &amp;apos;17.0.11&amp;apos;
Driver info: org.openqa.selenium.chrome.ChromeDriver
Command: [1df9100e24a1652c256ad6cf22b0c1b5, clickElement {id=f.846FD156E9AD514254E5BF829B25F83D.d.A514DD752F314725E646966866CCA7B5.e.531}]
Capabilities {acceptInsecureCerts: false, browserName: chrome, browserVersion: 138.0.7204.184, chrome: {chromedriverVersion: 137.0.7151.70 (dfa4dc56b2ab..., userDataDir: C:\Users\Biraju\AppData\Loc...}, fedcm:accounts: true, goog:chromeOptions: {debuggerAddress: localhost:64292}, networkConnectionEnabled: false, pageLoadStrategy: normal, platformName: windows, proxy: Proxy(), se:cdp: ws://localhost:64292/devtoo..., se:cdpVersion: 138.0.7204.184, setWindowRect: true, strictFileInteractability: false, timeouts: {implicit: 0, pageLoad: 300000, script: 30000}, unhandledPromptBehavior: dismiss and notify, webauthn:extension:credBlob: true, webauthn:extension:largeBlob: true, webauthn:extension:minPinLength: true, webauthn:extension:prf: true, webauthn:virtualAuthenticators: true}
Element: [[ChromeDriver: chrome on windows (1df9100e24a1652c256ad6cf22b0c1b5)] -&amp;gt; xpath: //span[text()=&amp;quot;Next Step&amp;quot;]]
Session ID: 1df9100e24a1652c256ad6cf22b0c1b5">
      <![CDATA[org.openqa.selenium.ElementClickInterceptedException: element click intercepted: Element <span>...</span> is not clickable at point (1227, 509). Other element would receive the click: <button type="button" class="ant-btn css-7t2xvq ant-btn-primary ant-btn-color-primary ant-btn-variant-solid ant-btn-lg" disabled="" style="border-radius: 8px; height: 48px; padding-left: 32px; padding-right: 32px; font-size: 16px;">...</button>
  (Session info: chrome=138.0.7204.184)
Build info: version: '4.34.0', revision: '707dcb4246*'
System info: os.name: 'Windows 10', os.arch: 'amd64', os.version: '10.0', java.version: '17.0.11'
Driver info: org.openqa.selenium.chrome.ChromeDriver
Command: [1df9100e24a1652c256ad6cf22b0c1b5, clickElement {id=f.846FD156E9AD514254E5BF829B25F83D.d.A514DD752F314725E646966866CCA7B5.e.531}]
Capabilities {acceptInsecureCerts: false, browserName: chrome, browserVersion: 138.0.7204.184, chrome: {chromedriverVersion: 137.0.7151.70 (dfa4dc56b2ab..., userDataDir: C:\Users\Biraju\AppData\Loc...}, fedcm:accounts: true, goog:chromeOptions: {debuggerAddress: localhost:64292}, networkConnectionEnabled: false, pageLoadStrategy: normal, platformName: windows, proxy: Proxy(), se:cdp: ws://localhost:64292/devtoo..., se:cdpVersion: 138.0.7204.184, setWindowRect: true, strictFileInteractability: false, timeouts: {implicit: 0, pageLoad: 300000, script: 30000}, unhandledPromptBehavior: dismiss and notify, webauthn:extension:credBlob: true, webauthn:extension:largeBlob: true, webauthn:extension:minPinLength: true, webauthn:extension:prf: true, webauthn:virtualAuthenticators: true}
Element: [[ChromeDriver: chrome on windows (1df9100e24a1652c256ad6cf22b0c1b5)] -> xpath: //span[text()="Next Step"]]
Session ID: 1df9100e24a1652c256ad6cf22b0c1b5
at org.openqa.selenium.remote.ErrorCodec.decode(ErrorCodec.java:167)
at org.openqa.selenium.remote.codec.w3c.W3CHttpResponseCodec.decode(W3CHttpResponseCodec.java:138)
at org.openqa.selenium.remote.codec.w3c.W3CHttpResponseCodec.decode(W3CHttpResponseCodec.java:50)
at org.openqa.selenium.remote.HttpCommandExecutor.execute(HttpCommandExecutor.java:215)
at org.openqa.selenium.remote.service.DriverCommandExecutor.invokeExecute(DriverCommandExecutor.java:216)
at org.openqa.selenium.remote.service.DriverCommandExecutor.execute(DriverCommandExecutor.java:174)
at org.openqa.selenium.remote.RemoteWebDriver.execute(RemoteWebDriver.java:544)
at org.openqa.selenium.remote.RemoteWebElement.execute(RemoteWebElement.java:223)
at org.openqa.selenium.remote.RemoteWebElement.click(RemoteWebElement.java:76)
at utility.Util.onClick(Util.java:32)
at pages.KnowledgeBasePage.clickOnNextStepButton(KnowledgeBasePage.java:23)
at tests.BotGenerationTest.openCreateNewBotForm(BotGenerationTest.java:50)
at java.base/java.util.ArrayList.forEach(ArrayList.java:1511)
... Removed 32 stack frames]]>
    </failure>
  </testcase> <!-- openCreateNewBotForm -->
  <testcase classname="tests.BotGenerationTest" name="openCreateNewBotForm" time="53.141">
    <failure type="org.openqa.selenium.ElementClickInterceptedException" message="element click intercepted: Element &amp;lt;span&amp;gt;...&amp;lt;/span&amp;gt; is not clickable at point (1227, 509). Other element would receive the click: &amp;lt;button type=&amp;quot;button&amp;quot; class=&amp;quot;ant-btn css-7t2xvq ant-btn-primary ant-btn-color-primary ant-btn-variant-solid ant-btn-lg&amp;quot; disabled=&amp;quot;&amp;quot; style=&amp;quot;border-radius: 8px; height: 48px; padding-left: 32px; padding-right: 32px; font-size: 16px;&amp;quot;&amp;gt;...&amp;lt;/button&amp;gt;
  (Session info: chrome=138.0.7204.184)
Build info: version: &amp;apos;4.34.0&amp;apos;, revision: &amp;apos;707dcb4246*&amp;apos;
System info: os.name: &amp;apos;Windows 10&amp;apos;, os.arch: &amp;apos;amd64&amp;apos;, os.version: &amp;apos;10.0&amp;apos;, java.version: &amp;apos;17.0.11&amp;apos;
Driver info: org.openqa.selenium.chrome.ChromeDriver
Command: [1df9100e24a1652c256ad6cf22b0c1b5, clickElement {id=f.846FD156E9AD514254E5BF829B25F83D.d.A514DD752F314725E646966866CCA7B5.e.614}]
Capabilities {acceptInsecureCerts: false, browserName: chrome, browserVersion: 138.0.7204.184, chrome: {chromedriverVersion: 137.0.7151.70 (dfa4dc56b2ab..., userDataDir: C:\Users\Biraju\AppData\Loc...}, fedcm:accounts: true, goog:chromeOptions: {debuggerAddress: localhost:64292}, networkConnectionEnabled: false, pageLoadStrategy: normal, platformName: windows, proxy: Proxy(), se:cdp: ws://localhost:64292/devtoo..., se:cdpVersion: 138.0.7204.184, setWindowRect: true, strictFileInteractability: false, timeouts: {implicit: 0, pageLoad: 300000, script: 30000}, unhandledPromptBehavior: dismiss and notify, webauthn:extension:credBlob: true, webauthn:extension:largeBlob: true, webauthn:extension:minPinLength: true, webauthn:extension:prf: true, webauthn:virtualAuthenticators: true}
Element: [[ChromeDriver: chrome on windows (1df9100e24a1652c256ad6cf22b0c1b5)] -&amp;gt; xpath: //span[text()=&amp;quot;Next Step&amp;quot;]]
Session ID: 1df9100e24a1652c256ad6cf22b0c1b5">
      <![CDATA[org.openqa.selenium.ElementClickInterceptedException: element click intercepted: Element <span>...</span> is not clickable at point (1227, 509). Other element would receive the click: <button type="button" class="ant-btn css-7t2xvq ant-btn-primary ant-btn-color-primary ant-btn-variant-solid ant-btn-lg" disabled="" style="border-radius: 8px; height: 48px; padding-left: 32px; padding-right: 32px; font-size: 16px;">...</button>
  (Session info: chrome=138.0.7204.184)
Build info: version: '4.34.0', revision: '707dcb4246*'
System info: os.name: 'Windows 10', os.arch: 'amd64', os.version: '10.0', java.version: '17.0.11'
Driver info: org.openqa.selenium.chrome.ChromeDriver
Command: [1df9100e24a1652c256ad6cf22b0c1b5, clickElement {id=f.846FD156E9AD514254E5BF829B25F83D.d.A514DD752F314725E646966866CCA7B5.e.614}]
Capabilities {acceptInsecureCerts: false, browserName: chrome, browserVersion: 138.0.7204.184, chrome: {chromedriverVersion: 137.0.7151.70 (dfa4dc56b2ab..., userDataDir: C:\Users\Biraju\AppData\Loc...}, fedcm:accounts: true, goog:chromeOptions: {debuggerAddress: localhost:64292}, networkConnectionEnabled: false, pageLoadStrategy: normal, platformName: windows, proxy: Proxy(), se:cdp: ws://localhost:64292/devtoo..., se:cdpVersion: 138.0.7204.184, setWindowRect: true, strictFileInteractability: false, timeouts: {implicit: 0, pageLoad: 300000, script: 30000}, unhandledPromptBehavior: dismiss and notify, webauthn:extension:credBlob: true, webauthn:extension:largeBlob: true, webauthn:extension:minPinLength: true, webauthn:extension:prf: true, webauthn:virtualAuthenticators: true}
Element: [[ChromeDriver: chrome on windows (1df9100e24a1652c256ad6cf22b0c1b5)] -> xpath: //span[text()="Next Step"]]
Session ID: 1df9100e24a1652c256ad6cf22b0c1b5
at org.openqa.selenium.remote.ErrorCodec.decode(ErrorCodec.java:167)
at org.openqa.selenium.remote.codec.w3c.W3CHttpResponseCodec.decode(W3CHttpResponseCodec.java:138)
at org.openqa.selenium.remote.codec.w3c.W3CHttpResponseCodec.decode(W3CHttpResponseCodec.java:50)
at org.openqa.selenium.remote.HttpCommandExecutor.execute(HttpCommandExecutor.java:215)
at org.openqa.selenium.remote.service.DriverCommandExecutor.invokeExecute(DriverCommandExecutor.java:216)
at org.openqa.selenium.remote.service.DriverCommandExecutor.execute(DriverCommandExecutor.java:174)
at org.openqa.selenium.remote.RemoteWebDriver.execute(RemoteWebDriver.java:544)
at org.openqa.selenium.remote.RemoteWebElement.execute(RemoteWebElement.java:223)
at org.openqa.selenium.remote.RemoteWebElement.click(RemoteWebElement.java:76)
at utility.Util.onClick(Util.java:32)
at pages.KnowledgeBasePage.clickOnNextStepButton(KnowledgeBasePage.java:23)
at tests.BotGenerationTest.openCreateNewBotForm(BotGenerationTest.java:50)
at java.base/java.util.ArrayList.forEach(ArrayList.java:1511)
... Removed 32 stack frames]]>
    </failure>
  </testcase> <!-- openCreateNewBotForm -->
  <testcase classname="tests.BotGenerationTest" name="verifyAllBotGeneration" time="37.972">
    <failure type="org.openqa.selenium.TimeoutException" message="Expected condition failed: waiting for element to be clickable: By.cssSelector: input#agent_type (tried for 20 second(s) with 500 milliseconds interval)
Build info: version: &amp;apos;4.34.0&amp;apos;, revision: &amp;apos;707dcb4246*&amp;apos;
System info: os.name: &amp;apos;Windows 10&amp;apos;, os.arch: &amp;apos;amd64&amp;apos;, os.version: &amp;apos;10.0&amp;apos;, java.version: &amp;apos;17.0.11&amp;apos;
Driver info: org.openqa.selenium.chrome.ChromeDriver
Capabilities {acceptInsecureCerts: false, browserName: chrome, browserVersion: 138.0.7204.184, chrome: {chromedriverVersion: 137.0.7151.70 (dfa4dc56b2ab..., userDataDir: C:\Users\Biraju\AppData\Loc...}, fedcm:accounts: true, goog:chromeOptions: {debuggerAddress: localhost:64292}, networkConnectionEnabled: false, pageLoadStrategy: normal, platformName: windows, proxy: Proxy(), se:cdp: ws://localhost:64292/devtoo..., se:cdpVersion: 138.0.7204.184, setWindowRect: true, strictFileInteractability: false, timeouts: {implicit: 0, pageLoad: 300000, script: 30000}, unhandledPromptBehavior: dismiss and notify, webauthn:extension:credBlob: true, webauthn:extension:largeBlob: true, webauthn:extension:minPinLength: true, webauthn:extension:prf: true, webauthn:virtualAuthenticators: true}
Session ID: 1df9100e24a1652c256ad6cf22b0c1b5">
      <![CDATA[org.openqa.selenium.TimeoutException: Expected condition failed: waiting for element to be clickable: By.cssSelector: input#agent_type (tried for 20 second(s) with 500 milliseconds interval)
Build info: version: '4.34.0', revision: '707dcb4246*'
System info: os.name: 'Windows 10', os.arch: 'amd64', os.version: '10.0', java.version: '17.0.11'
Driver info: org.openqa.selenium.chrome.ChromeDriver
Capabilities {acceptInsecureCerts: false, browserName: chrome, browserVersion: 138.0.7204.184, chrome: {chromedriverVersion: 137.0.7151.70 (dfa4dc56b2ab..., userDataDir: C:\Users\Biraju\AppData\Loc...}, fedcm:accounts: true, goog:chromeOptions: {debuggerAddress: localhost:64292}, networkConnectionEnabled: false, pageLoadStrategy: normal, platformName: windows, proxy: Proxy(), se:cdp: ws://localhost:64292/devtoo..., se:cdpVersion: 138.0.7204.184, setWindowRect: true, strictFileInteractability: false, timeouts: {implicit: 0, pageLoad: 300000, script: 30000}, unhandledPromptBehavior: dismiss and notify, webauthn:extension:credBlob: true, webauthn:extension:largeBlob: true, webauthn:extension:minPinLength: true, webauthn:extension:prf: true, webauthn:virtualAuthenticators: true}
Session ID: 1df9100e24a1652c256ad6cf22b0c1b5
at org.openqa.selenium.support.ui.WebDriverWait.timeoutException(WebDriverWait.java:84)
at org.openqa.selenium.support.ui.FluentWait.until(FluentWait.java:228)
at utility.Util.onClick(Util.java:32)
at utility.Util.selectValueFromDropDownList(Util.java:87)
at pages.BasicInfoPage.fillBasicInfoOfBOTDynamic(BasicInfoPage.java:139)
at tests.BotGenerationTest.verifyAllBotGeneration(BotGenerationTest.java:58)
at java.base/java.util.ArrayList.forEach(ArrayList.java:1511)
... Removed 27 stack frames]]>
    </failure>
  </testcase> <!-- verifyAllBotGeneration -->
  <testcase classname="tests.BotGenerationTest" name="verifyAllBotGeneration" time="30.251">
    <failure type="org.openqa.selenium.ElementClickInterceptedException" message="element click intercepted: Element is not clickable at point (793, 746)
  (Session info: chrome=138.0.7204.184)
Build info: version: &amp;apos;4.34.0&amp;apos;, revision: &amp;apos;707dcb4246*&amp;apos;
System info: os.name: &amp;apos;Windows 10&amp;apos;, os.arch: &amp;apos;amd64&amp;apos;, os.version: &amp;apos;10.0&amp;apos;, java.version: &amp;apos;17.0.11&amp;apos;
Driver info: org.openqa.selenium.chrome.ChromeDriver
Command: [1df9100e24a1652c256ad6cf22b0c1b5, clickElement {id=f.846FD156E9AD514254E5BF829B25F83D.d.A514DD752F314725E646966866CCA7B5.e.738}]
Capabilities {acceptInsecureCerts: false, browserName: chrome, browserVersion: 138.0.7204.184, chrome: {chromedriverVersion: 137.0.7151.70 (dfa4dc56b2ab..., userDataDir: C:\Users\Biraju\AppData\Loc...}, fedcm:accounts: true, goog:chromeOptions: {debuggerAddress: localhost:64292}, networkConnectionEnabled: false, pageLoadStrategy: normal, platformName: windows, proxy: Proxy(), se:cdp: ws://localhost:64292/devtoo..., se:cdpVersion: 138.0.7204.184, setWindowRect: true, strictFileInteractability: false, timeouts: {implicit: 0, pageLoad: 300000, script: 30000}, unhandledPromptBehavior: dismiss and notify, webauthn:extension:credBlob: true, webauthn:extension:largeBlob: true, webauthn:extension:minPinLength: true, webauthn:extension:prf: true, webauthn:virtualAuthenticators: true}
Element: [[ChromeDriver: chrome on windows (1df9100e24a1652c256ad6cf22b0c1b5)] -&amp;gt; css selector: div:nth-child(8) div:nth-child(1) div:nth-child(2) div:nth-child(1) div:nth-child(1) div:nth-child(1) div:nth-child(1) span:nth-child(1) span:nth-child(2)]
Session ID: 1df9100e24a1652c256ad6cf22b0c1b5">
      <![CDATA[org.openqa.selenium.ElementClickInterceptedException: element click intercepted: Element is not clickable at point (793, 746)
  (Session info: chrome=138.0.7204.184)
Build info: version: '4.34.0', revision: '707dcb4246*'
System info: os.name: 'Windows 10', os.arch: 'amd64', os.version: '10.0', java.version: '17.0.11'
Driver info: org.openqa.selenium.chrome.ChromeDriver
Command: [1df9100e24a1652c256ad6cf22b0c1b5, clickElement {id=f.846FD156E9AD514254E5BF829B25F83D.d.A514DD752F314725E646966866CCA7B5.e.738}]
Capabilities {acceptInsecureCerts: false, browserName: chrome, browserVersion: 138.0.7204.184, chrome: {chromedriverVersion: 137.0.7151.70 (dfa4dc56b2ab..., userDataDir: C:\Users\Biraju\AppData\Loc...}, fedcm:accounts: true, goog:chromeOptions: {debuggerAddress: localhost:64292}, networkConnectionEnabled: false, pageLoadStrategy: normal, platformName: windows, proxy: Proxy(), se:cdp: ws://localhost:64292/devtoo..., se:cdpVersion: 138.0.7204.184, setWindowRect: true, strictFileInteractability: false, timeouts: {implicit: 0, pageLoad: 300000, script: 30000}, unhandledPromptBehavior: dismiss and notify, webauthn:extension:credBlob: true, webauthn:extension:largeBlob: true, webauthn:extension:minPinLength: true, webauthn:extension:prf: true, webauthn:virtualAuthenticators: true}
Element: [[ChromeDriver: chrome on windows (1df9100e24a1652c256ad6cf22b0c1b5)] -> css selector: div:nth-child(8) div:nth-child(1) div:nth-child(2) div:nth-child(1) div:nth-child(1) div:nth-child(1) div:nth-child(1) span:nth-child(1) span:nth-child(2)]
Session ID: 1df9100e24a1652c256ad6cf22b0c1b5
at org.openqa.selenium.remote.ErrorCodec.decode(ErrorCodec.java:167)
at org.openqa.selenium.remote.codec.w3c.W3CHttpResponseCodec.decode(W3CHttpResponseCodec.java:138)
at org.openqa.selenium.remote.codec.w3c.W3CHttpResponseCodec.decode(W3CHttpResponseCodec.java:50)
at org.openqa.selenium.remote.HttpCommandExecutor.execute(HttpCommandExecutor.java:215)
at org.openqa.selenium.remote.service.DriverCommandExecutor.invokeExecute(DriverCommandExecutor.java:216)
at org.openqa.selenium.remote.service.DriverCommandExecutor.execute(DriverCommandExecutor.java:174)
at org.openqa.selenium.remote.RemoteWebDriver.execute(RemoteWebDriver.java:544)
at org.openqa.selenium.remote.RemoteWebElement.execute(RemoteWebElement.java:223)
at org.openqa.selenium.remote.RemoteWebElement.click(RemoteWebElement.java:76)
at utility.Util.onClick(Util.java:32)
at utility.Util.selectValueFromDropDownList(Util.java:87)
at pages.BasicInfoPage.fillBasicInfoOfBOTDynamic(BasicInfoPage.java:121)
at tests.BotGenerationTest.verifyAllBotGeneration(BotGenerationTest.java:58)
at java.base/java.util.ArrayList.forEach(ArrayList.java:1511)
... Removed 32 stack frames]]>
    </failure>
  </testcase> <!-- verifyAllBotGeneration -->
  <testcase classname="tests.BotGenerationTest" name="verifyAllBotGeneration" time="48.635">
    <failure type="org.openqa.selenium.TimeoutException" message="Expected condition failed: waiting for element to be clickable: By.cssSelector: div:nth-child(8) div:nth-child(1) div:nth-child(2) div:nth-child(1) div:nth-child(1) div:nth-child(1) div:nth-child(1) span:nth-child(1) span:nth-child(2) (tried for 20 second(s) with 500 milliseconds interval)
Build info: version: &amp;apos;4.34.0&amp;apos;, revision: &amp;apos;707dcb4246*&amp;apos;
System info: os.name: &amp;apos;Windows 10&amp;apos;, os.arch: &amp;apos;amd64&amp;apos;, os.version: &amp;apos;10.0&amp;apos;, java.version: &amp;apos;17.0.11&amp;apos;
Driver info: org.openqa.selenium.chrome.ChromeDriver
Capabilities {acceptInsecureCerts: false, browserName: chrome, browserVersion: 138.0.7204.184, chrome: {chromedriverVersion: 137.0.7151.70 (dfa4dc56b2ab..., userDataDir: C:\Users\Biraju\AppData\Loc...}, fedcm:accounts: true, goog:chromeOptions: {debuggerAddress: localhost:64292}, networkConnectionEnabled: false, pageLoadStrategy: normal, platformName: windows, proxy: Proxy(), se:cdp: ws://localhost:64292/devtoo..., se:cdpVersion: 138.0.7204.184, setWindowRect: true, strictFileInteractability: false, timeouts: {implicit: 0, pageLoad: 300000, script: 30000}, unhandledPromptBehavior: dismiss and notify, webauthn:extension:credBlob: true, webauthn:extension:largeBlob: true, webauthn:extension:minPinLength: true, webauthn:extension:prf: true, webauthn:virtualAuthenticators: true}
Session ID: 1df9100e24a1652c256ad6cf22b0c1b5">
      <![CDATA[org.openqa.selenium.TimeoutException: Expected condition failed: waiting for element to be clickable: By.cssSelector: div:nth-child(8) div:nth-child(1) div:nth-child(2) div:nth-child(1) div:nth-child(1) div:nth-child(1) div:nth-child(1) span:nth-child(1) span:nth-child(2) (tried for 20 second(s) with 500 milliseconds interval)
Build info: version: '4.34.0', revision: '707dcb4246*'
System info: os.name: 'Windows 10', os.arch: 'amd64', os.version: '10.0', java.version: '17.0.11'
Driver info: org.openqa.selenium.chrome.ChromeDriver
Capabilities {acceptInsecureCerts: false, browserName: chrome, browserVersion: 138.0.7204.184, chrome: {chromedriverVersion: 137.0.7151.70 (dfa4dc56b2ab..., userDataDir: C:\Users\Biraju\AppData\Loc...}, fedcm:accounts: true, goog:chromeOptions: {debuggerAddress: localhost:64292}, networkConnectionEnabled: false, pageLoadStrategy: normal, platformName: windows, proxy: Proxy(), se:cdp: ws://localhost:64292/devtoo..., se:cdpVersion: 138.0.7204.184, setWindowRect: true, strictFileInteractability: false, timeouts: {implicit: 0, pageLoad: 300000, script: 30000}, unhandledPromptBehavior: dismiss and notify, webauthn:extension:credBlob: true, webauthn:extension:largeBlob: true, webauthn:extension:minPinLength: true, webauthn:extension:prf: true, webauthn:virtualAuthenticators: true}
Session ID: 1df9100e24a1652c256ad6cf22b0c1b5
at org.openqa.selenium.support.ui.WebDriverWait.timeoutException(WebDriverWait.java:84)
at org.openqa.selenium.support.ui.FluentWait.until(FluentWait.java:228)
at utility.Util.onClick(Util.java:32)
at utility.Util.selectValueFromDropDownList(Util.java:87)
at pages.BasicInfoPage.fillBasicInfoOfBOTDynamic(BasicInfoPage.java:106)
at tests.BotGenerationTest.verifyAllBotGeneration(BotGenerationTest.java:58)
at java.base/java.util.ArrayList.forEach(ArrayList.java:1511)
... Removed 27 stack frames]]>
    </failure>
  </testcase> <!-- verifyAllBotGeneration -->
  <testcase classname="tests.BotGenerationTest" name="verifyAllBotGeneration" time="37.097">
    <failure type="org.openqa.selenium.TimeoutException" message="Expected condition failed: waiting for visibility of [[ChromeDriver: chrome on windows (1df9100e24a1652c256ad6cf22b0c1b5)] -&amp;gt; css selector: input#agent_type] (tried for 20 second(s) with 500 milliseconds interval)
Build info: version: &amp;apos;4.34.0&amp;apos;, revision: &amp;apos;707dcb4246*&amp;apos;
System info: os.name: &amp;apos;Windows 10&amp;apos;, os.arch: &amp;apos;amd64&amp;apos;, os.version: &amp;apos;10.0&amp;apos;, java.version: &amp;apos;17.0.11&amp;apos;
Driver info: org.openqa.selenium.chrome.ChromeDriver
Capabilities {acceptInsecureCerts: false, browserName: chrome, browserVersion: 138.0.7204.184, chrome: {chromedriverVersion: 137.0.7151.70 (dfa4dc56b2ab..., userDataDir: C:\Users\Biraju\AppData\Loc...}, fedcm:accounts: true, goog:chromeOptions: {debuggerAddress: localhost:64292}, networkConnectionEnabled: false, pageLoadStrategy: normal, platformName: windows, proxy: Proxy(), se:cdp: ws://localhost:64292/devtoo..., se:cdpVersion: 138.0.7204.184, setWindowRect: true, strictFileInteractability: false, timeouts: {implicit: 0, pageLoad: 300000, script: 30000}, unhandledPromptBehavior: dismiss and notify, webauthn:extension:credBlob: true, webauthn:extension:largeBlob: true, webauthn:extension:minPinLength: true, webauthn:extension:prf: true, webauthn:virtualAuthenticators: true}
Session ID: 1df9100e24a1652c256ad6cf22b0c1b5">
      <![CDATA[org.openqa.selenium.TimeoutException: Expected condition failed: waiting for visibility of [[ChromeDriver: chrome on windows (1df9100e24a1652c256ad6cf22b0c1b5)] -> css selector: input#agent_type] (tried for 20 second(s) with 500 milliseconds interval)
Build info: version: '4.34.0', revision: '707dcb4246*'
System info: os.name: 'Windows 10', os.arch: 'amd64', os.version: '10.0', java.version: '17.0.11'
Driver info: org.openqa.selenium.chrome.ChromeDriver
Capabilities {acceptInsecureCerts: false, browserName: chrome, browserVersion: 138.0.7204.184, chrome: {chromedriverVersion: 137.0.7151.70 (dfa4dc56b2ab..., userDataDir: C:\Users\Biraju\AppData\Loc...}, fedcm:accounts: true, goog:chromeOptions: {debuggerAddress: localhost:64292}, networkConnectionEnabled: false, pageLoadStrategy: normal, platformName: windows, proxy: Proxy(), se:cdp: ws://localhost:64292/devtoo..., se:cdpVersion: 138.0.7204.184, setWindowRect: true, strictFileInteractability: false, timeouts: {implicit: 0, pageLoad: 300000, script: 30000}, unhandledPromptBehavior: dismiss and notify, webauthn:extension:credBlob: true, webauthn:extension:largeBlob: true, webauthn:extension:minPinLength: true, webauthn:extension:prf: true, webauthn:virtualAuthenticators: true}
Session ID: 1df9100e24a1652c256ad6cf22b0c1b5
at org.openqa.selenium.support.ui.WebDriverWait.timeoutException(WebDriverWait.java:84)
at org.openqa.selenium.support.ui.FluentWait.until(FluentWait.java:228)
at utility.Util.scrollTillView(Util.java:131)
at pages.BasicInfoPage.fillBasicInfoOfBOTDynamic(BasicInfoPage.java:162)
at tests.BotGenerationTest.verifyAllBotGeneration(BotGenerationTest.java:58)
at java.base/java.util.ArrayList.forEach(ArrayList.java:1511)
... Removed 27 stack frames]]>
    </failure>
  </testcase> <!-- verifyAllBotGeneration -->
  <testcase classname="tests.BotGenerationTest" name="verifyAllBotGeneration" time="59.378">
    <failure type="org.openqa.selenium.ElementClickInterceptedException" message="element click intercepted: Element &amp;lt;span&amp;gt;...&amp;lt;/span&amp;gt; is not clickable at point (1227, 509). Other element would receive the click: &amp;lt;button type=&amp;quot;button&amp;quot; class=&amp;quot;ant-btn css-7t2xvq ant-btn-primary ant-btn-color-primary ant-btn-variant-solid ant-btn-lg&amp;quot; disabled=&amp;quot;&amp;quot; style=&amp;quot;border-radius: 8px; height: 48px; padding-left: 32px; padding-right: 32px; font-size: 16px;&amp;quot;&amp;gt;...&amp;lt;/button&amp;gt;
  (Session info: chrome=138.0.7204.184)
Build info: version: &amp;apos;4.34.0&amp;apos;, revision: &amp;apos;707dcb4246*&amp;apos;
System info: os.name: &amp;apos;Windows 10&amp;apos;, os.arch: &amp;apos;amd64&amp;apos;, os.version: &amp;apos;10.0&amp;apos;, java.version: &amp;apos;17.0.11&amp;apos;
Driver info: org.openqa.selenium.chrome.ChromeDriver
Command: [1df9100e24a1652c256ad6cf22b0c1b5, clickElement {id=f.846FD156E9AD514254E5BF829B25F83D.d.A514DD752F314725E646966866CCA7B5.e.938}]
Capabilities {acceptInsecureCerts: false, browserName: chrome, browserVersion: 138.0.7204.184, chrome: {chromedriverVersion: 137.0.7151.70 (dfa4dc56b2ab..., userDataDir: C:\Users\Biraju\AppData\Loc...}, fedcm:accounts: true, goog:chromeOptions: {debuggerAddress: localhost:64292}, networkConnectionEnabled: false, pageLoadStrategy: normal, platformName: windows, proxy: Proxy(), se:cdp: ws://localhost:64292/devtoo..., se:cdpVersion: 138.0.7204.184, setWindowRect: true, strictFileInteractability: false, timeouts: {implicit: 0, pageLoad: 300000, script: 30000}, unhandledPromptBehavior: dismiss and notify, webauthn:extension:credBlob: true, webauthn:extension:largeBlob: true, webauthn:extension:minPinLength: true, webauthn:extension:prf: true, webauthn:virtualAuthenticators: true}
Element: [[ChromeDriver: chrome on windows (1df9100e24a1652c256ad6cf22b0c1b5)] -&amp;gt; xpath: //span[text()=&amp;quot;Next Step&amp;quot;]]
Session ID: 1df9100e24a1652c256ad6cf22b0c1b5">
      <![CDATA[org.openqa.selenium.ElementClickInterceptedException: element click intercepted: Element <span>...</span> is not clickable at point (1227, 509). Other element would receive the click: <button type="button" class="ant-btn css-7t2xvq ant-btn-primary ant-btn-color-primary ant-btn-variant-solid ant-btn-lg" disabled="" style="border-radius: 8px; height: 48px; padding-left: 32px; padding-right: 32px; font-size: 16px;">...</button>
  (Session info: chrome=138.0.7204.184)
Build info: version: '4.34.0', revision: '707dcb4246*'
System info: os.name: 'Windows 10', os.arch: 'amd64', os.version: '10.0', java.version: '17.0.11'
Driver info: org.openqa.selenium.chrome.ChromeDriver
Command: [1df9100e24a1652c256ad6cf22b0c1b5, clickElement {id=f.846FD156E9AD514254E5BF829B25F83D.d.A514DD752F314725E646966866CCA7B5.e.938}]
Capabilities {acceptInsecureCerts: false, browserName: chrome, browserVersion: 138.0.7204.184, chrome: {chromedriverVersion: 137.0.7151.70 (dfa4dc56b2ab..., userDataDir: C:\Users\Biraju\AppData\Loc...}, fedcm:accounts: true, goog:chromeOptions: {debuggerAddress: localhost:64292}, networkConnectionEnabled: false, pageLoadStrategy: normal, platformName: windows, proxy: Proxy(), se:cdp: ws://localhost:64292/devtoo..., se:cdpVersion: 138.0.7204.184, setWindowRect: true, strictFileInteractability: false, timeouts: {implicit: 0, pageLoad: 300000, script: 30000}, unhandledPromptBehavior: dismiss and notify, webauthn:extension:credBlob: true, webauthn:extension:largeBlob: true, webauthn:extension:minPinLength: true, webauthn:extension:prf: true, webauthn:virtualAuthenticators: true}
Element: [[ChromeDriver: chrome on windows (1df9100e24a1652c256ad6cf22b0c1b5)] -> xpath: //span[text()="Next Step"]]
Session ID: 1df9100e24a1652c256ad6cf22b0c1b5
at org.openqa.selenium.remote.ErrorCodec.decode(ErrorCodec.java:167)
at org.openqa.selenium.remote.codec.w3c.W3CHttpResponseCodec.decode(W3CHttpResponseCodec.java:138)
at org.openqa.selenium.remote.codec.w3c.W3CHttpResponseCodec.decode(W3CHttpResponseCodec.java:50)
at org.openqa.selenium.remote.HttpCommandExecutor.execute(HttpCommandExecutor.java:215)
at org.openqa.selenium.remote.service.DriverCommandExecutor.invokeExecute(DriverCommandExecutor.java:216)
at org.openqa.selenium.remote.service.DriverCommandExecutor.execute(DriverCommandExecutor.java:174)
at org.openqa.selenium.remote.RemoteWebDriver.execute(RemoteWebDriver.java:544)
at org.openqa.selenium.remote.RemoteWebElement.execute(RemoteWebElement.java:223)
at org.openqa.selenium.remote.RemoteWebElement.click(RemoteWebElement.java:76)
at utility.Util.onClick(Util.java:32)
at pages.KnowledgeBasePage.clickOnNextStepButton(KnowledgeBasePage.java:23)
at tests.BotGenerationTest.verifyAllBotGeneration(BotGenerationTest.java:58)
at java.base/java.util.ArrayList.forEach(ArrayList.java:1511)
... Removed 32 stack frames]]>
    </failure>
  </testcase> <!-- verifyAllBotGeneration -->
  <testcase classname="tests.HorizontalMenusTest" name="verifyhorizontalMenusListBasedOnRole" time="4.922">
    <failure type="java.lang.AssertionError" message="Horizontal menu items do not match for role: admin: lists don&amp;apos;t have the same size expected [4] but found [5]">
      <![CDATA[java.lang.AssertionError: Horizontal menu items do not match for role: admin: lists don't have the same size expected [4] but found [5]
at tests.HorizontalMenusTest.verifyhorizontalMenusListBasedOnRole(HorizontalMenusTest.java:80)
at java.base/java.util.ArrayList.forEach(ArrayList.java:1511)
... Removed 33 stack frames]]>
    </failure>
  </testcase> <!-- verifyhorizontalMenusListBasedOnRole -->
  <testcase classname="tests.HorizontalMenusTest" name="verifyhorizontalMenusListBasedOnRole" time="28.591">
    <failure type="org.openqa.selenium.TimeoutException" message="Expected condition failed: waiting for visibility of all elements located by By.cssSelector: div.max-w-7xl.mx-auto button (tried for 20 second(s) with 500 milliseconds interval)
Build info: version: &amp;apos;4.34.0&amp;apos;, revision: &amp;apos;707dcb4246*&amp;apos;
System info: os.name: &amp;apos;Windows 10&amp;apos;, os.arch: &amp;apos;amd64&amp;apos;, os.version: &amp;apos;10.0&amp;apos;, java.version: &amp;apos;17.0.11&amp;apos;
Driver info: org.openqa.selenium.chrome.ChromeDriver
Capabilities {acceptInsecureCerts: false, browserName: chrome, browserVersion: 138.0.7204.184, chrome: {chromedriverVersion: 137.0.7151.70 (dfa4dc56b2ab..., userDataDir: C:\Users\Biraju\AppData\Loc...}, fedcm:accounts: true, goog:chromeOptions: {debuggerAddress: localhost:65108}, networkConnectionEnabled: false, pageLoadStrategy: normal, platformName: windows, proxy: Proxy(), se:cdp: ws://localhost:65108/devtoo..., se:cdpVersion: 138.0.7204.184, setWindowRect: true, strictFileInteractability: false, timeouts: {implicit: 0, pageLoad: 300000, script: 30000}, unhandledPromptBehavior: dismiss and notify, webauthn:extension:credBlob: true, webauthn:extension:largeBlob: true, webauthn:extension:minPinLength: true, webauthn:extension:prf: true, webauthn:virtualAuthenticators: true}
Session ID: 9f4a73335434a39d22a42695c44ae2af">
      <![CDATA[org.openqa.selenium.TimeoutException: Expected condition failed: waiting for visibility of all elements located by By.cssSelector: div.max-w-7xl.mx-auto button (tried for 20 second(s) with 500 milliseconds interval)
Build info: version: '4.34.0', revision: '707dcb4246*'
System info: os.name: 'Windows 10', os.arch: 'amd64', os.version: '10.0', java.version: '17.0.11'
Driver info: org.openqa.selenium.chrome.ChromeDriver
Capabilities {acceptInsecureCerts: false, browserName: chrome, browserVersion: 138.0.7204.184, chrome: {chromedriverVersion: 137.0.7151.70 (dfa4dc56b2ab..., userDataDir: C:\Users\Biraju\AppData\Loc...}, fedcm:accounts: true, goog:chromeOptions: {debuggerAddress: localhost:65108}, networkConnectionEnabled: false, pageLoadStrategy: normal, platformName: windows, proxy: Proxy(), se:cdp: ws://localhost:65108/devtoo..., se:cdpVersion: 138.0.7204.184, setWindowRect: true, strictFileInteractability: false, timeouts: {implicit: 0, pageLoad: 300000, script: 30000}, unhandledPromptBehavior: dismiss and notify, webauthn:extension:credBlob: true, webauthn:extension:largeBlob: true, webauthn:extension:minPinLength: true, webauthn:extension:prf: true, webauthn:virtualAuthenticators: true}
Session ID: 9f4a73335434a39d22a42695c44ae2af
at org.openqa.selenium.support.ui.WebDriverWait.timeoutException(WebDriverWait.java:84)
at org.openqa.selenium.support.ui.FluentWait.until(FluentWait.java:228)
at utility.Util.fetchAllOptions(Util.java:71)
at pages.HorizontalMenus.getAllVerticalMenusName(HorizontalMenus.java:23)
at tests.HorizontalMenusTest.verifyhorizontalMenusListBasedOnRole(HorizontalMenusTest.java:70)
at java.base/java.util.ArrayList.forEach(ArrayList.java:1511)
... Removed 27 stack frames]]>
    </failure>
  </testcase> <!-- verifyhorizontalMenusListBasedOnRole -->
  <testcase classname="tests.SignUpTest" name="verify_validation_if_user_dont_enter_any_username_password" time="0.0">
    <ignored/>
  </testcase> <!-- verify_validation_if_user_dont_enter_any_username_password -->
  <testcase classname="tests.AI_AgentListTest" name="verifyHorizontalTabLists" time="0.0">
    <ignored/>
  </testcase> <!-- verifyHorizontalTabLists -->
  <testcase classname="tests.SignUpTest" name="verify_validation_if_user_already_exists" time="0.0">
    <ignored/>
  </testcase> <!-- verify_validation_if_user_already_exists -->
  <testcase classname="tests.LoginTest" name="loginWithGmailAccount" time="0.0">
    <ignored/>
  </testcase> <!-- loginWithGmailAccount -->
  <testcase classname="tests.BotGenerationTest" name="openCreateNewDynamicBotForm" time="0.0">
    <ignored/>
  </testcase> <!-- openCreateNewDynamicBotForm -->
  <testcase classname="tests.SignUpTest" name="verify_warining_message_if_user_not_signUp_successfully" time="0.0">
    <ignored/>
  </testcase> <!-- verify_warining_message_if_user_not_signUp_successfully -->
  <testcase classname="tests.AI_AgentListTest" name="verifyAIAgentsListTabWorkingorNot" time="0.0">
    <ignored/>
  </testcase> <!-- verifyAIAgentsListTabWorkingorNot -->
  <testcase classname="tests.LoginTest" name="loginIntoAplicationWithInvalidCredentials" time="0.0">
    <ignored/>
  </testcase> <!-- loginIntoAplicationWithInvalidCredentials -->
  <testcase classname="tests.LoginTest" name="loginIntoAplication" time="0.0">
    <ignored/>
  </testcase> <!-- loginIntoAplication -->
  <testcase classname="tests.LoginTest" name="verify_validation_if_user_dont_enter_any_username_password" time="0.0">
    <ignored/>
  </testcase> <!-- verify_validation_if_user_dont_enter_any_username_password -->
</testsuite> <!-- Test(failed) -->
