<!DOCTYPE html>

<html>
  <head>
  <meta charset='utf-8'>
  <title>TestNG reports</title>

    <link type="text/css" href="testng-reports1.css" rel="stylesheet" id="ultra" />
    <link type="text/css" href="testng-reports.css" rel="stylesheet" id="retro" disabled="false"/>
    <script type="text/javascript" src="jquery.min.js"></script>
    <script type="text/javascript" src="testng-reports.js"></script>
    <script type="text/javascript" src="https://www.google.com/jsapi"></script>
    <script type='text/javascript'>
      google.load('visualization', '1', {packages:['table']});
      google.setOnLoadCallback(drawTable);
      var suiteTableInitFunctions = new Array();
      var suiteTableData = new Array();
    </script>
    <!--
      <script type="text/javascript" src="jquery-ui/js/jquery-ui-1.8.16.custom.min.js"></script>
     -->
  </head>

  <body>
    <div class="top-banner-root">
      <span class="top-banner-title-font">Test results</span>
      <button id="button" class="button">Switch Retro Theme</button> <!-- button -->
      <br/>
      <span class="top-banner-font-1">1 suite, 26 failed tests</span>
    </div> <!-- top-banner-root -->
    <div class="navigator-root">
      <div class="navigator-suite-header">
        <span>All suites</span>
        <a href="#" title="Collapse/expand all the suites" class="collapse-all-link">
          <img src="collapseall.gif" class="collapse-all-icon">
          </img> <!-- collapse-all-icon -->
        </a> <!-- collapse-all-link -->
      </div> <!-- navigator-suite-header -->
      <div class="suite">
        <div class="rounded-window">
          <div class="suite-header light-rounded-window-top">
            <a href="#" panel-name="suite-Suite" class="navigator-link">
              <span class="suite-name border-failed">Suite</span>
            </a> <!-- navigator-link -->
          </div> <!-- suite-header light-rounded-window-top -->
          <div class="navigator-suite-content">
            <div class="suite-section-title">
              <span>Info</span>
            </div> <!-- suite-section-title -->
            <div class="suite-section-content">
              <ul>
                <li>
                  <a href="#" panel-name="test-xml-Suite" class="navigator-link ">
                    <span>E:\Automation_2025\Platform.Fonada.AI\testng.xml</span>
                  </a> <!-- navigator-link  -->
                </li>
                <li>
                  <a href="#" panel-name="testlist-Suite" class="navigator-link ">
                    <span class="test-stats">1 test</span>
                  </a> <!-- navigator-link  -->
                </li>
                <li>
                  <a href="#" panel-name="group-Suite" class="navigator-link ">
                    <span>0 groups</span>
                  </a> <!-- navigator-link  -->
                </li>
                <li>
                  <a href="#" panel-name="times-Suite" class="navigator-link ">
                    <span>Times</span>
                  </a> <!-- navigator-link  -->
                </li>
                <li>
                  <a href="#" panel-name="reporter-Suite" class="navigator-link ">
                    <span>Reporter output</span>
                  </a> <!-- navigator-link  -->
                </li>
                <li>
                  <a href="#" panel-name="ignored-methods-Suite" class="navigator-link ">
                    <span>Ignored methods</span>
                  </a> <!-- navigator-link  -->
                </li>
                <li>
                  <a href="#" panel-name="chronological-Suite" class="navigator-link ">
                    <span>Chronological view</span>
                  </a> <!-- navigator-link  -->
                </li>
              </ul>
            </div> <!-- suite-section-content -->
            <div class="result-section">
              <div class="suite-section-title">
                <span>Results</span>
              </div> <!-- suite-section-title -->
              <div class="suite-section-content">
                <ul>
                  <li>
                    <span class="method-stats">53 methods, 26 failed,  3 skipped,  24 passed</span>
                  </li>
                  <li>
                    <span class="method-list-title failed">Failed methods</span>
                    <span class="show-or-hide-methods failed">
                      <a href="#" panel-name="suite-Suite" class="hide-methods failed suite-Suite"> (hide)</a> <!-- hide-methods failed suite-Suite -->
                      <a href="#" panel-name="suite-Suite" class="show-methods failed suite-Suite"> (show)</a> <!-- show-methods failed suite-Suite -->
                    </span>
                    <div class="method-list-content failed suite-Suite">
                      <span>
                        <img src="failed.png" width="3%"/>
                        <a href="#" panel-name="suite-Suite" title="tests.LoginTest" class="method navigator-link" hash-for-method="loginWithGmailAccount">loginWithGmailAccount</a> <!-- method navigator-link -->
                      </span>
                      <br/>
                      <span>
                        <img src="failed.png" width="3%"/>
                        <a href="#" panel-name="suite-Suite" title="tests.BotGenerationTest" class="method navigator-link" hash-for-method="openCreateNewBotForm(Telephony)">openCreateNewBotForm(Telephony)</a> <!-- method navigator-link -->
                      </span>
                      <br/>
                      <span>
                        <img src="failed.png" width="3%"/>
                        <a href="#" panel-name="suite-Suite" title="tests.BotGenerationTest" class="method navigator-link" hash-for-method="openCreateNewBotForm(Chat Bot)">openCreateNewBotForm(Chat Bot)</a> <!-- method navigator-link -->
                      </span>
                      <br/>
                      <span>
                        <img src="failed.png" width="3%"/>
                        <a href="#" panel-name="suite-Suite" title="tests.BotGenerationTest" class="method navigator-link" hash-for-method="openCreateNewBotForm(RCS)">openCreateNewBotForm(RCS)</a> <!-- method navigator-link -->
                      </span>
                      <br/>
                      <span>
                        <img src="failed.png" width="3%"/>
                        <a href="#" panel-name="suite-Suite" title="tests.BotGenerationTest" class="method navigator-link" hash-for-method="openCreateNewBotForm(Web Widget)">openCreateNewBotForm(Web Widget)</a> <!-- method navigator-link -->
                      </span>
                      <br/>
                      <span>
                        <img src="failed.png" width="3%"/>
                        <a href="#" panel-name="suite-Suite" title="tests.BotGenerationTest" class="method navigator-link" hash-for-method="openCreateNewBotForm(WhatsApp Business)">openCreateNewBotForm(WhatsApp Business)</a> <!-- method navigator-link -->
                      </span>
                      <br/>
                      <span>
                        <img src="failed.png" width="3%"/>
                        <a href="#" panel-name="suite-Suite" title="tests.AI_AgentListTest" class="method navigator-link" hash-for-method="selectEachFilterOptionsOneByOne2(Telephony)">selectEachFilterOptionsOneByOne2(Telephony)</a> <!-- method navigator-link -->
                      </span>
                      <br/>
                      <span>
                        <img src="failed.png" width="3%"/>
                        <a href="#" panel-name="suite-Suite" title="tests.BotGenerationTest" class="method navigator-link" hash-for-method="verifyAllBotGeneration(RCS)">verifyAllBotGeneration(RCS)</a> <!-- method navigator-link -->
                      </span>
                      <br/>
                      <span>
                        <img src="failed.png" width="3%"/>
                        <a href="#" panel-name="suite-Suite" title="tests.BotGenerationTest" class="method navigator-link" hash-for-method="verifyAllBotGeneration(Web Widget)">verifyAllBotGeneration(Web Widget)</a> <!-- method navigator-link -->
                      </span>
                      <br/>
                      <span>
                        <img src="failed.png" width="3%"/>
                        <a href="#" panel-name="suite-Suite" title="tests.BotGenerationTest" class="method navigator-link" hash-for-method="verifyAllBotGeneration(Telephony)">verifyAllBotGeneration(Telephony)</a> <!-- method navigator-link -->
                      </span>
                      <br/>
                      <span>
                        <img src="failed.png" width="3%"/>
                        <a href="#" panel-name="suite-Suite" title="tests.BotGenerationTest" class="method navigator-link" hash-for-method="verifyAllBotGeneration(Chat Bot)">verifyAllBotGeneration(Chat Bot)</a> <!-- method navigator-link -->
                      </span>
                      <br/>
                      <span>
                        <img src="failed.png" width="3%"/>
                        <a href="#" panel-name="suite-Suite" title="tests.BotGenerationTest" class="method navigator-link" hash-for-method="verifyAllBotGeneration(WhatsApp Business)">verifyAllBotGeneration(WhatsApp Business)</a> <!-- method navigator-link -->
                      </span>
                      <br/>
                      <span>
                        <img src="failed.png" width="3%"/>
                        <a href="#" panel-name="suite-Suite" title="tests.LoginTest" class="method navigator-link" hash-for-method="verifyForgetPasswordLinkButton">verifyForgetPasswordLinkButton</a> <!-- method navigator-link -->
                      </span>
                      <br/>
                      <span>
                        <img src="failed.png" width="3%"/>
                        <a href="#" panel-name="suite-Suite" title="tests.AI_AgentListTest" class="method navigator-link" hash-for-method="verifyRecordCountBasedOnSelectedChannelInFilter">verifyRecordCountBasedOnSelectedChannelInFilter</a> <!-- method navigator-link -->
                      </span>
                      <br/>
                      <span>
                        <img src="failed.png" width="3%"/>
                        <a href="#" panel-name="suite-Suite" title="tests.VerticalMenusTest" class="method navigator-link" hash-for-method="verifyVerticalMenusListBasedOnRole(admin, biraju@fonda.com, Admin@1234)">verifyVerticalMenusListBasedOnRole(admin, biraju@fonda.com, Admin@1234)</a> <!-- method navigator-link -->
                      </span>
                      <br/>
                      <span>
                        <img src="failed.png" width="3%"/>
                        <a href="#" panel-name="suite-Suite" title="tests.VerticalMenusTest" class="method navigator-link" hash-for-method="verifyVerticalMenusListBasedOnRole(superadmin, saddam.groot@gmail.com, Admin@1234)">verifyVerticalMenusListBasedOnRole(superadmin, saddam.groot@gmail.com, Admin@1234)</a> <!-- method navigator-link -->
                      </span>
                      <br/>
                      <span>
                        <img src="failed.png" width="3%"/>
                        <a href="#" panel-name="suite-Suite" title="tests.VerticalMenusTest" class="method navigator-link" hash-for-method="verifyVerticalMenusListBasedOnRole(user, rajesh@gmail.com, Admin@1234)">verifyVerticalMenusListBasedOnRole(user, rajesh@gmail.com, Admin@1234)</a> <!-- method navigator-link -->
                      </span>
                      <br/>
                      <span>
                        <img src="failed.png" width="3%"/>
                        <a href="#" panel-name="suite-Suite" title="tests.SignUpTest" class="method navigator-link" hash-for-method="verify_signUp_User_Functionality(Free)">verify_signUp_User_Functionality(Free)</a> <!-- method navigator-link -->
                      </span>
                      <br/>
                      <span>
                        <img src="failed.png" width="3%"/>
                        <a href="#" panel-name="suite-Suite" title="tests.SignUpTest" class="method navigator-link" hash-for-method="verify_signUp_User_Functionality(Agency)">verify_signUp_User_Functionality(Agency)</a> <!-- method navigator-link -->
                      </span>
                      <br/>
                      <span>
                        <img src="failed.png" width="3%"/>
                        <a href="#" panel-name="suite-Suite" title="tests.SignUpTest" class="method navigator-link" hash-for-method="verify_signUp_User_Functionality(Enterprise)">verify_signUp_User_Functionality(Enterprise)</a> <!-- method navigator-link -->
                      </span>
                      <br/>
                      <span>
                        <img src="failed.png" width="3%"/>
                        <a href="#" panel-name="suite-Suite" title="tests.SignUpTest" class="method navigator-link" hash-for-method="verify_validation_if_user_already_exists(Agency)">verify_validation_if_user_already_exists(Agency)</a> <!-- method navigator-link -->
                      </span>
                      <br/>
                      <span>
                        <img src="failed.png" width="3%"/>
                        <a href="#" panel-name="suite-Suite" title="tests.SignUpTest" class="method navigator-link" hash-for-method="verify_validation_if_user_already_exists(Enterprise)">verify_validation_if_user_already_exists(Enterprise)</a> <!-- method navigator-link -->
                      </span>
                      <br/>
                      <span>
                        <img src="failed.png" width="3%"/>
                        <a href="#" panel-name="suite-Suite" title="tests.SignUpTest" class="method navigator-link" hash-for-method="verify_warining_message_if_user_not_signUp_successfully(Free)">verify_warining_message_if_user_not_signUp_successfully(Free)</a> <!-- method navigator-link -->
                      </span>
                      <br/>
                      <span>
                        <img src="failed.png" width="3%"/>
                        <a href="#" panel-name="suite-Suite" title="tests.HorizontalMenusTest" class="method navigator-link" hash-for-method="verifyhorizontalMenusListBasedOnRole(superadmin, saddam.groot@gmail.com, Admin@1234)">verifyhorizontalMenusListBasedOnRole(superadmin, saddam.groot@gmail.com, Admin@1234)</a> <!-- method navigator-link -->
                      </span>
                      <br/>
                      <span>
                        <img src="failed.png" width="3%"/>
                        <a href="#" panel-name="suite-Suite" title="tests.HorizontalMenusTest" class="method navigator-link" hash-for-method="verifyhorizontalMenusListBasedOnRole(admin, biraju@fonda.com, Admin@1234)">verifyhorizontalMenusListBasedOnRole(admin, biraju@fonda.com, Admin@1234)</a> <!-- method navigator-link -->
                      </span>
                      <br/>
                      <span>
                        <img src="failed.png" width="3%"/>
                        <a href="#" panel-name="suite-Suite" title="tests.AI_AgentListTest" class="method navigator-link" hash-for-method="verifylegendsButtonStatus">verifylegendsButtonStatus</a> <!-- method navigator-link -->
                      </span>
                      <br/>
                    </div> <!-- method-list-content failed suite-Suite -->
                  </li>
                  <li>
                    <span class="method-list-title skipped">Retried methods</span>
                    <span class="show-or-hide-methods skipped">
                      <a href="#" panel-name="suite-Suite" class="hide-methods skipped suite-Suite"> (hide)</a> <!-- hide-methods skipped suite-Suite -->
                      <a href="#" panel-name="suite-Suite" class="show-methods skipped suite-Suite"> (show)</a> <!-- show-methods skipped suite-Suite -->
                    </span>
                    <div class="method-list-content skipped suite-Suite">
                      <span>
                        <img src="skipped.png" width="3%"/>
                        <a href="#" panel-name="suite-Suite" title="tests.BotGenerationTest" class="method navigator-link" hash-for-method="openCreateNewBotForm(Telephony)">openCreateNewBotForm(Telephony)</a> <!-- method navigator-link -->
                      </span>
                      <br/>
                      <span>
                        <img src="skipped.png" width="3%"/>
                        <a href="#" panel-name="suite-Suite" title="tests.BotGenerationTest" class="method navigator-link" hash-for-method="openCreateNewBotForm(Telephony)">openCreateNewBotForm(Telephony)</a> <!-- method navigator-link -->
                      </span>
                      <br/>
                      <span>
                        <img src="skipped.png" width="3%"/>
                        <a href="#" panel-name="suite-Suite" title="tests.BotGenerationTest" class="method navigator-link" hash-for-method="openCreateNewBotForm(Telephony)">openCreateNewBotForm(Telephony)</a> <!-- method navigator-link -->
                      </span>
                      <br/>
                    </div> <!-- method-list-content skipped suite-Suite -->
                  </li>
                  <li>
                    <span class="method-list-title passed">Passed methods</span>
                    <span class="show-or-hide-methods passed">
                      <a href="#" panel-name="suite-Suite" class="hide-methods passed suite-Suite"> (hide)</a> <!-- hide-methods passed suite-Suite -->
                      <a href="#" panel-name="suite-Suite" class="show-methods passed suite-Suite"> (show)</a> <!-- show-methods passed suite-Suite -->
                    </span>
                    <div class="method-list-content passed suite-Suite">
                      <span>
                        <img src="passed.png" width="3%"/>
                        <a href="#" panel-name="suite-Suite" title="tests.AI_AgentListTest" class="method navigator-link" hash-for-method="login">login</a> <!-- method navigator-link -->
                      </span>
                      <br/>
                      <span>
                        <img src="passed.png" width="3%"/>
                        <a href="#" panel-name="suite-Suite" title="tests.LoginTest" class="method navigator-link" hash-for-method="loginIntoAplication">loginIntoAplication</a> <!-- method navigator-link -->
                      </span>
                      <br/>
                      <span>
                        <img src="passed.png" width="3%"/>
                        <a href="#" panel-name="suite-Suite" title="tests.LoginTest" class="method navigator-link" hash-for-method="loginIntoAplicationWithInvalidCredentials">loginIntoAplicationWithInvalidCredentials</a> <!-- method navigator-link -->
                      </span>
                      <br/>
                      <span>
                        <img src="passed.png" width="3%"/>
                        <a href="#" panel-name="suite-Suite" title="tests.AI_AgentListTest" class="method navigator-link" hash-for-method="openAiAgentsListForm">openAiAgentsListForm</a> <!-- method navigator-link -->
                      </span>
                      <br/>
                      <span>
                        <img src="passed.png" width="3%"/>
                        <a href="#" panel-name="suite-Suite" title="tests.RCS_PlatformTest" class="method navigator-link" hash-for-method="openRCSListPage">openRCSListPage</a> <!-- method navigator-link -->
                      </span>
                      <br/>
                      <span>
                        <img src="passed.png" width="3%"/>
                        <a href="#" panel-name="suite-Suite" title="tests.AI_AgentListTest" class="method navigator-link" hash-for-method="selectEachFilterOptionsOneByOne2(RCS)">selectEachFilterOptionsOneByOne2(RCS)</a> <!-- method navigator-link -->
                      </span>
                      <br/>
                      <span>
                        <img src="passed.png" width="3%"/>
                        <a href="#" panel-name="suite-Suite" title="tests.AI_AgentListTest" class="method navigator-link" hash-for-method="selectEachFilterOptionsOneByOne2(Twitter)">selectEachFilterOptionsOneByOne2(Twitter)</a> <!-- method navigator-link -->
                      </span>
                      <br/>
                      <span>
                        <img src="passed.png" width="3%"/>
                        <a href="#" panel-name="suite-Suite" title="tests.AI_AgentListTest" class="method navigator-link" hash-for-method="selectEachFilterOptionsOneByOne2(Instagram)">selectEachFilterOptionsOneByOne2(Instagram)</a> <!-- method navigator-link -->
                      </span>
                      <br/>
                      <span>
                        <img src="passed.png" width="3%"/>
                        <a href="#" panel-name="suite-Suite" title="tests.AI_AgentListTest" class="method navigator-link" hash-for-method="selectEachFilterOptionsOneByOne2(Chat Bot)">selectEachFilterOptionsOneByOne2(Chat Bot)</a> <!-- method navigator-link -->
                      </span>
                      <br/>
                      <span>
                        <img src="passed.png" width="3%"/>
                        <a href="#" panel-name="suite-Suite" title="tests.AI_AgentListTest" class="method navigator-link" hash-for-method="selectEachFilterOptionsOneByOne2(All Channels)">selectEachFilterOptionsOneByOne2(All Channels)</a> <!-- method navigator-link -->
                      </span>
                      <br/>
                      <span>
                        <img src="passed.png" width="3%"/>
                        <a href="#" panel-name="suite-Suite" title="tests.AI_AgentListTest" class="method navigator-link" hash-for-method="selectEachFilterOptionsOneByOne2(Web Widget)">selectEachFilterOptionsOneByOne2(Web Widget)</a> <!-- method navigator-link -->
                      </span>
                      <br/>
                      <span>
                        <img src="passed.png" width="3%"/>
                        <a href="#" panel-name="suite-Suite" title="tests.AI_AgentListTest" class="method navigator-link" hash-for-method="selectEachFilterOptionsOneByOne2(WhatsApp)">selectEachFilterOptionsOneByOne2(WhatsApp)</a> <!-- method navigator-link -->
                      </span>
                      <br/>
                      <span>
                        <img src="passed.png" width="3%"/>
                        <a href="#" panel-name="suite-Suite" title="tests.AI_AgentListTest" class="method navigator-link" hash-for-method="selectEachFilterOptionsOneByOne2(LinkedIn)">selectEachFilterOptionsOneByOne2(LinkedIn)</a> <!-- method navigator-link -->
                      </span>
                      <br/>
                      <span>
                        <img src="passed.png" width="3%"/>
                        <a href="#" panel-name="suite-Suite" title="tests.AI_AgentListTest" class="method navigator-link" hash-for-method="selectEachFilterOptionsOneByOne2(Messenger)">selectEachFilterOptionsOneByOne2(Messenger)</a> <!-- method navigator-link -->
                      </span>
                      <br/>
                      <span>
                        <img src="passed.png" width="3%"/>
                        <a href="#" panel-name="suite-Suite" title="tests.AI_AgentListTest" class="method navigator-link" hash-for-method="verifyAIAgentsListTabWorkingorNot">verifyAIAgentsListTabWorkingorNot</a> <!-- method navigator-link -->
                      </span>
                      <br/>
                      <span>
                        <img src="passed.png" width="3%"/>
                        <a href="#" panel-name="suite-Suite" title="tests.AI_AgentListTest" class="method navigator-link" hash-for-method="verifyHorizontalTabLists">verifyHorizontalTabLists</a> <!-- method navigator-link -->
                      </span>
                      <br/>
                      <span>
                        <img src="passed.png" width="3%"/>
                        <a href="#" panel-name="suite-Suite" title="tests.SignUpTest" class="method navigator-link" hash-for-method="verify_validation_if_user_already_exists(Free)">verify_validation_if_user_already_exists(Free)</a> <!-- method navigator-link -->
                      </span>
                      <br/>
                      <span>
                        <img src="passed.png" width="3%"/>
                        <a href="#" panel-name="suite-Suite" title="tests.SignUpTest" class="method navigator-link" hash-for-method="verify_validation_if_user_dont_enter_any_username_password(Enterprise)">verify_validation_if_user_dont_enter_any_username_password(Enterprise)</a> <!-- method navigator-link -->
                      </span>
                      <br/>
                      <span>
                        <img src="passed.png" width="3%"/>
                        <a href="#" panel-name="suite-Suite" title="tests.LoginTest" class="method navigator-link" hash-for-method="verify_validation_if_user_dont_enter_any_username_password">verify_validation_if_user_dont_enter_any_username_password</a> <!-- method navigator-link -->
                      </span>
                      <br/>
                      <span>
                        <img src="passed.png" width="3%"/>
                        <a href="#" panel-name="suite-Suite" title="tests.SignUpTest" class="method navigator-link" hash-for-method="verify_validation_if_user_dont_enter_any_username_password(Agency)">verify_validation_if_user_dont_enter_any_username_password(Agency)</a> <!-- method navigator-link -->
                      </span>
                      <br/>
                      <span>
                        <img src="passed.png" width="3%"/>
                        <a href="#" panel-name="suite-Suite" title="tests.SignUpTest" class="method navigator-link" hash-for-method="verify_validation_if_user_dont_enter_any_username_password(Free)">verify_validation_if_user_dont_enter_any_username_password(Free)</a> <!-- method navigator-link -->
                      </span>
                      <br/>
                      <span>
                        <img src="passed.png" width="3%"/>
                        <a href="#" panel-name="suite-Suite" title="tests.SignUpTest" class="method navigator-link" hash-for-method="verify_warining_message_if_user_not_signUp_successfully(Agency)">verify_warining_message_if_user_not_signUp_successfully(Agency)</a> <!-- method navigator-link -->
                      </span>
                      <br/>
                      <span>
                        <img src="passed.png" width="3%"/>
                        <a href="#" panel-name="suite-Suite" title="tests.SignUpTest" class="method navigator-link" hash-for-method="verify_warining_message_if_user_not_signUp_successfully(Enterprise)">verify_warining_message_if_user_not_signUp_successfully(Enterprise)</a> <!-- method navigator-link -->
                      </span>
                      <br/>
                      <span>
                        <img src="passed.png" width="3%"/>
                        <a href="#" panel-name="suite-Suite" title="tests.HorizontalMenusTest" class="method navigator-link" hash-for-method="verifyhorizontalMenusListBasedOnRole(user, rajesh@gmail.com, Admin@1234)">verifyhorizontalMenusListBasedOnRole(user, rajesh@gmail.com, Admin@1234)</a> <!-- method navigator-link -->
                      </span>
                      <br/>
                    </div> <!-- method-list-content passed suite-Suite -->
                  </li>
                </ul>
              </div> <!-- suite-section-content -->
            </div> <!-- result-section -->
          </div> <!-- navigator-suite-content -->
        </div> <!-- rounded-window -->
      </div> <!-- suite -->
    </div> <!-- navigator-root -->
    <div class="wrapper">
      <div class="main-panel-root">
        <div panel-name="suite-Suite" class="panel Suite">
          <div class="suite-Suite-class-failed">
            <div class="main-panel-header rounded-window-top">
              <img src="failed.png"/>
              <span class="class-name">tests.AI_AgentListTest</span>
            </div> <!-- main-panel-header rounded-window-top -->
            <div class="main-panel-content rounded-window-bottom">
              <div class="method">
                <div class="method-content">
                  <a name="selectEachFilterOptionsOneByOne2(Telephony)">
                  </a> <!-- selectEachFilterOptionsOneByOne2(Telephony) -->
                  <span class="method-name">selectEachFilterOptionsOneByOne2</span>
                  <span class="parameters">(Telephony)</span>
                  <div class="stack-trace">org.openqa.selenium.ElementClickInterceptedException: element click intercepted: Element is not clickable at point (550, -1924)
  (Session info: chrome=138.0.7204.169)
Build info: version: &apos;4.34.0&apos;, revision: &apos;707dcb4246*&apos;
System info: os.name: &apos;Windows 10&apos;, os.arch: &apos;amd64&apos;, os.version: &apos;10.0&apos;, java.version: &apos;17.0.11&apos;
Driver info: org.openqa.selenium.chrome.ChromeDriver
Command: [649a56b017854399db6a03881636c591, clickElement {id=f.82FE04828615A5965E276EDCFA60DA82.d.2B162E281626784A132F11DAD6C99F81.e.67}]
Capabilities {acceptInsecureCerts: false, browserName: chrome, browserVersion: 138.0.7204.169, chrome: {chromedriverVersion: 137.0.7151.70 (dfa4dc56b2ab..., userDataDir: C:\Users\Biraju\AppData\Loc...}, fedcm:accounts: true, goog:chromeOptions: {debuggerAddress: localhost:57086}, networkConnectionEnabled: false, pageLoadStrategy: normal, platformName: windows, proxy: Proxy(), se:cdp: ws://localhost:57086/devtoo..., se:cdpVersion: 138.0.7204.169, setWindowRect: true, strictFileInteractability: false, timeouts: {implicit: 0, pageLoad: 300000, script: 30000}, unhandledPromptBehavior: dismiss and notify, webauthn:extension:credBlob: true, webauthn:extension:largeBlob: true, webauthn:extension:minPinLength: true, webauthn:extension:prf: true, webauthn:virtualAuthenticators: true}
Element: [[ChromeDriver: chrome on windows (649a56b017854399db6a03881636c591)] -&gt; xpath: //div[contains(@class,&quot;ant-select-single&quot;)]]
Session ID: 649a56b017854399db6a03881636c591
	at org.openqa.selenium.remote.ErrorCodec.decode(ErrorCodec.java:167)
	at org.openqa.selenium.remote.codec.w3c.W3CHttpResponseCodec.decode(W3CHttpResponseCodec.java:138)
	at org.openqa.selenium.remote.codec.w3c.W3CHttpResponseCodec.decode(W3CHttpResponseCodec.java:50)
	at org.openqa.selenium.remote.HttpCommandExecutor.execute(HttpCommandExecutor.java:215)
	at org.openqa.selenium.remote.service.DriverCommandExecutor.invokeExecute(DriverCommandExecutor.java:216)
	at org.openqa.selenium.remote.service.DriverCommandExecutor.execute(DriverCommandExecutor.java:174)
	at org.openqa.selenium.remote.RemoteWebDriver.execute(RemoteWebDriver.java:544)
	at org.openqa.selenium.remote.RemoteWebElement.execute(RemoteWebElement.java:223)
	at org.openqa.selenium.remote.RemoteWebElement.click(RemoteWebElement.java:76)
	at pages.AiAgentsListPage.selectEachFilterOptionsOneByOne(AiAgentsListPage.java:125)
	at tests.AI_AgentListTest.selectEachFilterOptionsOneByOne2(AI_AgentListTest.java:75)
	at java.base/java.util.ArrayList.forEach(ArrayList.java:1511)
... Removed 32 stack frames
</div> <!-- stack-trace -->
                </div> <!-- method-content -->
              </div> <!-- method -->
              <div class="method">
                <div class="method-content">
                  <a name="verifyRecordCountBasedOnSelectedChannelInFilter">
                  </a> <!-- verifyRecordCountBasedOnSelectedChannelInFilter -->
                  <span class="method-name">verifyRecordCountBasedOnSelectedChannelInFilter</span>
                  <div class="stack-trace">org.openqa.selenium.TimeoutException: Expected condition failed: waiting for element to be clickable: By.xpath: //div[contains(@class,&quot;ant-select-single&quot;)] (tried for 20 second(s) with 500 milliseconds interval)
Build info: version: &apos;4.34.0&apos;, revision: &apos;707dcb4246*&apos;
System info: os.name: &apos;Windows 10&apos;, os.arch: &apos;amd64&apos;, os.version: &apos;10.0&apos;, java.version: &apos;17.0.11&apos;
Driver info: org.openqa.selenium.chrome.ChromeDriver
Capabilities {acceptInsecureCerts: false, browserName: chrome, browserVersion: 138.0.7204.169, chrome: {chromedriverVersion: 137.0.7151.70 (dfa4dc56b2ab..., userDataDir: C:\Users\Biraju\AppData\Loc...}, fedcm:accounts: true, goog:chromeOptions: {debuggerAddress: localhost:57086}, networkConnectionEnabled: false, pageLoadStrategy: normal, platformName: windows, proxy: Proxy(), se:cdp: ws://localhost:57086/devtoo..., se:cdpVersion: 138.0.7204.169, setWindowRect: true, strictFileInteractability: false, timeouts: {implicit: 0, pageLoad: 300000, script: 30000}, unhandledPromptBehavior: dismiss and notify, webauthn:extension:credBlob: true, webauthn:extension:largeBlob: true, webauthn:extension:minPinLength: true, webauthn:extension:prf: true, webauthn:virtualAuthenticators: true}
Session ID: 649a56b017854399db6a03881636c591
	at org.openqa.selenium.support.ui.WebDriverWait.timeoutException(WebDriverWait.java:84)
	at org.openqa.selenium.support.ui.FluentWait.until(FluentWait.java:228)
	at utility.Util.onClick(Util.java:32)
	at utility.Util.selectValueFromDropDownList(Util.java:87)
	at pages.AiAgentsListPage.verifySearchFilter(AiAgentsListPage.java:114)
	at tests.AI_AgentListTest.verifyRecordCountBasedOnSelectedChannelInFilter(AI_AgentListTest.java:65)
	at java.base/java.util.ArrayList.forEach(ArrayList.java:1511)
... Removed 27 stack frames
</div> <!-- stack-trace -->
                </div> <!-- method-content -->
              </div> <!-- method -->
              <div class="method">
                <div class="method-content">
                  <a name="verifylegendsButtonStatus">
                  </a> <!-- verifylegendsButtonStatus -->
                  <span class="method-name">verifylegendsButtonStatus</span>
                  <div class="stack-trace">org.openqa.selenium.TimeoutException: Expected condition failed: waiting for visibility of element located by By.xpath: //div[contains(@class,&quot;ant-select-single&quot;)] (tried for 20 second(s) with 500 milliseconds interval)
Build info: version: &apos;4.34.0&apos;, revision: &apos;707dcb4246*&apos;
System info: os.name: &apos;Windows 10&apos;, os.arch: &apos;amd64&apos;, os.version: &apos;10.0&apos;, java.version: &apos;17.0.11&apos;
Driver info: org.openqa.selenium.chrome.ChromeDriver
Capabilities {acceptInsecureCerts: false, browserName: chrome, browserVersion: 138.0.7204.169, chrome: {chromedriverVersion: 137.0.7151.70 (dfa4dc56b2ab..., userDataDir: C:\Users\Biraju\AppData\Loc...}, fedcm:accounts: true, goog:chromeOptions: {debuggerAddress: localhost:57086}, networkConnectionEnabled: false, pageLoadStrategy: normal, platformName: windows, proxy: Proxy(), se:cdp: ws://localhost:57086/devtoo..., se:cdpVersion: 138.0.7204.169, setWindowRect: true, strictFileInteractability: false, timeouts: {implicit: 0, pageLoad: 300000, script: 30000}, unhandledPromptBehavior: dismiss and notify, webauthn:extension:credBlob: true, webauthn:extension:largeBlob: true, webauthn:extension:minPinLength: true, webauthn:extension:prf: true, webauthn:virtualAuthenticators: true}
Session ID: 649a56b017854399db6a03881636c591
	at org.openqa.selenium.support.ui.WebDriverWait.timeoutException(WebDriverWait.java:84)
	at org.openqa.selenium.support.ui.FluentWait.until(FluentWait.java:228)
	at pages.AiAgentsListPage.selectEachFilterOptionsOneByOne(AiAgentsListPage.java:125)
	at pages.AiAgentsListPage.verifylegendsButton(AiAgentsListPage.java:219)
	at tests.AI_AgentListTest.verifylegendsButtonStatus(AI_AgentListTest.java:87)
	at java.base/java.util.ArrayList.forEach(ArrayList.java:1511)
... Removed 27 stack frames
</div> <!-- stack-trace -->
                </div> <!-- method-content -->
              </div> <!-- method -->
            </div> <!-- main-panel-content rounded-window-bottom -->
          </div> <!-- suite-Suite-class-failed -->
          <div class="suite-Suite-class-failed">
            <div class="main-panel-header rounded-window-top">
              <img src="failed.png"/>
              <span class="class-name">tests.LoginTest</span>
            </div> <!-- main-panel-header rounded-window-top -->
            <div class="main-panel-content rounded-window-bottom">
              <div class="method">
                <div class="method-content">
                  <a name="loginWithGmailAccount">
                  </a> <!-- loginWithGmailAccount -->
                  <span class="method-name">loginWithGmailAccount</span>
                  <div class="stack-trace">java.lang.AssertionError: Vertical menu items do not match for role: superadmin: lists don&apos;t have the same size expected [16] but found [15]
	at tests.LoginTest.loginWithGmailAccount(LoginTest.java:107)
	at java.base/java.util.ArrayList.forEach(ArrayList.java:1511)
... Removed 33 stack frames
</div> <!-- stack-trace -->
                  <em>
(Verify if user able to login with gmail account)                  </em>
                </div> <!-- method-content -->
              </div> <!-- method -->
              <div class="method">
                <div class="method-content">
                  <a name="verifyForgetPasswordLinkButton">
                  </a> <!-- verifyForgetPasswordLinkButton -->
                  <span class="method-name">verifyForgetPasswordLinkButton</span>
                  <div class="stack-trace">java.lang.AssertionError: expected not same [https://platform.fonada.ai/] but found [https://platform.fonada.ai/]
	at tests.LoginTest.verifyForgetPasswordLinkButton(LoginTest.java:65)
	at java.base/java.util.ArrayList.forEach(ArrayList.java:1511)
... Removed 31 stack frames
</div> <!-- stack-trace -->
                  <em>
(Verify Forget Link Button redirecting to forget password page or not)                  </em>
                </div> <!-- method-content -->
              </div> <!-- method -->
            </div> <!-- main-panel-content rounded-window-bottom -->
          </div> <!-- suite-Suite-class-failed -->
          <div class="suite-Suite-class-failed">
            <div class="main-panel-header rounded-window-top">
              <img src="failed.png"/>
              <span class="class-name">tests.SignUpTest</span>
            </div> <!-- main-panel-header rounded-window-top -->
            <div class="main-panel-content rounded-window-bottom">
              <div class="method">
                <div class="method-content">
                  <a name="verify_signUp_User_Functionality(Free)">
                  </a> <!-- verify_signUp_User_Functionality(Free) -->
                  <span class="method-name">verify_signUp_User_Functionality</span>
                  <span class="parameters">(Free)</span>
                  <div class="stack-trace">java.lang.AssertionError: Failed to create account expected [true] but found [false]
	at tests.SignUpTest.verify_signUp_User_Functionality(SignUpTest.java:34)
	at java.base/java.util.ArrayList.forEach(ArrayList.java:1511)
... Removed 30 stack frames
</div> <!-- stack-trace -->
                  <em>
(verify signUp User Functionality)                  </em>
                </div> <!-- method-content -->
              </div> <!-- method -->
              <div class="method">
                <div class="method-content">
                  <a name="verify_signUp_User_Functionality(Agency)">
                  </a> <!-- verify_signUp_User_Functionality(Agency) -->
                  <span class="method-name">verify_signUp_User_Functionality</span>
                  <span class="parameters">(Agency)</span>
                  <div class="stack-trace">java.lang.AssertionError: Failed to create account expected [true] but found [false]
	at tests.SignUpTest.verify_signUp_User_Functionality(SignUpTest.java:34)
	at java.base/java.util.ArrayList.forEach(ArrayList.java:1511)
... Removed 30 stack frames
</div> <!-- stack-trace -->
                  <em>
(verify signUp User Functionality)                  </em>
                </div> <!-- method-content -->
              </div> <!-- method -->
              <div class="method">
                <div class="method-content">
                  <a name="verify_signUp_User_Functionality(Enterprise)">
                  </a> <!-- verify_signUp_User_Functionality(Enterprise) -->
                  <span class="method-name">verify_signUp_User_Functionality</span>
                  <span class="parameters">(Enterprise)</span>
                  <div class="stack-trace">java.lang.AssertionError: Failed to create account expected [true] but found [false]
	at tests.SignUpTest.verify_signUp_User_Functionality(SignUpTest.java:34)
	at java.base/java.util.ArrayList.forEach(ArrayList.java:1511)
... Removed 30 stack frames
</div> <!-- stack-trace -->
                  <em>
(verify signUp User Functionality)                  </em>
                </div> <!-- method-content -->
              </div> <!-- method -->
              <div class="method">
                <div class="method-content">
                  <a name="verify_validation_if_user_already_exists(Agency)">
                  </a> <!-- verify_validation_if_user_already_exists(Agency) -->
                  <span class="method-name">verify_validation_if_user_already_exists</span>
                  <span class="parameters">(Agency)</span>
                  <div class="stack-trace">org.openqa.selenium.ElementClickInterceptedException: element click intercepted: Element is not clickable at point (675, 628)
  (Session info: chrome=138.0.7204.169)
Build info: version: &apos;4.34.0&apos;, revision: &apos;707dcb4246*&apos;
System info: os.name: &apos;Windows 10&apos;, os.arch: &apos;amd64&apos;, os.version: &apos;10.0&apos;, java.version: &apos;17.0.11&apos;
Driver info: org.openqa.selenium.chrome.ChromeDriver
Command: [b94a7141c56c767fb69cc2d8c2e7c714, clickElement {id=f.09033565CB7F84AECFFE65B8465AB7EC.d.B27FB7170C376F6A081F419D62E8F1C2.e.26}]
Capabilities {acceptInsecureCerts: false, browserName: chrome, browserVersion: 138.0.7204.169, chrome: {chromedriverVersion: 137.0.7151.70 (dfa4dc56b2ab..., userDataDir: C:\Users\Biraju\AppData\Loc...}, fedcm:accounts: true, goog:chromeOptions: {debuggerAddress: localhost:56041}, networkConnectionEnabled: false, pageLoadStrategy: normal, platformName: windows, proxy: Proxy(), se:cdp: ws://localhost:56041/devtoo..., se:cdpVersion: 138.0.7204.169, setWindowRect: true, strictFileInteractability: false, timeouts: {implicit: 0, pageLoad: 300000, script: 30000}, unhandledPromptBehavior: dismiss and notify, webauthn:extension:credBlob: true, webauthn:extension:largeBlob: true, webauthn:extension:minPinLength: true, webauthn:extension:prf: true, webauthn:virtualAuthenticators: true}
Element: [[ChromeDriver: chrome on windows (b94a7141c56c767fb69cc2d8c2e7c714)] -&gt; xpath: //button[@type=&apos;submit&apos;][text()=&quot;Sign up&quot;]]
Session ID: b94a7141c56c767fb69cc2d8c2e7c714
	at org.openqa.selenium.remote.ErrorCodec.decode(ErrorCodec.java:167)
	at org.openqa.selenium.remote.codec.w3c.W3CHttpResponseCodec.decode(W3CHttpResponseCodec.java:138)
	at org.openqa.selenium.remote.codec.w3c.W3CHttpResponseCodec.decode(W3CHttpResponseCodec.java:50)
	at org.openqa.selenium.remote.HttpCommandExecutor.execute(HttpCommandExecutor.java:215)
	at org.openqa.selenium.remote.service.DriverCommandExecutor.invokeExecute(DriverCommandExecutor.java:216)
	at org.openqa.selenium.remote.service.DriverCommandExecutor.execute(DriverCommandExecutor.java:174)
	at org.openqa.selenium.remote.RemoteWebDriver.execute(RemoteWebDriver.java:544)
	at org.openqa.selenium.remote.RemoteWebElement.execute(RemoteWebElement.java:223)
	at org.openqa.selenium.remote.RemoteWebElement.click(RemoteWebElement.java:76)
	at utility.Util.onClick(Util.java:32)
	at pages.SignUpPage.signUPwithAllreadyExistsUser(SignUpPage.java:54)
	at tests.SignUpTest.verify_validation_if_user_already_exists(SignUpTest.java:45)
	at java.base/java.util.ArrayList.forEach(ArrayList.java:1511)
... Removed 32 stack frames
</div> <!-- stack-trace -->
                  <em>
(verify validation if user already exists)                  </em>
                </div> <!-- method-content -->
              </div> <!-- method -->
              <div class="method">
                <div class="method-content">
                  <a name="verify_validation_if_user_already_exists(Enterprise)">
                  </a> <!-- verify_validation_if_user_already_exists(Enterprise) -->
                  <span class="method-name">verify_validation_if_user_already_exists</span>
                  <span class="parameters">(Enterprise)</span>
                  <div class="stack-trace">org.openqa.selenium.ElementClickInterceptedException: element click intercepted: Element is not clickable at point (675, 617)
  (Session info: chrome=138.0.7204.169)
Build info: version: &apos;4.34.0&apos;, revision: &apos;707dcb4246*&apos;
System info: os.name: &apos;Windows 10&apos;, os.arch: &apos;amd64&apos;, os.version: &apos;10.0&apos;, java.version: &apos;17.0.11&apos;
Driver info: org.openqa.selenium.chrome.ChromeDriver
Command: [b94a7141c56c767fb69cc2d8c2e7c714, clickElement {id=f.09033565CB7F84AECFFE65B8465AB7EC.d.B27FB7170C376F6A081F419D62E8F1C2.e.26}]
Capabilities {acceptInsecureCerts: false, browserName: chrome, browserVersion: 138.0.7204.169, chrome: {chromedriverVersion: 137.0.7151.70 (dfa4dc56b2ab..., userDataDir: C:\Users\Biraju\AppData\Loc...}, fedcm:accounts: true, goog:chromeOptions: {debuggerAddress: localhost:56041}, networkConnectionEnabled: false, pageLoadStrategy: normal, platformName: windows, proxy: Proxy(), se:cdp: ws://localhost:56041/devtoo..., se:cdpVersion: 138.0.7204.169, setWindowRect: true, strictFileInteractability: false, timeouts: {implicit: 0, pageLoad: 300000, script: 30000}, unhandledPromptBehavior: dismiss and notify, webauthn:extension:credBlob: true, webauthn:extension:largeBlob: true, webauthn:extension:minPinLength: true, webauthn:extension:prf: true, webauthn:virtualAuthenticators: true}
Element: [[ChromeDriver: chrome on windows (b94a7141c56c767fb69cc2d8c2e7c714)] -&gt; xpath: //button[@type=&apos;submit&apos;][text()=&quot;Sign up&quot;]]
Session ID: b94a7141c56c767fb69cc2d8c2e7c714
	at org.openqa.selenium.remote.ErrorCodec.decode(ErrorCodec.java:167)
	at org.openqa.selenium.remote.codec.w3c.W3CHttpResponseCodec.decode(W3CHttpResponseCodec.java:138)
	at org.openqa.selenium.remote.codec.w3c.W3CHttpResponseCodec.decode(W3CHttpResponseCodec.java:50)
	at org.openqa.selenium.remote.HttpCommandExecutor.execute(HttpCommandExecutor.java:215)
	at org.openqa.selenium.remote.service.DriverCommandExecutor.invokeExecute(DriverCommandExecutor.java:216)
	at org.openqa.selenium.remote.service.DriverCommandExecutor.execute(DriverCommandExecutor.java:174)
	at org.openqa.selenium.remote.RemoteWebDriver.execute(RemoteWebDriver.java:544)
	at org.openqa.selenium.remote.RemoteWebElement.execute(RemoteWebElement.java:223)
	at org.openqa.selenium.remote.RemoteWebElement.click(RemoteWebElement.java:76)
	at utility.Util.onClick(Util.java:32)
	at pages.SignUpPage.signUPwithAllreadyExistsUser(SignUpPage.java:54)
	at tests.SignUpTest.verify_validation_if_user_already_exists(SignUpTest.java:45)
	at java.base/java.util.ArrayList.forEach(ArrayList.java:1511)
... Removed 32 stack frames
</div> <!-- stack-trace -->
                  <em>
(verify validation if user already exists)                  </em>
                </div> <!-- method-content -->
              </div> <!-- method -->
              <div class="method">
                <div class="method-content">
                  <a name="verify_warining_message_if_user_not_signUp_successfully(Free)">
                  </a> <!-- verify_warining_message_if_user_not_signUp_successfully(Free) -->
                  <span class="method-name">verify_warining_message_if_user_not_signUp_successfully</span>
                  <span class="parameters">(Free)</span>
                  <div class="stack-trace">org.openqa.selenium.ElementClickInterceptedException: element click intercepted: Element is not clickable at point (675, 609)
  (Session info: chrome=138.0.7204.169)
Build info: version: &apos;4.34.0&apos;, revision: &apos;707dcb4246*&apos;
System info: os.name: &apos;Windows 10&apos;, os.arch: &apos;amd64&apos;, os.version: &apos;10.0&apos;, java.version: &apos;17.0.11&apos;
Driver info: org.openqa.selenium.chrome.ChromeDriver
Command: [b94a7141c56c767fb69cc2d8c2e7c714, clickElement {id=f.09033565CB7F84AECFFE65B8465AB7EC.d.B27FB7170C376F6A081F419D62E8F1C2.e.26}]
Capabilities {acceptInsecureCerts: false, browserName: chrome, browserVersion: 138.0.7204.169, chrome: {chromedriverVersion: 137.0.7151.70 (dfa4dc56b2ab..., userDataDir: C:\Users\Biraju\AppData\Loc...}, fedcm:accounts: true, goog:chromeOptions: {debuggerAddress: localhost:56041}, networkConnectionEnabled: false, pageLoadStrategy: normal, platformName: windows, proxy: Proxy(), se:cdp: ws://localhost:56041/devtoo..., se:cdpVersion: 138.0.7204.169, setWindowRect: true, strictFileInteractability: false, timeouts: {implicit: 0, pageLoad: 300000, script: 30000}, unhandledPromptBehavior: dismiss and notify, webauthn:extension:credBlob: true, webauthn:extension:largeBlob: true, webauthn:extension:minPinLength: true, webauthn:extension:prf: true, webauthn:virtualAuthenticators: true}
Element: [[ChromeDriver: chrome on windows (b94a7141c56c767fb69cc2d8c2e7c714)] -&gt; xpath: //button[@type=&apos;submit&apos;][text()=&quot;Sign up&quot;]]
Session ID: b94a7141c56c767fb69cc2d8c2e7c714
	at org.openqa.selenium.remote.ErrorCodec.decode(ErrorCodec.java:167)
	at org.openqa.selenium.remote.codec.w3c.W3CHttpResponseCodec.decode(W3CHttpResponseCodec.java:138)
	at org.openqa.selenium.remote.codec.w3c.W3CHttpResponseCodec.decode(W3CHttpResponseCodec.java:50)
	at org.openqa.selenium.remote.HttpCommandExecutor.execute(HttpCommandExecutor.java:215)
	at org.openqa.selenium.remote.service.DriverCommandExecutor.invokeExecute(DriverCommandExecutor.java:216)
	at org.openqa.selenium.remote.service.DriverCommandExecutor.execute(DriverCommandExecutor.java:174)
	at org.openqa.selenium.remote.RemoteWebDriver.execute(RemoteWebDriver.java:544)
	at org.openqa.selenium.remote.RemoteWebElement.execute(RemoteWebElement.java:223)
	at org.openqa.selenium.remote.RemoteWebElement.click(RemoteWebElement.java:76)
	at utility.Util.onClick(Util.java:32)
	at pages.SignUpPage.signUP(SignUpPage.java:44)
	at tests.SignUpTest.verify_warining_message_if_user_not_signUp_successfully(SignUpTest.java:39)
	at java.base/java.util.ArrayList.forEach(ArrayList.java:1511)
... Removed 32 stack frames
</div> <!-- stack-trace -->
                  <em>
(verify warining message if user not signUp successfully)                  </em>
                </div> <!-- method-content -->
              </div> <!-- method -->
            </div> <!-- main-panel-content rounded-window-bottom -->
          </div> <!-- suite-Suite-class-failed -->
          <div class="suite-Suite-class-failed">
            <div class="main-panel-header rounded-window-top">
              <img src="failed.png"/>
              <span class="class-name">tests.VerticalMenusTest</span>
            </div> <!-- main-panel-header rounded-window-top -->
            <div class="main-panel-content rounded-window-bottom">
              <div class="method">
                <div class="method-content">
                  <a name="verifyVerticalMenusListBasedOnRole(admin, biraju@fonda.com, Admin@1234)">
                  </a> <!-- verifyVerticalMenusListBasedOnRole(admin, biraju@fonda.com, Admin@1234) -->
                  <span class="method-name">verifyVerticalMenusListBasedOnRole</span>
                  <span class="parameters">(admin, biraju@fonda.com, Admin@1234)</span>
                  <div class="stack-trace">org.openqa.selenium.TimeoutException: Expected condition failed: waiting for visibility of all elements located by By.cssSelector: ul[class=&quot;-mx-2 space-y-1&quot;] &gt; li a (tried for 20 second(s) with 500 milliseconds interval)
Build info: version: &apos;4.34.0&apos;, revision: &apos;707dcb4246*&apos;
System info: os.name: &apos;Windows 10&apos;, os.arch: &apos;amd64&apos;, os.version: &apos;10.0&apos;, java.version: &apos;17.0.11&apos;
Driver info: org.openqa.selenium.chrome.ChromeDriver
Capabilities {acceptInsecureCerts: false, browserName: chrome, browserVersion: 138.0.7204.169, chrome: {chromedriverVersion: 137.0.7151.70 (dfa4dc56b2ab..., userDataDir: C:\Users\Biraju\AppData\Loc...}, fedcm:accounts: true, goog:chromeOptions: {debuggerAddress: localhost:57665}, networkConnectionEnabled: false, pageLoadStrategy: normal, platformName: windows, proxy: Proxy(), se:cdp: ws://localhost:57665/devtoo..., se:cdpVersion: 138.0.7204.169, setWindowRect: true, strictFileInteractability: false, timeouts: {implicit: 0, pageLoad: 300000, script: 30000}, unhandledPromptBehavior: dismiss and notify, webauthn:extension:credBlob: true, webauthn:extension:largeBlob: true, webauthn:extension:minPinLength: true, webauthn:extension:prf: true, webauthn:virtualAuthenticators: true}
Session ID: f766cfb41efff6718d5c80e8690a289d
	at org.openqa.selenium.support.ui.WebDriverWait.timeoutException(WebDriverWait.java:84)
	at org.openqa.selenium.support.ui.FluentWait.until(FluentWait.java:228)
	at utility.Util.fetchAllOptions(Util.java:71)
	at pages.VerticalMenus.getAllVerticalMenusName(VerticalMenus.java:25)
	at tests.VerticalMenusTest.verifyVerticalMenusListBasedOnRole(VerticalMenusTest.java:75)
	at java.base/java.util.ArrayList.forEach(ArrayList.java:1511)
... Removed 27 stack frames
</div> <!-- stack-trace -->
                </div> <!-- method-content -->
              </div> <!-- method -->
              <div class="method">
                <div class="method-content">
                  <a name="verifyVerticalMenusListBasedOnRole(superadmin, saddam.groot@gmail.com, Admin@1234)">
                  </a> <!-- verifyVerticalMenusListBasedOnRole(superadmin, saddam.groot@gmail.com, Admin@1234) -->
                  <span class="method-name">verifyVerticalMenusListBasedOnRole</span>
                  <span class="parameters">(superadmin, saddam.groot@gmail.com, Admin@1234)</span>
                  <div class="stack-trace">org.openqa.selenium.TimeoutException: Expected condition failed: waiting for visibility of all elements located by By.cssSelector: ul[class=&quot;-mx-2 space-y-1&quot;] &gt; li a (tried for 20 second(s) with 500 milliseconds interval)
Build info: version: &apos;4.34.0&apos;, revision: &apos;707dcb4246*&apos;
System info: os.name: &apos;Windows 10&apos;, os.arch: &apos;amd64&apos;, os.version: &apos;10.0&apos;, java.version: &apos;17.0.11&apos;
Driver info: org.openqa.selenium.chrome.ChromeDriver
Capabilities {acceptInsecureCerts: false, browserName: chrome, browserVersion: 138.0.7204.169, chrome: {chromedriverVersion: 137.0.7151.70 (dfa4dc56b2ab..., userDataDir: C:\Users\Biraju\AppData\Loc...}, fedcm:accounts: true, goog:chromeOptions: {debuggerAddress: localhost:57709}, networkConnectionEnabled: false, pageLoadStrategy: normal, platformName: windows, proxy: Proxy(), se:cdp: ws://localhost:57709/devtoo..., se:cdpVersion: 138.0.7204.169, setWindowRect: true, strictFileInteractability: false, timeouts: {implicit: 0, pageLoad: 300000, script: 30000}, unhandledPromptBehavior: dismiss and notify, webauthn:extension:credBlob: true, webauthn:extension:largeBlob: true, webauthn:extension:minPinLength: true, webauthn:extension:prf: true, webauthn:virtualAuthenticators: true}
Session ID: 3a05237e3df9dacd80e1df2a250e1eeb
	at org.openqa.selenium.support.ui.WebDriverWait.timeoutException(WebDriverWait.java:84)
	at org.openqa.selenium.support.ui.FluentWait.until(FluentWait.java:228)
	at utility.Util.fetchAllOptions(Util.java:71)
	at pages.VerticalMenus.getAllVerticalMenusName(VerticalMenus.java:25)
	at tests.VerticalMenusTest.verifyVerticalMenusListBasedOnRole(VerticalMenusTest.java:75)
	at java.base/java.util.ArrayList.forEach(ArrayList.java:1511)
... Removed 27 stack frames
</div> <!-- stack-trace -->
                </div> <!-- method-content -->
              </div> <!-- method -->
              <div class="method">
                <div class="method-content">
                  <a name="verifyVerticalMenusListBasedOnRole(user, rajesh@gmail.com, Admin@1234)">
                  </a> <!-- verifyVerticalMenusListBasedOnRole(user, rajesh@gmail.com, Admin@1234) -->
                  <span class="method-name">verifyVerticalMenusListBasedOnRole</span>
                  <span class="parameters">(user, rajesh@gmail.com, Admin@1234)</span>
                  <div class="stack-trace">java.lang.AssertionError: Vertical menu items do not match for role: user: Lists differ at element [7]: Templates != Social Media expected [Templates] but found [Social Media]
	at tests.VerticalMenusTest.verifyVerticalMenusListBasedOnRole(VerticalMenusTest.java:85)
	at java.base/java.util.ArrayList.forEach(ArrayList.java:1511)
... Removed 31 stack frames
</div> <!-- stack-trace -->
                </div> <!-- method-content -->
              </div> <!-- method -->
            </div> <!-- main-panel-content rounded-window-bottom -->
          </div> <!-- suite-Suite-class-failed -->
          <div class="suite-Suite-class-failed">
            <div class="main-panel-header rounded-window-top">
              <img src="failed.png"/>
              <span class="class-name">tests.BotGenerationTest</span>
            </div> <!-- main-panel-header rounded-window-top -->
            <div class="main-panel-content rounded-window-bottom">
              <div class="method">
                <div class="method-content">
                  <a name="openCreateNewBotForm(Telephony)">
                  </a> <!-- openCreateNewBotForm(Telephony) -->
                  <span class="method-name">openCreateNewBotForm</span>
                  <span class="parameters">(Telephony)</span>
                  <div class="stack-trace">org.openqa.selenium.ElementClickInterceptedException: element click intercepted: Element is not clickable at point (793, -638)
  (Session info: chrome=138.0.7204.169)
Build info: version: &apos;4.34.0&apos;, revision: &apos;707dcb4246*&apos;
System info: os.name: &apos;Windows 10&apos;, os.arch: &apos;amd64&apos;, os.version: &apos;10.0&apos;, java.version: &apos;17.0.11&apos;
Driver info: org.openqa.selenium.chrome.ChromeDriver
Command: [8d440b5c446fb8b5eecd010d48bdad74, clickElement {id=f.C29DED36EAA460CFA6A5D9B024E2F2B9.d.ED091E27A09B90F1180DA1CD9E97249B.e.320}]
Capabilities {acceptInsecureCerts: false, browserName: chrome, browserVersion: 138.0.7204.169, chrome: {chromedriverVersion: 137.0.7151.70 (dfa4dc56b2ab..., userDataDir: C:\Users\Biraju\AppData\Loc...}, fedcm:accounts: true, goog:chromeOptions: {debuggerAddress: localhost:56397}, networkConnectionEnabled: false, pageLoadStrategy: normal, platformName: windows, proxy: Proxy(), se:cdp: ws://localhost:56397/devtoo..., se:cdpVersion: 138.0.7204.169, setWindowRect: true, strictFileInteractability: false, timeouts: {implicit: 0, pageLoad: 300000, script: 30000}, unhandledPromptBehavior: dismiss and notify, webauthn:extension:credBlob: true, webauthn:extension:largeBlob: true, webauthn:extension:minPinLength: true, webauthn:extension:prf: true, webauthn:virtualAuthenticators: true}
Element: [[ChromeDriver: chrome on windows (8d440b5c446fb8b5eecd010d48bdad74)] -&gt; xpath: //span[@title=&apos;Groq&apos;]]
Session ID: 8d440b5c446fb8b5eecd010d48bdad74
	at org.openqa.selenium.remote.ErrorCodec.decode(ErrorCodec.java:167)
	at org.openqa.selenium.remote.codec.w3c.W3CHttpResponseCodec.decode(W3CHttpResponseCodec.java:138)
	at org.openqa.selenium.remote.codec.w3c.W3CHttpResponseCodec.decode(W3CHttpResponseCodec.java:50)
	at org.openqa.selenium.remote.HttpCommandExecutor.execute(HttpCommandExecutor.java:215)
	at org.openqa.selenium.remote.service.DriverCommandExecutor.invokeExecute(DriverCommandExecutor.java:216)
	at org.openqa.selenium.remote.service.DriverCommandExecutor.execute(DriverCommandExecutor.java:174)
	at org.openqa.selenium.remote.RemoteWebDriver.execute(RemoteWebDriver.java:544)
	at org.openqa.selenium.remote.RemoteWebElement.execute(RemoteWebElement.java:223)
	at org.openqa.selenium.remote.RemoteWebElement.click(RemoteWebElement.java:76)
	at utility.Util.onClick(Util.java:32)
	at utility.Util.selectValueFromDropDownList(Util.java:87)
	at pages.BasicInfoPage.fillBasicInfoOfBOT(BasicInfoPage.java:77)
	at tests.BotGenerationTest.openCreateNewBotForm(BotGenerationTest.java:50)
	at java.base/java.util.ArrayList.forEach(ArrayList.java:1511)
... Removed 32 stack frames
</div> <!-- stack-trace -->
                </div> <!-- method-content -->
              </div> <!-- method -->
              <div class="method">
                <div class="method-content">
                  <a name="openCreateNewBotForm(Chat Bot)">
                  </a> <!-- openCreateNewBotForm(Chat Bot) -->
                  <span class="method-name">openCreateNewBotForm</span>
                  <span class="parameters">(Chat Bot)</span>
                  <div class="stack-trace">org.openqa.selenium.TimeoutException: Expected condition failed: waiting for element to be clickable: By.cssSelector: div:nth-child(8) div:nth-child(1) div:nth-child(2) div:nth-child(1) div:nth-child(1) div:nth-child(1) div:nth-child(1) span:nth-child(1) span:nth-child(2) (tried for 20 second(s) with 500 milliseconds interval)
Build info: version: &apos;4.34.0&apos;, revision: &apos;707dcb4246*&apos;
System info: os.name: &apos;Windows 10&apos;, os.arch: &apos;amd64&apos;, os.version: &apos;10.0&apos;, java.version: &apos;17.0.11&apos;
Driver info: org.openqa.selenium.chrome.ChromeDriver
Capabilities {acceptInsecureCerts: false, browserName: chrome, browserVersion: 138.0.7204.169, chrome: {chromedriverVersion: 137.0.7151.70 (dfa4dc56b2ab..., userDataDir: C:\Users\Biraju\AppData\Loc...}, fedcm:accounts: true, goog:chromeOptions: {debuggerAddress: localhost:56397}, networkConnectionEnabled: false, pageLoadStrategy: normal, platformName: windows, proxy: Proxy(), se:cdp: ws://localhost:56397/devtoo..., se:cdpVersion: 138.0.7204.169, setWindowRect: true, strictFileInteractability: false, timeouts: {implicit: 0, pageLoad: 300000, script: 30000}, unhandledPromptBehavior: dismiss and notify, webauthn:extension:credBlob: true, webauthn:extension:largeBlob: true, webauthn:extension:minPinLength: true, webauthn:extension:prf: true, webauthn:virtualAuthenticators: true}
Session ID: 8d440b5c446fb8b5eecd010d48bdad74
	at org.openqa.selenium.support.ui.WebDriverWait.timeoutException(WebDriverWait.java:84)
	at org.openqa.selenium.support.ui.FluentWait.until(FluentWait.java:228)
	at utility.Util.onClick(Util.java:32)
	at utility.Util.selectValueFromDropDownList(Util.java:87)
	at pages.BasicInfoPage.fillBasicInfoOfBOT(BasicInfoPage.java:78)
	at tests.BotGenerationTest.openCreateNewBotForm(BotGenerationTest.java:50)
	at java.base/java.util.ArrayList.forEach(ArrayList.java:1511)
... Removed 27 stack frames
</div> <!-- stack-trace -->
                </div> <!-- method-content -->
              </div> <!-- method -->
              <div class="method">
                <div class="method-content">
                  <a name="openCreateNewBotForm(RCS)">
                  </a> <!-- openCreateNewBotForm(RCS) -->
                  <span class="method-name">openCreateNewBotForm</span>
                  <span class="parameters">(RCS)</span>
                  <div class="stack-trace">org.openqa.selenium.ElementClickInterceptedException: element click intercepted: Element &lt;span&gt;...&lt;/span&gt; is not clickable at point (1227, 509). Other element would receive the click: &lt;button type=&quot;button&quot; class=&quot;ant-btn css-7t2xvq ant-btn-primary ant-btn-color-primary ant-btn-variant-solid ant-btn-lg&quot; disabled=&quot;&quot; style=&quot;border-radius: 8px; height: 48px; padding-left: 32px; padding-right: 32px; font-size: 16px;&quot;&gt;...&lt;/button&gt;
  (Session info: chrome=138.0.7204.169)
Build info: version: &apos;4.34.0&apos;, revision: &apos;707dcb4246*&apos;
System info: os.name: &apos;Windows 10&apos;, os.arch: &apos;amd64&apos;, os.version: &apos;10.0&apos;, java.version: &apos;17.0.11&apos;
Driver info: org.openqa.selenium.chrome.ChromeDriver
Command: [8d440b5c446fb8b5eecd010d48bdad74, clickElement {id=f.C29DED36EAA460CFA6A5D9B024E2F2B9.d.ED091E27A09B90F1180DA1CD9E97249B.e.533}]
Capabilities {acceptInsecureCerts: false, browserName: chrome, browserVersion: 138.0.7204.169, chrome: {chromedriverVersion: 137.0.7151.70 (dfa4dc56b2ab..., userDataDir: C:\Users\Biraju\AppData\Loc...}, fedcm:accounts: true, goog:chromeOptions: {debuggerAddress: localhost:56397}, networkConnectionEnabled: false, pageLoadStrategy: normal, platformName: windows, proxy: Proxy(), se:cdp: ws://localhost:56397/devtoo..., se:cdpVersion: 138.0.7204.169, setWindowRect: true, strictFileInteractability: false, timeouts: {implicit: 0, pageLoad: 300000, script: 30000}, unhandledPromptBehavior: dismiss and notify, webauthn:extension:credBlob: true, webauthn:extension:largeBlob: true, webauthn:extension:minPinLength: true, webauthn:extension:prf: true, webauthn:virtualAuthenticators: true}
Element: [[ChromeDriver: chrome on windows (8d440b5c446fb8b5eecd010d48bdad74)] -&gt; xpath: //span[text()=&quot;Next Step&quot;]]
Session ID: 8d440b5c446fb8b5eecd010d48bdad74
	at org.openqa.selenium.remote.ErrorCodec.decode(ErrorCodec.java:167)
	at org.openqa.selenium.remote.codec.w3c.W3CHttpResponseCodec.decode(W3CHttpResponseCodec.java:138)
	at org.openqa.selenium.remote.codec.w3c.W3CHttpResponseCodec.decode(W3CHttpResponseCodec.java:50)
	at org.openqa.selenium.remote.HttpCommandExecutor.execute(HttpCommandExecutor.java:215)
	at org.openqa.selenium.remote.service.DriverCommandExecutor.invokeExecute(DriverCommandExecutor.java:216)
	at org.openqa.selenium.remote.service.DriverCommandExecutor.execute(DriverCommandExecutor.java:174)
	at org.openqa.selenium.remote.RemoteWebDriver.execute(RemoteWebDriver.java:544)
	at org.openqa.selenium.remote.RemoteWebElement.execute(RemoteWebElement.java:223)
	at org.openqa.selenium.remote.RemoteWebElement.click(RemoteWebElement.java:76)
	at utility.Util.onClick(Util.java:32)
	at pages.KnowledgeBasePage.clickOnNextStepButton(KnowledgeBasePage.java:23)
	at tests.BotGenerationTest.openCreateNewBotForm(BotGenerationTest.java:50)
	at java.base/java.util.ArrayList.forEach(ArrayList.java:1511)
... Removed 32 stack frames
</div> <!-- stack-trace -->
                </div> <!-- method-content -->
              </div> <!-- method -->
              <div class="method">
                <div class="method-content">
                  <a name="openCreateNewBotForm(Web Widget)">
                  </a> <!-- openCreateNewBotForm(Web Widget) -->
                  <span class="method-name">openCreateNewBotForm</span>
                  <span class="parameters">(Web Widget)</span>
                  <div class="stack-trace">org.openqa.selenium.ElementClickInterceptedException: element click intercepted: Element is not clickable at point (793, -638)
  (Session info: chrome=138.0.7204.169)
Build info: version: &apos;4.34.0&apos;, revision: &apos;707dcb4246*&apos;
System info: os.name: &apos;Windows 10&apos;, os.arch: &apos;amd64&apos;, os.version: &apos;10.0&apos;, java.version: &apos;17.0.11&apos;
Driver info: org.openqa.selenium.chrome.ChromeDriver
Command: [8d440b5c446fb8b5eecd010d48bdad74, clickElement {id=f.C29DED36EAA460CFA6A5D9B024E2F2B9.d.ED091E27A09B90F1180DA1CD9E97249B.e.385}]
Capabilities {acceptInsecureCerts: false, browserName: chrome, browserVersion: 138.0.7204.169, chrome: {chromedriverVersion: 137.0.7151.70 (dfa4dc56b2ab..., userDataDir: C:\Users\Biraju\AppData\Loc...}, fedcm:accounts: true, goog:chromeOptions: {debuggerAddress: localhost:56397}, networkConnectionEnabled: false, pageLoadStrategy: normal, platformName: windows, proxy: Proxy(), se:cdp: ws://localhost:56397/devtoo..., se:cdpVersion: 138.0.7204.169, setWindowRect: true, strictFileInteractability: false, timeouts: {implicit: 0, pageLoad: 300000, script: 30000}, unhandledPromptBehavior: dismiss and notify, webauthn:extension:credBlob: true, webauthn:extension:largeBlob: true, webauthn:extension:minPinLength: true, webauthn:extension:prf: true, webauthn:virtualAuthenticators: true}
Element: [[ChromeDriver: chrome on windows (8d440b5c446fb8b5eecd010d48bdad74)] -&gt; xpath: //span[@title=&apos;Groq&apos;]]
Session ID: 8d440b5c446fb8b5eecd010d48bdad74
	at org.openqa.selenium.remote.ErrorCodec.decode(ErrorCodec.java:167)
	at org.openqa.selenium.remote.codec.w3c.W3CHttpResponseCodec.decode(W3CHttpResponseCodec.java:138)
	at org.openqa.selenium.remote.codec.w3c.W3CHttpResponseCodec.decode(W3CHttpResponseCodec.java:50)
	at org.openqa.selenium.remote.HttpCommandExecutor.execute(HttpCommandExecutor.java:215)
	at org.openqa.selenium.remote.service.DriverCommandExecutor.invokeExecute(DriverCommandExecutor.java:216)
	at org.openqa.selenium.remote.service.DriverCommandExecutor.execute(DriverCommandExecutor.java:174)
	at org.openqa.selenium.remote.RemoteWebDriver.execute(RemoteWebDriver.java:544)
	at org.openqa.selenium.remote.RemoteWebElement.execute(RemoteWebElement.java:223)
	at org.openqa.selenium.remote.RemoteWebElement.click(RemoteWebElement.java:76)
	at utility.Util.onClick(Util.java:32)
	at utility.Util.selectValueFromDropDownList(Util.java:87)
	at pages.BasicInfoPage.fillBasicInfoOfBOT(BasicInfoPage.java:77)
	at tests.BotGenerationTest.openCreateNewBotForm(BotGenerationTest.java:50)
	at java.base/java.util.ArrayList.forEach(ArrayList.java:1511)
... Removed 32 stack frames
</div> <!-- stack-trace -->
                </div> <!-- method-content -->
              </div> <!-- method -->
              <div class="method">
                <div class="method-content">
                  <a name="openCreateNewBotForm(WhatsApp Business)">
                  </a> <!-- openCreateNewBotForm(WhatsApp Business) -->
                  <span class="method-name">openCreateNewBotForm</span>
                  <span class="parameters">(WhatsApp Business)</span>
                  <div class="stack-trace">org.openqa.selenium.ElementClickInterceptedException: element click intercepted: Element &lt;span&gt;...&lt;/span&gt; is not clickable at point (1227, 509). Other element would receive the click: &lt;button type=&quot;button&quot; class=&quot;ant-btn css-7t2xvq ant-btn-primary ant-btn-color-primary ant-btn-variant-solid ant-btn-lg&quot; disabled=&quot;&quot; style=&quot;border-radius: 8px; height: 48px; padding-left: 32px; padding-right: 32px; font-size: 16px;&quot;&gt;...&lt;/button&gt;
  (Session info: chrome=138.0.7204.169)
Build info: version: &apos;4.34.0&apos;, revision: &apos;707dcb4246*&apos;
System info: os.name: &apos;Windows 10&apos;, os.arch: &apos;amd64&apos;, os.version: &apos;10.0&apos;, java.version: &apos;17.0.11&apos;
Driver info: org.openqa.selenium.chrome.ChromeDriver
Command: [8d440b5c446fb8b5eecd010d48bdad74, clickElement {id=f.C29DED36EAA460CFA6A5D9B024E2F2B9.d.ED091E27A09B90F1180DA1CD9E97249B.e.617}]
Capabilities {acceptInsecureCerts: false, browserName: chrome, browserVersion: 138.0.7204.169, chrome: {chromedriverVersion: 137.0.7151.70 (dfa4dc56b2ab..., userDataDir: C:\Users\Biraju\AppData\Loc...}, fedcm:accounts: true, goog:chromeOptions: {debuggerAddress: localhost:56397}, networkConnectionEnabled: false, pageLoadStrategy: normal, platformName: windows, proxy: Proxy(), se:cdp: ws://localhost:56397/devtoo..., se:cdpVersion: 138.0.7204.169, setWindowRect: true, strictFileInteractability: false, timeouts: {implicit: 0, pageLoad: 300000, script: 30000}, unhandledPromptBehavior: dismiss and notify, webauthn:extension:credBlob: true, webauthn:extension:largeBlob: true, webauthn:extension:minPinLength: true, webauthn:extension:prf: true, webauthn:virtualAuthenticators: true}
Element: [[ChromeDriver: chrome on windows (8d440b5c446fb8b5eecd010d48bdad74)] -&gt; xpath: //span[text()=&quot;Next Step&quot;]]
Session ID: 8d440b5c446fb8b5eecd010d48bdad74
	at org.openqa.selenium.remote.ErrorCodec.decode(ErrorCodec.java:167)
	at org.openqa.selenium.remote.codec.w3c.W3CHttpResponseCodec.decode(W3CHttpResponseCodec.java:138)
	at org.openqa.selenium.remote.codec.w3c.W3CHttpResponseCodec.decode(W3CHttpResponseCodec.java:50)
	at org.openqa.selenium.remote.HttpCommandExecutor.execute(HttpCommandExecutor.java:215)
	at org.openqa.selenium.remote.service.DriverCommandExecutor.invokeExecute(DriverCommandExecutor.java:216)
	at org.openqa.selenium.remote.service.DriverCommandExecutor.execute(DriverCommandExecutor.java:174)
	at org.openqa.selenium.remote.RemoteWebDriver.execute(RemoteWebDriver.java:544)
	at org.openqa.selenium.remote.RemoteWebElement.execute(RemoteWebElement.java:223)
	at org.openqa.selenium.remote.RemoteWebElement.click(RemoteWebElement.java:76)
	at utility.Util.onClick(Util.java:32)
	at pages.KnowledgeBasePage.clickOnNextStepButton(KnowledgeBasePage.java:23)
	at tests.BotGenerationTest.openCreateNewBotForm(BotGenerationTest.java:50)
	at java.base/java.util.ArrayList.forEach(ArrayList.java:1511)
... Removed 32 stack frames
</div> <!-- stack-trace -->
                </div> <!-- method-content -->
              </div> <!-- method -->
              <div class="method">
                <div class="method-content">
                  <a name="verifyAllBotGeneration(RCS)">
                  </a> <!-- verifyAllBotGeneration(RCS) -->
                  <span class="method-name">verifyAllBotGeneration</span>
                  <span class="parameters">(RCS)</span>
                  <div class="stack-trace">org.openqa.selenium.TimeoutException: Expected condition failed: waiting for visibility of [[ChromeDriver: chrome on windows (8d440b5c446fb8b5eecd010d48bdad74)] -&gt; css selector: input#agent_type] (tried for 20 second(s) with 500 milliseconds interval)
Build info: version: &apos;4.34.0&apos;, revision: &apos;707dcb4246*&apos;
System info: os.name: &apos;Windows 10&apos;, os.arch: &apos;amd64&apos;, os.version: &apos;10.0&apos;, java.version: &apos;17.0.11&apos;
Driver info: org.openqa.selenium.chrome.ChromeDriver
Capabilities {acceptInsecureCerts: false, browserName: chrome, browserVersion: 138.0.7204.169, chrome: {chromedriverVersion: 137.0.7151.70 (dfa4dc56b2ab..., userDataDir: C:\Users\Biraju\AppData\Loc...}, fedcm:accounts: true, goog:chromeOptions: {debuggerAddress: localhost:56397}, networkConnectionEnabled: false, pageLoadStrategy: normal, platformName: windows, proxy: Proxy(), se:cdp: ws://localhost:56397/devtoo..., se:cdpVersion: 138.0.7204.169, setWindowRect: true, strictFileInteractability: false, timeouts: {implicit: 0, pageLoad: 300000, script: 30000}, unhandledPromptBehavior: dismiss and notify, webauthn:extension:credBlob: true, webauthn:extension:largeBlob: true, webauthn:extension:minPinLength: true, webauthn:extension:prf: true, webauthn:virtualAuthenticators: true}
Session ID: 8d440b5c446fb8b5eecd010d48bdad74
	at org.openqa.selenium.support.ui.WebDriverWait.timeoutException(WebDriverWait.java:84)
	at org.openqa.selenium.support.ui.FluentWait.until(FluentWait.java:228)
	at utility.Util.scrollTillView(Util.java:131)
	at pages.BasicInfoPage.fillBasicInfoOfBOTDynamic(BasicInfoPage.java:162)
	at tests.BotGenerationTest.verifyAllBotGeneration(BotGenerationTest.java:58)
	at java.base/java.util.ArrayList.forEach(ArrayList.java:1511)
... Removed 27 stack frames
</div> <!-- stack-trace -->
                </div> <!-- method-content -->
              </div> <!-- method -->
              <div class="method">
                <div class="method-content">
                  <a name="verifyAllBotGeneration(Web Widget)">
                  </a> <!-- verifyAllBotGeneration(Web Widget) -->
                  <span class="method-name">verifyAllBotGeneration</span>
                  <span class="parameters">(Web Widget)</span>
                  <div class="stack-trace">org.openqa.selenium.ElementClickInterceptedException: element click intercepted: Element is not clickable at point (793, 746)
  (Session info: chrome=138.0.7204.169)
Build info: version: &apos;4.34.0&apos;, revision: &apos;707dcb4246*&apos;
System info: os.name: &apos;Windows 10&apos;, os.arch: &apos;amd64&apos;, os.version: &apos;10.0&apos;, java.version: &apos;17.0.11&apos;
Driver info: org.openqa.selenium.chrome.ChromeDriver
Command: [8d440b5c446fb8b5eecd010d48bdad74, clickElement {id=f.C29DED36EAA460CFA6A5D9B024E2F2B9.d.ED091E27A09B90F1180DA1CD9E97249B.e.742}]
Capabilities {acceptInsecureCerts: false, browserName: chrome, browserVersion: 138.0.7204.169, chrome: {chromedriverVersion: 137.0.7151.70 (dfa4dc56b2ab..., userDataDir: C:\Users\Biraju\AppData\Loc...}, fedcm:accounts: true, goog:chromeOptions: {debuggerAddress: localhost:56397}, networkConnectionEnabled: false, pageLoadStrategy: normal, platformName: windows, proxy: Proxy(), se:cdp: ws://localhost:56397/devtoo..., se:cdpVersion: 138.0.7204.169, setWindowRect: true, strictFileInteractability: false, timeouts: {implicit: 0, pageLoad: 300000, script: 30000}, unhandledPromptBehavior: dismiss and notify, webauthn:extension:credBlob: true, webauthn:extension:largeBlob: true, webauthn:extension:minPinLength: true, webauthn:extension:prf: true, webauthn:virtualAuthenticators: true}
Element: [[ChromeDriver: chrome on windows (8d440b5c446fb8b5eecd010d48bdad74)] -&gt; css selector: div:nth-child(8) div:nth-child(1) div:nth-child(2) div:nth-child(1) div:nth-child(1) div:nth-child(1) div:nth-child(1) span:nth-child(1) span:nth-child(2)]
Session ID: 8d440b5c446fb8b5eecd010d48bdad74
	at org.openqa.selenium.remote.ErrorCodec.decode(ErrorCodec.java:167)
	at org.openqa.selenium.remote.codec.w3c.W3CHttpResponseCodec.decode(W3CHttpResponseCodec.java:138)
	at org.openqa.selenium.remote.codec.w3c.W3CHttpResponseCodec.decode(W3CHttpResponseCodec.java:50)
	at org.openqa.selenium.remote.HttpCommandExecutor.execute(HttpCommandExecutor.java:215)
	at org.openqa.selenium.remote.service.DriverCommandExecutor.invokeExecute(DriverCommandExecutor.java:216)
	at org.openqa.selenium.remote.service.DriverCommandExecutor.execute(DriverCommandExecutor.java:174)
	at org.openqa.selenium.remote.RemoteWebDriver.execute(RemoteWebDriver.java:544)
	at org.openqa.selenium.remote.RemoteWebElement.execute(RemoteWebElement.java:223)
	at org.openqa.selenium.remote.RemoteWebElement.click(RemoteWebElement.java:76)
	at utility.Util.onClick(Util.java:32)
	at utility.Util.selectValueFromDropDownList(Util.java:87)
	at pages.BasicInfoPage.fillBasicInfoOfBOTDynamic(BasicInfoPage.java:121)
	at tests.BotGenerationTest.verifyAllBotGeneration(BotGenerationTest.java:58)
	at java.base/java.util.ArrayList.forEach(ArrayList.java:1511)
... Removed 32 stack frames
</div> <!-- stack-trace -->
                </div> <!-- method-content -->
              </div> <!-- method -->
              <div class="method">
                <div class="method-content">
                  <a name="verifyAllBotGeneration(Telephony)">
                  </a> <!-- verifyAllBotGeneration(Telephony) -->
                  <span class="method-name">verifyAllBotGeneration</span>
                  <span class="parameters">(Telephony)</span>
                  <div class="stack-trace">org.openqa.selenium.TimeoutException: Expected condition failed: waiting for element to be clickable: By.cssSelector: input#agent_type (tried for 20 second(s) with 500 milliseconds interval)
Build info: version: &apos;4.34.0&apos;, revision: &apos;707dcb4246*&apos;
System info: os.name: &apos;Windows 10&apos;, os.arch: &apos;amd64&apos;, os.version: &apos;10.0&apos;, java.version: &apos;17.0.11&apos;
Driver info: org.openqa.selenium.chrome.ChromeDriver
Capabilities {acceptInsecureCerts: false, browserName: chrome, browserVersion: 138.0.7204.169, chrome: {chromedriverVersion: 137.0.7151.70 (dfa4dc56b2ab..., userDataDir: C:\Users\Biraju\AppData\Loc...}, fedcm:accounts: true, goog:chromeOptions: {debuggerAddress: localhost:56397}, networkConnectionEnabled: false, pageLoadStrategy: normal, platformName: windows, proxy: Proxy(), se:cdp: ws://localhost:56397/devtoo..., se:cdpVersion: 138.0.7204.169, setWindowRect: true, strictFileInteractability: false, timeouts: {implicit: 0, pageLoad: 300000, script: 30000}, unhandledPromptBehavior: dismiss and notify, webauthn:extension:credBlob: true, webauthn:extension:largeBlob: true, webauthn:extension:minPinLength: true, webauthn:extension:prf: true, webauthn:virtualAuthenticators: true}
Session ID: 8d440b5c446fb8b5eecd010d48bdad74
	at org.openqa.selenium.support.ui.WebDriverWait.timeoutException(WebDriverWait.java:84)
	at org.openqa.selenium.support.ui.FluentWait.until(FluentWait.java:228)
	at utility.Util.onClick(Util.java:32)
	at utility.Util.selectValueFromDropDownList(Util.java:87)
	at pages.BasicInfoPage.fillBasicInfoOfBOTDynamic(BasicInfoPage.java:139)
	at tests.BotGenerationTest.verifyAllBotGeneration(BotGenerationTest.java:58)
	at java.base/java.util.ArrayList.forEach(ArrayList.java:1511)
... Removed 27 stack frames
</div> <!-- stack-trace -->
                </div> <!-- method-content -->
              </div> <!-- method -->
              <div class="method">
                <div class="method-content">
                  <a name="verifyAllBotGeneration(Chat Bot)">
                  </a> <!-- verifyAllBotGeneration(Chat Bot) -->
                  <span class="method-name">verifyAllBotGeneration</span>
                  <span class="parameters">(Chat Bot)</span>
                  <div class="stack-trace">org.openqa.selenium.TimeoutException: Expected condition failed: waiting for element to be clickable: By.cssSelector: div:nth-child(8) div:nth-child(1) div:nth-child(2) div:nth-child(1) div:nth-child(1) div:nth-child(1) div:nth-child(1) span:nth-child(1) span:nth-child(2) (tried for 20 second(s) with 500 milliseconds interval)
Build info: version: &apos;4.34.0&apos;, revision: &apos;707dcb4246*&apos;
System info: os.name: &apos;Windows 10&apos;, os.arch: &apos;amd64&apos;, os.version: &apos;10.0&apos;, java.version: &apos;17.0.11&apos;
Driver info: org.openqa.selenium.chrome.ChromeDriver
Capabilities {acceptInsecureCerts: false, browserName: chrome, browserVersion: 138.0.7204.169, chrome: {chromedriverVersion: 137.0.7151.70 (dfa4dc56b2ab..., userDataDir: C:\Users\Biraju\AppData\Loc...}, fedcm:accounts: true, goog:chromeOptions: {debuggerAddress: localhost:56397}, networkConnectionEnabled: false, pageLoadStrategy: normal, platformName: windows, proxy: Proxy(), se:cdp: ws://localhost:56397/devtoo..., se:cdpVersion: 138.0.7204.169, setWindowRect: true, strictFileInteractability: false, timeouts: {implicit: 0, pageLoad: 300000, script: 30000}, unhandledPromptBehavior: dismiss and notify, webauthn:extension:credBlob: true, webauthn:extension:largeBlob: true, webauthn:extension:minPinLength: true, webauthn:extension:prf: true, webauthn:virtualAuthenticators: true}
Session ID: 8d440b5c446fb8b5eecd010d48bdad74
	at org.openqa.selenium.support.ui.WebDriverWait.timeoutException(WebDriverWait.java:84)
	at org.openqa.selenium.support.ui.FluentWait.until(FluentWait.java:228)
	at utility.Util.onClick(Util.java:32)
	at utility.Util.selectValueFromDropDownList(Util.java:87)
	at pages.BasicInfoPage.fillBasicInfoOfBOTDynamic(BasicInfoPage.java:106)
	at tests.BotGenerationTest.verifyAllBotGeneration(BotGenerationTest.java:58)
	at java.base/java.util.ArrayList.forEach(ArrayList.java:1511)
... Removed 27 stack frames
</div> <!-- stack-trace -->
                </div> <!-- method-content -->
              </div> <!-- method -->
              <div class="method">
                <div class="method-content">
                  <a name="verifyAllBotGeneration(WhatsApp Business)">
                  </a> <!-- verifyAllBotGeneration(WhatsApp Business) -->
                  <span class="method-name">verifyAllBotGeneration</span>
                  <span class="parameters">(WhatsApp Business)</span>
                  <div class="stack-trace">org.openqa.selenium.ElementClickInterceptedException: element click intercepted: Element &lt;span&gt;...&lt;/span&gt; is not clickable at point (1227, 509). Other element would receive the click: &lt;button type=&quot;button&quot; class=&quot;ant-btn css-7t2xvq ant-btn-primary ant-btn-color-primary ant-btn-variant-solid ant-btn-lg&quot; disabled=&quot;&quot; style=&quot;border-radius: 8px; height: 48px; padding-left: 32px; padding-right: 32px; font-size: 16px;&quot;&gt;...&lt;/button&gt;
  (Session info: chrome=138.0.7204.169)
Build info: version: &apos;4.34.0&apos;, revision: &apos;707dcb4246*&apos;
System info: os.name: &apos;Windows 10&apos;, os.arch: &apos;amd64&apos;, os.version: &apos;10.0&apos;, java.version: &apos;17.0.11&apos;
Driver info: org.openqa.selenium.chrome.ChromeDriver
Command: [8d440b5c446fb8b5eecd010d48bdad74, clickElement {id=f.C29DED36EAA460CFA6A5D9B024E2F2B9.d.ED091E27A09B90F1180DA1CD9E97249B.e.943}]
Capabilities {acceptInsecureCerts: false, browserName: chrome, browserVersion: 138.0.7204.169, chrome: {chromedriverVersion: 137.0.7151.70 (dfa4dc56b2ab..., userDataDir: C:\Users\Biraju\AppData\Loc...}, fedcm:accounts: true, goog:chromeOptions: {debuggerAddress: localhost:56397}, networkConnectionEnabled: false, pageLoadStrategy: normal, platformName: windows, proxy: Proxy(), se:cdp: ws://localhost:56397/devtoo..., se:cdpVersion: 138.0.7204.169, setWindowRect: true, strictFileInteractability: false, timeouts: {implicit: 0, pageLoad: 300000, script: 30000}, unhandledPromptBehavior: dismiss and notify, webauthn:extension:credBlob: true, webauthn:extension:largeBlob: true, webauthn:extension:minPinLength: true, webauthn:extension:prf: true, webauthn:virtualAuthenticators: true}
Element: [[ChromeDriver: chrome on windows (8d440b5c446fb8b5eecd010d48bdad74)] -&gt; xpath: //span[text()=&quot;Next Step&quot;]]
Session ID: 8d440b5c446fb8b5eecd010d48bdad74
	at org.openqa.selenium.remote.ErrorCodec.decode(ErrorCodec.java:167)
	at org.openqa.selenium.remote.codec.w3c.W3CHttpResponseCodec.decode(W3CHttpResponseCodec.java:138)
	at org.openqa.selenium.remote.codec.w3c.W3CHttpResponseCodec.decode(W3CHttpResponseCodec.java:50)
	at org.openqa.selenium.remote.HttpCommandExecutor.execute(HttpCommandExecutor.java:215)
	at org.openqa.selenium.remote.service.DriverCommandExecutor.invokeExecute(DriverCommandExecutor.java:216)
	at org.openqa.selenium.remote.service.DriverCommandExecutor.execute(DriverCommandExecutor.java:174)
	at org.openqa.selenium.remote.RemoteWebDriver.execute(RemoteWebDriver.java:544)
	at org.openqa.selenium.remote.RemoteWebElement.execute(RemoteWebElement.java:223)
	at org.openqa.selenium.remote.RemoteWebElement.click(RemoteWebElement.java:76)
	at utility.Util.onClick(Util.java:32)
	at pages.KnowledgeBasePage.clickOnNextStepButton(KnowledgeBasePage.java:23)
	at tests.BotGenerationTest.verifyAllBotGeneration(BotGenerationTest.java:58)
	at java.base/java.util.ArrayList.forEach(ArrayList.java:1511)
... Removed 32 stack frames
</div> <!-- stack-trace -->
                </div> <!-- method-content -->
              </div> <!-- method -->
            </div> <!-- main-panel-content rounded-window-bottom -->
          </div> <!-- suite-Suite-class-failed -->
          <div class="suite-Suite-class-failed">
            <div class="main-panel-header rounded-window-top">
              <img src="failed.png"/>
              <span class="class-name">tests.HorizontalMenusTest</span>
            </div> <!-- main-panel-header rounded-window-top -->
            <div class="main-panel-content rounded-window-bottom">
              <div class="method">
                <div class="method-content">
                  <a name="verifyhorizontalMenusListBasedOnRole(superadmin, saddam.groot@gmail.com, Admin@1234)">
                  </a> <!-- verifyhorizontalMenusListBasedOnRole(superadmin, saddam.groot@gmail.com, Admin@1234) -->
                  <span class="method-name">verifyhorizontalMenusListBasedOnRole</span>
                  <span class="parameters">(superadmin, saddam.groot@gmail.com, Admin@1234)</span>
                  <div class="stack-trace">org.openqa.selenium.TimeoutException: Expected condition failed: waiting for visibility of all elements located by By.cssSelector: div.max-w-7xl.mx-auto button (tried for 20 second(s) with 500 milliseconds interval)
Build info: version: &apos;4.34.0&apos;, revision: &apos;707dcb4246*&apos;
System info: os.name: &apos;Windows 10&apos;, os.arch: &apos;amd64&apos;, os.version: &apos;10.0&apos;, java.version: &apos;17.0.11&apos;
Driver info: org.openqa.selenium.chrome.ChromeDriver
Capabilities {acceptInsecureCerts: false, browserName: chrome, browserVersion: 138.0.7204.169, chrome: {chromedriverVersion: 137.0.7151.70 (dfa4dc56b2ab..., userDataDir: C:\Users\Biraju\AppData\Loc...}, fedcm:accounts: true, goog:chromeOptions: {debuggerAddress: localhost:57582}, networkConnectionEnabled: false, pageLoadStrategy: normal, platformName: windows, proxy: Proxy(), se:cdp: ws://localhost:57582/devtoo..., se:cdpVersion: 138.0.7204.169, setWindowRect: true, strictFileInteractability: false, timeouts: {implicit: 0, pageLoad: 300000, script: 30000}, unhandledPromptBehavior: dismiss and notify, webauthn:extension:credBlob: true, webauthn:extension:largeBlob: true, webauthn:extension:minPinLength: true, webauthn:extension:prf: true, webauthn:virtualAuthenticators: true}
Session ID: b4db1ee581d3c1dded2b36ede1c7382e
	at org.openqa.selenium.support.ui.WebDriverWait.timeoutException(WebDriverWait.java:84)
	at org.openqa.selenium.support.ui.FluentWait.until(FluentWait.java:228)
	at utility.Util.fetchAllOptions(Util.java:71)
	at pages.HorizontalMenus.getAllVerticalMenusName(HorizontalMenus.java:23)
	at tests.HorizontalMenusTest.verifyhorizontalMenusListBasedOnRole(HorizontalMenusTest.java:70)
	at java.base/java.util.ArrayList.forEach(ArrayList.java:1511)
... Removed 27 stack frames
</div> <!-- stack-trace -->
                </div> <!-- method-content -->
              </div> <!-- method -->
              <div class="method">
                <div class="method-content">
                  <a name="verifyhorizontalMenusListBasedOnRole(admin, biraju@fonda.com, Admin@1234)">
                  </a> <!-- verifyhorizontalMenusListBasedOnRole(admin, biraju@fonda.com, Admin@1234) -->
                  <span class="method-name">verifyhorizontalMenusListBasedOnRole</span>
                  <span class="parameters">(admin, biraju@fonda.com, Admin@1234)</span>
                  <div class="stack-trace">org.openqa.selenium.TimeoutException: Expected condition failed: waiting for visibility of all elements located by By.cssSelector: div.max-w-7xl.mx-auto button (tried for 20 second(s) with 500 milliseconds interval)
Build info: version: &apos;4.34.0&apos;, revision: &apos;707dcb4246*&apos;
System info: os.name: &apos;Windows 10&apos;, os.arch: &apos;amd64&apos;, os.version: &apos;10.0&apos;, java.version: &apos;17.0.11&apos;
Driver info: org.openqa.selenium.chrome.ChromeDriver
Capabilities {acceptInsecureCerts: false, browserName: chrome, browserVersion: 138.0.7204.169, chrome: {chromedriverVersion: 137.0.7151.70 (dfa4dc56b2ab..., userDataDir: C:\Users\Biraju\AppData\Loc...}, fedcm:accounts: true, goog:chromeOptions: {debuggerAddress: localhost:57472}, networkConnectionEnabled: false, pageLoadStrategy: normal, platformName: windows, proxy: Proxy(), se:cdp: ws://localhost:57472/devtoo..., se:cdpVersion: 138.0.7204.169, setWindowRect: true, strictFileInteractability: false, timeouts: {implicit: 0, pageLoad: 300000, script: 30000}, unhandledPromptBehavior: dismiss and notify, webauthn:extension:credBlob: true, webauthn:extension:largeBlob: true, webauthn:extension:minPinLength: true, webauthn:extension:prf: true, webauthn:virtualAuthenticators: true}
Session ID: 9b67ae9939e305208c920fb8df99394d
	at org.openqa.selenium.support.ui.WebDriverWait.timeoutException(WebDriverWait.java:84)
	at org.openqa.selenium.support.ui.FluentWait.until(FluentWait.java:228)
	at utility.Util.fetchAllOptions(Util.java:71)
	at pages.HorizontalMenus.getAllVerticalMenusName(HorizontalMenus.java:23)
	at tests.HorizontalMenusTest.verifyhorizontalMenusListBasedOnRole(HorizontalMenusTest.java:70)
	at java.base/java.util.ArrayList.forEach(ArrayList.java:1511)
... Removed 27 stack frames
</div> <!-- stack-trace -->
                </div> <!-- method-content -->
              </div> <!-- method -->
            </div> <!-- main-panel-content rounded-window-bottom -->
          </div> <!-- suite-Suite-class-failed -->
          <div class="suite-Suite-class-skipped">
            <div class="main-panel-header rounded-window-top">
              <img src="skipped.png"/>
              <span class="class-name">tests.BotGenerationTest</span>
            </div> <!-- main-panel-header rounded-window-top -->
            <div class="main-panel-content rounded-window-bottom">
              <div class="method">
                <div class="method-content">
                  <a name="openCreateNewBotForm(Telephony)">
                  </a> <!-- openCreateNewBotForm(Telephony) -->
                  <span class="method-name">openCreateNewBotForm</span>
                  <span class="parameters">(Telephony)</span>
                  <div class="stack-trace">org.openqa.selenium.ElementClickInterceptedException: element click intercepted: Element is not clickable at point (793, -638)
  (Session info: chrome=138.0.7204.169)
Build info: version: &apos;4.34.0&apos;, revision: &apos;707dcb4246*&apos;
System info: os.name: &apos;Windows 10&apos;, os.arch: &apos;amd64&apos;, os.version: &apos;10.0&apos;, java.version: &apos;17.0.11&apos;
Driver info: org.openqa.selenium.chrome.ChromeDriver
Command: [8d440b5c446fb8b5eecd010d48bdad74, clickElement {id=f.C29DED36EAA460CFA6A5D9B024E2F2B9.d.ED091E27A09B90F1180DA1CD9E97249B.e.253}]
Capabilities {acceptInsecureCerts: false, browserName: chrome, browserVersion: 138.0.7204.169, chrome: {chromedriverVersion: 137.0.7151.70 (dfa4dc56b2ab..., userDataDir: C:\Users\Biraju\AppData\Loc...}, fedcm:accounts: true, goog:chromeOptions: {debuggerAddress: localhost:56397}, networkConnectionEnabled: false, pageLoadStrategy: normal, platformName: windows, proxy: Proxy(), se:cdp: ws://localhost:56397/devtoo..., se:cdpVersion: 138.0.7204.169, setWindowRect: true, strictFileInteractability: false, timeouts: {implicit: 0, pageLoad: 300000, script: 30000}, unhandledPromptBehavior: dismiss and notify, webauthn:extension:credBlob: true, webauthn:extension:largeBlob: true, webauthn:extension:minPinLength: true, webauthn:extension:prf: true, webauthn:virtualAuthenticators: true}
Element: [[ChromeDriver: chrome on windows (8d440b5c446fb8b5eecd010d48bdad74)] -&gt; xpath: //span[@title=&apos;Groq&apos;]]
Session ID: 8d440b5c446fb8b5eecd010d48bdad74
	at org.openqa.selenium.remote.ErrorCodec.decode(ErrorCodec.java:167)
	at org.openqa.selenium.remote.codec.w3c.W3CHttpResponseCodec.decode(W3CHttpResponseCodec.java:138)
	at org.openqa.selenium.remote.codec.w3c.W3CHttpResponseCodec.decode(W3CHttpResponseCodec.java:50)
	at org.openqa.selenium.remote.HttpCommandExecutor.execute(HttpCommandExecutor.java:215)
	at org.openqa.selenium.remote.service.DriverCommandExecutor.invokeExecute(DriverCommandExecutor.java:216)
	at org.openqa.selenium.remote.service.DriverCommandExecutor.execute(DriverCommandExecutor.java:174)
	at org.openqa.selenium.remote.RemoteWebDriver.execute(RemoteWebDriver.java:544)
	at org.openqa.selenium.remote.RemoteWebElement.execute(RemoteWebElement.java:223)
	at org.openqa.selenium.remote.RemoteWebElement.click(RemoteWebElement.java:76)
	at utility.Util.onClick(Util.java:32)
	at utility.Util.selectValueFromDropDownList(Util.java:87)
	at pages.BasicInfoPage.fillBasicInfoOfBOT(BasicInfoPage.java:77)
	at tests.BotGenerationTest.openCreateNewBotForm(BotGenerationTest.java:50)
	at java.base/java.util.ArrayList.forEach(ArrayList.java:1511)
... Removed 32 stack frames
</div> <!-- stack-trace -->
                </div> <!-- method-content -->
              </div> <!-- method -->
              <div class="method">
                <div class="method-content">
                  <a name="openCreateNewBotForm(Telephony)">
                  </a> <!-- openCreateNewBotForm(Telephony) -->
                  <span class="method-name">openCreateNewBotForm</span>
                  <span class="parameters">(Telephony)</span>
                  <div class="stack-trace">org.openqa.selenium.ElementClickInterceptedException: element click intercepted: Element is not clickable at point (793, -638)
  (Session info: chrome=138.0.7204.169)
Build info: version: &apos;4.34.0&apos;, revision: &apos;707dcb4246*&apos;
System info: os.name: &apos;Windows 10&apos;, os.arch: &apos;amd64&apos;, os.version: &apos;10.0&apos;, java.version: &apos;17.0.11&apos;
Driver info: org.openqa.selenium.chrome.ChromeDriver
Command: [8d440b5c446fb8b5eecd010d48bdad74, clickElement {id=f.C29DED36EAA460CFA6A5D9B024E2F2B9.d.ED091E27A09B90F1180DA1CD9E97249B.e.185}]
Capabilities {acceptInsecureCerts: false, browserName: chrome, browserVersion: 138.0.7204.169, chrome: {chromedriverVersion: 137.0.7151.70 (dfa4dc56b2ab..., userDataDir: C:\Users\Biraju\AppData\Loc...}, fedcm:accounts: true, goog:chromeOptions: {debuggerAddress: localhost:56397}, networkConnectionEnabled: false, pageLoadStrategy: normal, platformName: windows, proxy: Proxy(), se:cdp: ws://localhost:56397/devtoo..., se:cdpVersion: 138.0.7204.169, setWindowRect: true, strictFileInteractability: false, timeouts: {implicit: 0, pageLoad: 300000, script: 30000}, unhandledPromptBehavior: dismiss and notify, webauthn:extension:credBlob: true, webauthn:extension:largeBlob: true, webauthn:extension:minPinLength: true, webauthn:extension:prf: true, webauthn:virtualAuthenticators: true}
Element: [[ChromeDriver: chrome on windows (8d440b5c446fb8b5eecd010d48bdad74)] -&gt; xpath: //span[@title=&apos;Groq&apos;]]
Session ID: 8d440b5c446fb8b5eecd010d48bdad74
	at org.openqa.selenium.remote.ErrorCodec.decode(ErrorCodec.java:167)
	at org.openqa.selenium.remote.codec.w3c.W3CHttpResponseCodec.decode(W3CHttpResponseCodec.java:138)
	at org.openqa.selenium.remote.codec.w3c.W3CHttpResponseCodec.decode(W3CHttpResponseCodec.java:50)
	at org.openqa.selenium.remote.HttpCommandExecutor.execute(HttpCommandExecutor.java:215)
	at org.openqa.selenium.remote.service.DriverCommandExecutor.invokeExecute(DriverCommandExecutor.java:216)
	at org.openqa.selenium.remote.service.DriverCommandExecutor.execute(DriverCommandExecutor.java:174)
	at org.openqa.selenium.remote.RemoteWebDriver.execute(RemoteWebDriver.java:544)
	at org.openqa.selenium.remote.RemoteWebElement.execute(RemoteWebElement.java:223)
	at org.openqa.selenium.remote.RemoteWebElement.click(RemoteWebElement.java:76)
	at utility.Util.onClick(Util.java:32)
	at utility.Util.selectValueFromDropDownList(Util.java:87)
	at pages.BasicInfoPage.fillBasicInfoOfBOT(BasicInfoPage.java:77)
	at tests.BotGenerationTest.openCreateNewBotForm(BotGenerationTest.java:50)
	at java.base/java.util.ArrayList.forEach(ArrayList.java:1511)
... Removed 32 stack frames
</div> <!-- stack-trace -->
                </div> <!-- method-content -->
              </div> <!-- method -->
              <div class="method">
                <div class="method-content">
                  <a name="openCreateNewBotForm(Telephony)">
                  </a> <!-- openCreateNewBotForm(Telephony) -->
                  <span class="method-name">openCreateNewBotForm</span>
                  <span class="parameters">(Telephony)</span>
                  <div class="stack-trace">org.openqa.selenium.ElementClickInterceptedException: element click intercepted: Element is not clickable at point (793, -638)
  (Session info: chrome=138.0.7204.169)
Build info: version: &apos;4.34.0&apos;, revision: &apos;707dcb4246*&apos;
System info: os.name: &apos;Windows 10&apos;, os.arch: &apos;amd64&apos;, os.version: &apos;10.0&apos;, java.version: &apos;17.0.11&apos;
Driver info: org.openqa.selenium.chrome.ChromeDriver
Command: [8d440b5c446fb8b5eecd010d48bdad74, clickElement {id=f.C29DED36EAA460CFA6A5D9B024E2F2B9.d.ED091E27A09B90F1180DA1CD9E97249B.e.119}]
Capabilities {acceptInsecureCerts: false, browserName: chrome, browserVersion: 138.0.7204.169, chrome: {chromedriverVersion: 137.0.7151.70 (dfa4dc56b2ab..., userDataDir: C:\Users\Biraju\AppData\Loc...}, fedcm:accounts: true, goog:chromeOptions: {debuggerAddress: localhost:56397}, networkConnectionEnabled: false, pageLoadStrategy: normal, platformName: windows, proxy: Proxy(), se:cdp: ws://localhost:56397/devtoo..., se:cdpVersion: 138.0.7204.169, setWindowRect: true, strictFileInteractability: false, timeouts: {implicit: 0, pageLoad: 300000, script: 30000}, unhandledPromptBehavior: dismiss and notify, webauthn:extension:credBlob: true, webauthn:extension:largeBlob: true, webauthn:extension:minPinLength: true, webauthn:extension:prf: true, webauthn:virtualAuthenticators: true}
Element: [[ChromeDriver: chrome on windows (8d440b5c446fb8b5eecd010d48bdad74)] -&gt; xpath: //span[@title=&apos;Groq&apos;]]
Session ID: 8d440b5c446fb8b5eecd010d48bdad74
	at org.openqa.selenium.remote.ErrorCodec.decode(ErrorCodec.java:167)
	at org.openqa.selenium.remote.codec.w3c.W3CHttpResponseCodec.decode(W3CHttpResponseCodec.java:138)
	at org.openqa.selenium.remote.codec.w3c.W3CHttpResponseCodec.decode(W3CHttpResponseCodec.java:50)
	at org.openqa.selenium.remote.HttpCommandExecutor.execute(HttpCommandExecutor.java:215)
	at org.openqa.selenium.remote.service.DriverCommandExecutor.invokeExecute(DriverCommandExecutor.java:216)
	at org.openqa.selenium.remote.service.DriverCommandExecutor.execute(DriverCommandExecutor.java:174)
	at org.openqa.selenium.remote.RemoteWebDriver.execute(RemoteWebDriver.java:544)
	at org.openqa.selenium.remote.RemoteWebElement.execute(RemoteWebElement.java:223)
	at org.openqa.selenium.remote.RemoteWebElement.click(RemoteWebElement.java:76)
	at utility.Util.onClick(Util.java:32)
	at utility.Util.selectValueFromDropDownList(Util.java:87)
	at pages.BasicInfoPage.fillBasicInfoOfBOT(BasicInfoPage.java:77)
	at tests.BotGenerationTest.openCreateNewBotForm(BotGenerationTest.java:50)
	at java.base/java.util.ArrayList.forEach(ArrayList.java:1511)
... Removed 32 stack frames
</div> <!-- stack-trace -->
                </div> <!-- method-content -->
              </div> <!-- method -->
            </div> <!-- main-panel-content rounded-window-bottom -->
          </div> <!-- suite-Suite-class-skipped -->
          <div class="suite-Suite-class-passed">
            <div class="main-panel-header rounded-window-top">
              <img src="passed.png"/>
              <span class="class-name">tests.AI_AgentListTest</span>
            </div> <!-- main-panel-header rounded-window-top -->
            <div class="main-panel-content rounded-window-bottom">
              <div class="method">
                <div class="method-content">
                  <a name="login">
                  </a> <!-- login -->
                  <span class="method-name">login</span>
                </div> <!-- method-content -->
              </div> <!-- method -->
              <div class="method">
                <div class="method-content">
                  <a name="openAiAgentsListForm">
                  </a> <!-- openAiAgentsListForm -->
                  <span class="method-name">openAiAgentsListForm</span>
                </div> <!-- method-content -->
              </div> <!-- method -->
              <div class="method">
                <div class="method-content">
                  <a name="selectEachFilterOptionsOneByOne2(RCS)">
                  </a> <!-- selectEachFilterOptionsOneByOne2(RCS) -->
                  <span class="method-name">selectEachFilterOptionsOneByOne2</span>
                  <span class="parameters">(RCS)</span>
                </div> <!-- method-content -->
              </div> <!-- method -->
              <div class="method">
                <div class="method-content">
                  <a name="selectEachFilterOptionsOneByOne2(Twitter)">
                  </a> <!-- selectEachFilterOptionsOneByOne2(Twitter) -->
                  <span class="method-name">selectEachFilterOptionsOneByOne2</span>
                  <span class="parameters">(Twitter)</span>
                </div> <!-- method-content -->
              </div> <!-- method -->
              <div class="method">
                <div class="method-content">
                  <a name="selectEachFilterOptionsOneByOne2(Instagram)">
                  </a> <!-- selectEachFilterOptionsOneByOne2(Instagram) -->
                  <span class="method-name">selectEachFilterOptionsOneByOne2</span>
                  <span class="parameters">(Instagram)</span>
                </div> <!-- method-content -->
              </div> <!-- method -->
              <div class="method">
                <div class="method-content">
                  <a name="selectEachFilterOptionsOneByOne2(Chat Bot)">
                  </a> <!-- selectEachFilterOptionsOneByOne2(Chat Bot) -->
                  <span class="method-name">selectEachFilterOptionsOneByOne2</span>
                  <span class="parameters">(Chat Bot)</span>
                </div> <!-- method-content -->
              </div> <!-- method -->
              <div class="method">
                <div class="method-content">
                  <a name="selectEachFilterOptionsOneByOne2(All Channels)">
                  </a> <!-- selectEachFilterOptionsOneByOne2(All Channels) -->
                  <span class="method-name">selectEachFilterOptionsOneByOne2</span>
                  <span class="parameters">(All Channels)</span>
                </div> <!-- method-content -->
              </div> <!-- method -->
              <div class="method">
                <div class="method-content">
                  <a name="selectEachFilterOptionsOneByOne2(Web Widget)">
                  </a> <!-- selectEachFilterOptionsOneByOne2(Web Widget) -->
                  <span class="method-name">selectEachFilterOptionsOneByOne2</span>
                  <span class="parameters">(Web Widget)</span>
                </div> <!-- method-content -->
              </div> <!-- method -->
              <div class="method">
                <div class="method-content">
                  <a name="selectEachFilterOptionsOneByOne2(WhatsApp)">
                  </a> <!-- selectEachFilterOptionsOneByOne2(WhatsApp) -->
                  <span class="method-name">selectEachFilterOptionsOneByOne2</span>
                  <span class="parameters">(WhatsApp)</span>
                </div> <!-- method-content -->
              </div> <!-- method -->
              <div class="method">
                <div class="method-content">
                  <a name="selectEachFilterOptionsOneByOne2(LinkedIn)">
                  </a> <!-- selectEachFilterOptionsOneByOne2(LinkedIn) -->
                  <span class="method-name">selectEachFilterOptionsOneByOne2</span>
                  <span class="parameters">(LinkedIn)</span>
                </div> <!-- method-content -->
              </div> <!-- method -->
              <div class="method">
                <div class="method-content">
                  <a name="selectEachFilterOptionsOneByOne2(Messenger)">
                  </a> <!-- selectEachFilterOptionsOneByOne2(Messenger) -->
                  <span class="method-name">selectEachFilterOptionsOneByOne2</span>
                  <span class="parameters">(Messenger)</span>
                </div> <!-- method-content -->
              </div> <!-- method -->
              <div class="method">
                <div class="method-content">
                  <a name="verifyAIAgentsListTabWorkingorNot">
                  </a> <!-- verifyAIAgentsListTabWorkingorNot -->
                  <span class="method-name">verifyAIAgentsListTabWorkingorNot</span>
                  <em>
(Verify On click every Tab agents details showing or not)                  </em>
                </div> <!-- method-content -->
              </div> <!-- method -->
              <div class="method">
                <div class="method-content">
                  <a name="verifyHorizontalTabLists">
                  </a> <!-- verifyHorizontalTabLists -->
                  <span class="method-name">verifyHorizontalTabLists</span>
                </div> <!-- method-content -->
              </div> <!-- method -->
            </div> <!-- main-panel-content rounded-window-bottom -->
          </div> <!-- suite-Suite-class-passed -->
          <div class="suite-Suite-class-passed">
            <div class="main-panel-header rounded-window-top">
              <img src="passed.png"/>
              <span class="class-name">tests.LoginTest</span>
            </div> <!-- main-panel-header rounded-window-top -->
            <div class="main-panel-content rounded-window-bottom">
              <div class="method">
                <div class="method-content">
                  <a name="loginIntoAplication">
                  </a> <!-- loginIntoAplication -->
                  <span class="method-name">loginIntoAplication</span>
                  <em>
(Verify if user is able to login with valid Credentials or not)                  </em>
                </div> <!-- method-content -->
              </div> <!-- method -->
              <div class="method">
                <div class="method-content">
                  <a name="loginIntoAplicationWithInvalidCredentials">
                  </a> <!-- loginIntoAplicationWithInvalidCredentials -->
                  <span class="method-name">loginIntoAplicationWithInvalidCredentials</span>
                  <em>
(Verify if user is able to login with Invalid Credentials)                  </em>
                </div> <!-- method-content -->
              </div> <!-- method -->
              <div class="method">
                <div class="method-content">
                  <a name="verify_validation_if_user_dont_enter_any_username_password">
                  </a> <!-- verify_validation_if_user_dont_enter_any_username_password -->
                  <span class="method-name">verify_validation_if_user_dont_enter_any_username_password</span>
                  <em>
(verify validation if user don't enter any username and password)                  </em>
                </div> <!-- method-content -->
              </div> <!-- method -->
            </div> <!-- main-panel-content rounded-window-bottom -->
          </div> <!-- suite-Suite-class-passed -->
          <div class="suite-Suite-class-passed">
            <div class="main-panel-header rounded-window-top">
              <img src="passed.png"/>
              <span class="class-name">tests.RCS_PlatformTest</span>
            </div> <!-- main-panel-header rounded-window-top -->
            <div class="main-panel-content rounded-window-bottom">
              <div class="method">
                <div class="method-content">
                  <a name="openRCSListPage">
                  </a> <!-- openRCSListPage -->
                  <span class="method-name">openRCSListPage</span>
                </div> <!-- method-content -->
              </div> <!-- method -->
            </div> <!-- main-panel-content rounded-window-bottom -->
          </div> <!-- suite-Suite-class-passed -->
          <div class="suite-Suite-class-passed">
            <div class="main-panel-header rounded-window-top">
              <img src="passed.png"/>
              <span class="class-name">tests.SignUpTest</span>
            </div> <!-- main-panel-header rounded-window-top -->
            <div class="main-panel-content rounded-window-bottom">
              <div class="method">
                <div class="method-content">
                  <a name="verify_validation_if_user_already_exists(Free)">
                  </a> <!-- verify_validation_if_user_already_exists(Free) -->
                  <span class="method-name">verify_validation_if_user_already_exists</span>
                  <span class="parameters">(Free)</span>
                  <em>
(verify validation if user already exists)                  </em>
                </div> <!-- method-content -->
              </div> <!-- method -->
              <div class="method">
                <div class="method-content">
                  <a name="verify_validation_if_user_dont_enter_any_username_password(Enterprise)">
                  </a> <!-- verify_validation_if_user_dont_enter_any_username_password(Enterprise) -->
                  <span class="method-name">verify_validation_if_user_dont_enter_any_username_password</span>
                  <span class="parameters">(Enterprise)</span>
                  <em>
(verify validation if user dont enter any username and password)                  </em>
                </div> <!-- method-content -->
              </div> <!-- method -->
              <div class="method">
                <div class="method-content">
                  <a name="verify_validation_if_user_dont_enter_any_username_password(Agency)">
                  </a> <!-- verify_validation_if_user_dont_enter_any_username_password(Agency) -->
                  <span class="method-name">verify_validation_if_user_dont_enter_any_username_password</span>
                  <span class="parameters">(Agency)</span>
                  <em>
(verify validation if user dont enter any username and password)                  </em>
                </div> <!-- method-content -->
              </div> <!-- method -->
              <div class="method">
                <div class="method-content">
                  <a name="verify_validation_if_user_dont_enter_any_username_password(Free)">
                  </a> <!-- verify_validation_if_user_dont_enter_any_username_password(Free) -->
                  <span class="method-name">verify_validation_if_user_dont_enter_any_username_password</span>
                  <span class="parameters">(Free)</span>
                  <em>
(verify validation if user dont enter any username and password)                  </em>
                </div> <!-- method-content -->
              </div> <!-- method -->
              <div class="method">
                <div class="method-content">
                  <a name="verify_warining_message_if_user_not_signUp_successfully(Agency)">
                  </a> <!-- verify_warining_message_if_user_not_signUp_successfully(Agency) -->
                  <span class="method-name">verify_warining_message_if_user_not_signUp_successfully</span>
                  <span class="parameters">(Agency)</span>
                  <em>
(verify warining message if user not signUp successfully)                  </em>
                </div> <!-- method-content -->
              </div> <!-- method -->
              <div class="method">
                <div class="method-content">
                  <a name="verify_warining_message_if_user_not_signUp_successfully(Enterprise)">
                  </a> <!-- verify_warining_message_if_user_not_signUp_successfully(Enterprise) -->
                  <span class="method-name">verify_warining_message_if_user_not_signUp_successfully</span>
                  <span class="parameters">(Enterprise)</span>
                  <em>
(verify warining message if user not signUp successfully)                  </em>
                </div> <!-- method-content -->
              </div> <!-- method -->
            </div> <!-- main-panel-content rounded-window-bottom -->
          </div> <!-- suite-Suite-class-passed -->
          <div class="suite-Suite-class-passed">
            <div class="main-panel-header rounded-window-top">
              <img src="passed.png"/>
              <span class="class-name">tests.HorizontalMenusTest</span>
            </div> <!-- main-panel-header rounded-window-top -->
            <div class="main-panel-content rounded-window-bottom">
              <div class="method">
                <div class="method-content">
                  <a name="verifyhorizontalMenusListBasedOnRole(user, rajesh@gmail.com, Admin@1234)">
                  </a> <!-- verifyhorizontalMenusListBasedOnRole(user, rajesh@gmail.com, Admin@1234) -->
                  <span class="method-name">verifyhorizontalMenusListBasedOnRole</span>
                  <span class="parameters">(user, rajesh@gmail.com, Admin@1234)</span>
                </div> <!-- method-content -->
              </div> <!-- method -->
            </div> <!-- main-panel-content rounded-window-bottom -->
          </div> <!-- suite-Suite-class-passed -->
        </div> <!-- panel Suite -->
        <div panel-name="test-xml-Suite" class="panel">
          <div class="main-panel-header rounded-window-top">
            <span class="header-content">E:\Automation_2025\Platform.Fonada.AI\testng.xml</span>
          </div> <!-- main-panel-header rounded-window-top -->
          <div class="main-panel-content rounded-window-bottom">
            <pre>
&lt;?xml version=&quot;1.0&quot; encoding=&quot;UTF-8&quot;?&gt;
&lt;!DOCTYPE suite SYSTEM &quot;https://testng.org/testng-1.0.dtd&quot;&gt;
&lt;suite name=&quot;Suite&quot; guice-stage=&quot;DEVELOPMENT&quot;&gt;
  &lt;test thread-count=&quot;5&quot; name=&quot;Test&quot;&gt;
    &lt;classes&gt;
      &lt;class name=&quot;tests.SignUpTest&quot;/&gt;
      &lt;class name=&quot;tests.LoginTest&quot;/&gt;
      &lt;class name=&quot;tests.BotGenerationTest&quot;/&gt;
      &lt;class name=&quot;tests.AI_AgentListTest&quot;/&gt;
      &lt;class name=&quot;tests.HorizontalMenusTest&quot;/&gt;
      &lt;class name=&quot;tests.VerticalMenusTest&quot;/&gt;
      &lt;class name=&quot;tests.RCS_PlatformTest&quot;/&gt;
    &lt;/classes&gt;
  &lt;/test&gt; &lt;!-- Test --&gt;
&lt;/suite&gt; &lt;!-- Suite --&gt;
            </pre>
          </div> <!-- main-panel-content rounded-window-bottom -->
        </div> <!-- panel -->
        <div panel-name="testlist-Suite" class="panel">
          <div class="main-panel-header rounded-window-top">
            <span class="header-content">Tests for Suite</span>
          </div> <!-- main-panel-header rounded-window-top -->
          <div class="main-panel-content rounded-window-bottom">
            <ul>
              <li>
                <span class="test-name">Test (7 classes)</span>
              </li>
            </ul>
          </div> <!-- main-panel-content rounded-window-bottom -->
        </div> <!-- panel -->
        <div panel-name="group-Suite" class="panel">
          <div class="main-panel-header rounded-window-top">
            <span class="header-content">Groups for Suite</span>
          </div> <!-- main-panel-header rounded-window-top -->
          <div class="main-panel-content rounded-window-bottom">
          </div> <!-- main-panel-content rounded-window-bottom -->
        </div> <!-- panel -->
        <div panel-name="times-Suite" class="panel">
          <div class="main-panel-header rounded-window-top">
            <span class="header-content">Times for Suite</span>
          </div> <!-- main-panel-header rounded-window-top -->
          <div class="main-panel-content rounded-window-bottom">
            <div class="times-div">
              <script type="text/javascript">
suiteTableInitFunctions.push('tableData_Suite');
function tableData_Suite() {
var data = new google.visualization.DataTable();
data.addColumn('number', 'Number');
data.addColumn('string', 'Method');
data.addColumn('string', 'Class');
data.addColumn('number', 'Time (ms)');
data.addRows(53);
data.setCell(0, 0, 0)
data.setCell(0, 1, 'verifyAIAgentsListTabWorkingorNot')
data.setCell(0, 2, 'tests.AI_AgentListTest')
data.setCell(0, 3, 138433);
data.setCell(1, 0, 1)
data.setCell(1, 1, 'openRCSListPage')
data.setCell(1, 2, 'tests.RCS_PlatformTest')
data.setCell(1, 3, 62556);
data.setCell(2, 0, 2)
data.setCell(2, 1, 'verifyAllBotGeneration')
data.setCell(2, 2, 'tests.BotGenerationTest')
data.setCell(2, 3, 59650);
data.setCell(3, 0, 3)
data.setCell(3, 1, 'openCreateNewBotForm')
data.setCell(3, 2, 'tests.BotGenerationTest')
data.setCell(3, 3, 54247);
data.setCell(4, 0, 4)
data.setCell(4, 1, 'openCreateNewBotForm')
data.setCell(4, 2, 'tests.BotGenerationTest')
data.setCell(4, 3, 54179);
data.setCell(5, 0, 5)
data.setCell(5, 1, 'openCreateNewBotForm')
data.setCell(5, 2, 'tests.BotGenerationTest')
data.setCell(5, 3, 52286);
data.setCell(6, 0, 6)
data.setCell(6, 1, 'verifyAllBotGeneration')
data.setCell(6, 2, 'tests.BotGenerationTest')
data.setCell(6, 3, 49908);
data.setCell(7, 0, 7)
data.setCell(7, 1, 'verifyAllBotGeneration')
data.setCell(7, 2, 'tests.BotGenerationTest')
data.setCell(7, 3, 38368);
data.setCell(8, 0, 8)
data.setCell(8, 1, 'verifyAllBotGeneration')
data.setCell(8, 2, 'tests.BotGenerationTest')
data.setCell(8, 3, 37511);
data.setCell(9, 0, 9)
data.setCell(9, 1, 'verifyAllBotGeneration')
data.setCell(9, 2, 'tests.BotGenerationTest')
data.setCell(9, 3, 30841);
data.setCell(10, 0, 10)
data.setCell(10, 1, 'verifyhorizontalMenusListBasedOnRole')
data.setCell(10, 2, 'tests.HorizontalMenusTest')
data.setCell(10, 3, 28109);
data.setCell(11, 0, 11)
data.setCell(11, 1, 'verifyVerticalMenusListBasedOnRole')
data.setCell(11, 2, 'tests.VerticalMenusTest')
data.setCell(11, 3, 24851);
data.setCell(12, 0, 12)
data.setCell(12, 1, 'verifyhorizontalMenusListBasedOnRole')
data.setCell(12, 2, 'tests.HorizontalMenusTest')
data.setCell(12, 3, 24785);
data.setCell(13, 0, 13)
data.setCell(13, 1, 'verifyVerticalMenusListBasedOnRole')
data.setCell(13, 2, 'tests.VerticalMenusTest')
data.setCell(13, 3, 24767);
data.setCell(14, 0, 14)
data.setCell(14, 1, 'loginWithGmailAccount')
data.setCell(14, 2, 'tests.LoginTest')
data.setCell(14, 3, 23321);
data.setCell(15, 0, 15)
data.setCell(15, 1, 'openCreateNewBotForm')
data.setCell(15, 2, 'tests.BotGenerationTest')
data.setCell(15, 3, 21832);
data.setCell(16, 0, 16)
data.setCell(16, 1, 'verifyRecordCountBasedOnSelectedChannelInFilter')
data.setCell(16, 2, 'tests.AI_AgentListTest')
data.setCell(16, 3, 21484);
data.setCell(17, 0, 17)
data.setCell(17, 1, 'openCreateNewBotForm')
data.setCell(17, 2, 'tests.BotGenerationTest')
data.setCell(17, 3, 21378);
data.setCell(18, 0, 18)
data.setCell(18, 1, 'openCreateNewBotForm')
data.setCell(18, 2, 'tests.BotGenerationTest')
data.setCell(18, 3, 21356);
data.setCell(19, 0, 19)
data.setCell(19, 1, 'openCreateNewBotForm')
data.setCell(19, 2, 'tests.BotGenerationTest')
data.setCell(19, 3, 21328);
data.setCell(20, 0, 20)
data.setCell(20, 1, 'openCreateNewBotForm')
data.setCell(20, 2, 'tests.BotGenerationTest')
data.setCell(20, 3, 21295);
data.setCell(21, 0, 21)
data.setCell(21, 1, 'verifylegendsButtonStatus')
data.setCell(21, 2, 'tests.AI_AgentListTest')
data.setCell(21, 3, 20379);
data.setCell(22, 0, 22)
data.setCell(22, 1, 'selectEachFilterOptionsOneByOne2')
data.setCell(22, 2, 'tests.AI_AgentListTest')
data.setCell(22, 3, 12535);
data.setCell(23, 0, 23)
data.setCell(23, 1, 'selectEachFilterOptionsOneByOne2')
data.setCell(23, 2, 'tests.AI_AgentListTest')
data.setCell(23, 3, 12514);
data.setCell(24, 0, 24)
data.setCell(24, 1, 'selectEachFilterOptionsOneByOne2')
data.setCell(24, 2, 'tests.AI_AgentListTest')
data.setCell(24, 3, 12474);
data.setCell(25, 0, 25)
data.setCell(25, 1, 'selectEachFilterOptionsOneByOne2')
data.setCell(25, 2, 'tests.AI_AgentListTest')
data.setCell(25, 3, 9625);
data.setCell(26, 0, 26)
data.setCell(26, 1, 'verify_validation_if_user_dont_enter_any_username_password')
data.setCell(26, 2, 'tests.SignUpTest')
data.setCell(26, 3, 8748);
data.setCell(27, 0, 27)
data.setCell(27, 1, 'verify_validation_if_user_dont_enter_any_username_password')
data.setCell(27, 2, 'tests.SignUpTest')
data.setCell(27, 3, 8716);
data.setCell(28, 0, 28)
data.setCell(28, 1, 'verify_validation_if_user_dont_enter_any_username_password')
data.setCell(28, 2, 'tests.SignUpTest')
data.setCell(28, 3, 8613);
data.setCell(29, 0, 29)
data.setCell(29, 1, 'selectEachFilterOptionsOneByOne2')
data.setCell(29, 2, 'tests.AI_AgentListTest')
data.setCell(29, 3, 8565);
data.setCell(30, 0, 30)
data.setCell(30, 1, 'selectEachFilterOptionsOneByOne2')
data.setCell(30, 2, 'tests.AI_AgentListTest')
data.setCell(30, 3, 7559);
data.setCell(31, 0, 31)
data.setCell(31, 1, 'selectEachFilterOptionsOneByOne2')
data.setCell(31, 2, 'tests.AI_AgentListTest')
data.setCell(31, 3, 6772);
data.setCell(32, 0, 32)
data.setCell(32, 1, 'selectEachFilterOptionsOneByOne2')
data.setCell(32, 2, 'tests.AI_AgentListTest')
data.setCell(32, 3, 6455);
data.setCell(33, 0, 33)
data.setCell(33, 1, 'selectEachFilterOptionsOneByOne2')
data.setCell(33, 2, 'tests.AI_AgentListTest')
data.setCell(33, 3, 5469);
data.setCell(34, 0, 34)
data.setCell(34, 1, 'verifyVerticalMenusListBasedOnRole')
data.setCell(34, 2, 'tests.VerticalMenusTest')
data.setCell(34, 3, 5233);
data.setCell(35, 0, 35)
data.setCell(35, 1, 'verifyhorizontalMenusListBasedOnRole')
data.setCell(35, 2, 'tests.HorizontalMenusTest')
data.setCell(35, 3, 5054);
data.setCell(36, 0, 36)
data.setCell(36, 1, 'loginIntoAplicationWithInvalidCredentials')
data.setCell(36, 2, 'tests.LoginTest')
data.setCell(36, 3, 4854);
data.setCell(37, 0, 37)
data.setCell(37, 1, 'verify_validation_if_user_dont_enter_any_username_password')
data.setCell(37, 2, 'tests.LoginTest')
data.setCell(37, 3, 4808);
data.setCell(38, 0, 38)
data.setCell(38, 1, 'loginIntoAplication')
data.setCell(38, 2, 'tests.LoginTest')
data.setCell(38, 3, 4755);
data.setCell(39, 0, 39)
data.setCell(39, 1, 'verify_signUp_User_Functionality')
data.setCell(39, 2, 'tests.SignUpTest')
data.setCell(39, 3, 4738);
data.setCell(40, 0, 40)
data.setCell(40, 1, 'verify_signUp_User_Functionality')
data.setCell(40, 2, 'tests.SignUpTest')
data.setCell(40, 3, 4693);
data.setCell(41, 0, 41)
data.setCell(41, 1, 'verify_validation_if_user_already_exists')
data.setCell(41, 2, 'tests.SignUpTest')
data.setCell(41, 3, 4665);
data.setCell(42, 0, 42)
data.setCell(42, 1, 'verify_validation_if_user_already_exists')
data.setCell(42, 2, 'tests.SignUpTest')
data.setCell(42, 3, 4664);
data.setCell(43, 0, 43)
data.setCell(43, 1, 'verify_warining_message_if_user_not_signUp_successfully')
data.setCell(43, 2, 'tests.SignUpTest')
data.setCell(43, 3, 4662);
data.setCell(44, 0, 44)
data.setCell(44, 1, 'verify_signUp_User_Functionality')
data.setCell(44, 2, 'tests.SignUpTest')
data.setCell(44, 3, 4648);
data.setCell(45, 0, 45)
data.setCell(45, 1, 'verify_warining_message_if_user_not_signUp_successfully')
data.setCell(45, 2, 'tests.SignUpTest')
data.setCell(45, 3, 4641);
data.setCell(46, 0, 46)
data.setCell(46, 1, 'verify_validation_if_user_already_exists')
data.setCell(46, 2, 'tests.SignUpTest')
data.setCell(46, 3, 4632);
data.setCell(47, 0, 47)
data.setCell(47, 1, 'verify_warining_message_if_user_not_signUp_successfully')
data.setCell(47, 2, 'tests.SignUpTest')
data.setCell(47, 3, 4627);
data.setCell(48, 0, 48)
data.setCell(48, 1, 'verifyForgetPasswordLinkButton')
data.setCell(48, 2, 'tests.LoginTest')
data.setCell(48, 3, 4419);
data.setCell(49, 0, 49)
data.setCell(49, 1, 'selectEachFilterOptionsOneByOne2')
data.setCell(49, 2, 'tests.AI_AgentListTest')
data.setCell(49, 3, 3117);
data.setCell(50, 0, 50)
data.setCell(50, 1, 'login')
data.setCell(50, 2, 'tests.AI_AgentListTest')
data.setCell(50, 3, 2674);
data.setCell(51, 0, 51)
data.setCell(51, 1, 'openAiAgentsListForm')
data.setCell(51, 2, 'tests.AI_AgentListTest')
data.setCell(51, 3, 2459);
data.setCell(52, 0, 52)
data.setCell(52, 1, 'verifyHorizontalTabLists')
data.setCell(52, 2, 'tests.AI_AgentListTest')
data.setCell(52, 3, 243);
window.suiteTableData['Suite']= { tableData: data, tableDiv: 'times-div-Suite'}
return data;
}
              </script>
              <span class="suite-total-time">Total running time: 17 minutes</span>
              <div id="times-div-Suite">
              </div> <!-- times-div-Suite -->
            </div> <!-- times-div -->
          </div> <!-- main-panel-content rounded-window-bottom -->
        </div> <!-- panel -->
        <div panel-name="reporter-Suite" class="panel">
          <div class="main-panel-header rounded-window-top">
            <span class="header-content">Reporter output for Suite</span>
          </div> <!-- main-panel-header rounded-window-top -->
          <div class="main-panel-content rounded-window-bottom">
          </div> <!-- main-panel-content rounded-window-bottom -->
        </div> <!-- panel -->
        <div panel-name="ignored-methods-Suite" class="panel">
          <div class="main-panel-header rounded-window-top">
            <span class="header-content">1 ignored method</span>
          </div> <!-- main-panel-header rounded-window-top -->
          <div class="main-panel-content rounded-window-bottom">
            <div class="ignored-class-div">
              <span class="ignored-class-name">tests.BotGenerationTest</span>
              <div class="ignored-methods-div">
                <span class="ignored-method-name">openCreateNewDynamicBotForm</span>
                <br/>
              </div> <!-- ignored-methods-div -->
            </div> <!-- ignored-class-div -->
          </div> <!-- main-panel-content rounded-window-bottom -->
        </div> <!-- panel -->
        <div panel-name="chronological-Suite" class="panel">
          <div class="main-panel-header rounded-window-top">
            <span class="header-content">Methods in chronological order</span>
          </div> <!-- main-panel-header rounded-window-top -->
          <div class="main-panel-content rounded-window-bottom">
            <div class="chronological-class">
              <div class="chronological-class-name">tests.SignUpTest</div> <!-- chronological-class-name -->
              <div class="configuration-class before">
                <span class="method-name">launchBrowser</span>
                <span class="method-start">0 ms</span>
              </div> <!-- configuration-class before -->
              <div class="test-method">
                <span class="method-name">verify_validation_if_user_dont_enter_any_username_password(Free)</span>
                <span class="method-start">11264 ms</span>
              </div> <!-- test-method -->
              <div class="test-method">
                <span class="method-name">verify_validation_if_user_dont_enter_any_username_password(Agency)</span>
                <span class="method-start">19983 ms</span>
              </div> <!-- test-method -->
              <div class="test-method">
                <span class="method-name">verify_validation_if_user_dont_enter_any_username_password(Enterprise)</span>
                <span class="method-start">28598 ms</span>
              </div> <!-- test-method -->
              <div class="test-method">
                <span class="method-name">verify_validation_if_user_already_exists(Free)</span>
                <span class="method-start">37350 ms</span>
              </div> <!-- test-method -->
              <div class="test-method">
                <img src="failed.png">
                </img>
                <span class="method-name">verify_validation_if_user_already_exists(Agency)</span>
                <span class="method-start">42017 ms</span>
              </div> <!-- test-method -->
              <div class="test-method">
                <img src="failed.png">
                </img>
                <span class="method-name">verify_validation_if_user_already_exists(Enterprise)</span>
                <span class="method-start">46657 ms</span>
              </div> <!-- test-method -->
              <div class="test-method">
                <img src="failed.png">
                </img>
                <span class="method-name">verify_warining_message_if_user_not_signUp_successfully(Free)</span>
                <span class="method-start">51334 ms</span>
              </div> <!-- test-method -->
              <div class="test-method">
                <span class="method-name">verify_warining_message_if_user_not_signUp_successfully(Agency)</span>
                <span class="method-start">55999 ms</span>
              </div> <!-- test-method -->
              <div class="test-method">
                <span class="method-name">verify_warining_message_if_user_not_signUp_successfully(Enterprise)</span>
                <span class="method-start">60627 ms</span>
              </div> <!-- test-method -->
              <div class="test-method">
                <img src="failed.png">
                </img>
                <span class="method-name">verify_signUp_User_Functionality(Free)</span>
                <span class="method-start">65269 ms</span>
              </div> <!-- test-method -->
              <div class="test-method">
                <img src="failed.png">
                </img>
                <span class="method-name">verify_signUp_User_Functionality(Agency)</span>
                <span class="method-start">69964 ms</span>
              </div> <!-- test-method -->
              <div class="test-method">
                <img src="failed.png">
                </img>
                <span class="method-name">verify_signUp_User_Functionality(Enterprise)</span>
                <span class="method-start">74614 ms</span>
              </div> <!-- test-method -->
              <div class="configuration-class after">
                <span class="method-name">tearDown</span>
                <span class="method-start">79355 ms</span>
              </div> <!-- configuration-class after -->
            </div> <!-- chronological-class -->
            <div class="chronological-class">
              <div class="chronological-class-name">tests.LoginTest</div> <!-- chronological-class-name -->
              <div class="configuration-method before">
                <span class="method-name">launchBrowser</span>
                <span class="method-start">79655 ms</span>
              </div> <!-- configuration-method before -->
              <div class="test-method">
                <img src="failed.png">
                </img>
                <span class="method-name">loginWithGmailAccount</span>
                <span class="method-start">84678 ms</span>
              </div> <!-- test-method -->
              <div class="configuration-method after">
                <span class="method-name">tearDown</span>
                <span class="method-start">108007 ms</span>
              </div> <!-- configuration-method after -->
              <div class="configuration-method before">
                <span class="method-name">launchBrowser</span>
                <span class="method-start">108555 ms</span>
              </div> <!-- configuration-method before -->
              <div class="test-method">
                <img src="failed.png">
                </img>
                <span class="method-name">verifyForgetPasswordLinkButton</span>
                <span class="method-start">113469 ms</span>
              </div> <!-- test-method -->
              <div class="configuration-method after">
                <span class="method-name">tearDown</span>
                <span class="method-start">117891 ms</span>
              </div> <!-- configuration-method after -->
              <div class="configuration-method before">
                <span class="method-name">launchBrowser</span>
                <span class="method-start">118144 ms</span>
              </div> <!-- configuration-method before -->
              <div class="test-method">
                <span class="method-name">verify_validation_if_user_dont_enter_any_username_password</span>
                <span class="method-start">123050 ms</span>
              </div> <!-- test-method -->
              <div class="configuration-method after">
                <span class="method-name">tearDown</span>
                <span class="method-start">127859 ms</span>
              </div> <!-- configuration-method after -->
              <div class="configuration-method before">
                <span class="method-name">launchBrowser</span>
                <span class="method-start">128071 ms</span>
              </div> <!-- configuration-method before -->
              <div class="test-method">
                <span class="method-name">loginIntoAplicationWithInvalidCredentials</span>
                <span class="method-start">133370 ms</span>
              </div> <!-- test-method -->
              <div class="configuration-method after">
                <span class="method-name">tearDown</span>
                <span class="method-start">138224 ms</span>
              </div> <!-- configuration-method after -->
              <div class="configuration-method before">
                <span class="method-name">launchBrowser</span>
                <span class="method-start">138485 ms</span>
              </div> <!-- configuration-method before -->
              <div class="test-method">
                <span class="method-name">loginIntoAplication</span>
                <span class="method-start">144837 ms</span>
              </div> <!-- test-method -->
              <div class="configuration-method after">
                <span class="method-name">tearDown</span>
                <span class="method-start">149594 ms</span>
              </div> <!-- configuration-method after -->
            </div> <!-- chronological-class -->
            <div class="chronological-class">
              <div class="chronological-class-name">tests.BotGenerationTest</div> <!-- chronological-class-name -->
              <div class="configuration-class before">
                <span class="method-name">launchBrowser</span>
                <span class="method-start">149838 ms</span>
              </div> <!-- configuration-class before -->
              <div class="test-method">
                <span class="method-name">openCreateNewBotForm(Telephony)</span>
                <span class="method-start">159802 ms</span>
              </div> <!-- test-method -->
              <div class="test-method">
                <span class="method-name">openCreateNewBotForm(Telephony)</span>
                <span class="method-start">181648 ms</span>
              </div> <!-- test-method -->
              <div class="test-method">
                <span class="method-name">openCreateNewBotForm(Telephony)</span>
                <span class="method-start">202958 ms</span>
              </div> <!-- test-method -->
              <div class="test-method">
                <img src="failed.png">
                </img>
                <span class="method-name">openCreateNewBotForm(Telephony)</span>
                <span class="method-start">224317 ms</span>
              </div> <!-- test-method -->
              <div class="test-method">
                <img src="failed.png">
                </img>
                <span class="method-name">openCreateNewBotForm(Web Widget)</span>
                <span class="method-start">245706 ms</span>
              </div> <!-- test-method -->
              <div class="test-method">
                <img src="failed.png">
                </img>
                <span class="method-name">openCreateNewBotForm(Chat Bot)</span>
                <span class="method-start">267054 ms</span>
              </div> <!-- test-method -->
              <div class="test-method">
                <img src="failed.png">
                </img>
                <span class="method-name">openCreateNewBotForm(RCS)</span>
                <span class="method-start">319342 ms</span>
              </div> <!-- test-method -->
              <div class="test-method">
                <img src="failed.png">
                </img>
                <span class="method-name">openCreateNewBotForm(WhatsApp Business)</span>
                <span class="method-start">373591 ms</span>
              </div> <!-- test-method -->
              <div class="test-method">
                <img src="failed.png">
                </img>
                <span class="method-name">verifyAllBotGeneration(Telephony)</span>
                <span class="method-start">427778 ms</span>
              </div> <!-- test-method -->
              <div class="test-method">
                <img src="failed.png">
                </img>
                <span class="method-name">verifyAllBotGeneration(Web Widget)</span>
                <span class="method-start">466147 ms</span>
              </div> <!-- test-method -->
              <div class="test-method">
                <img src="failed.png">
                </img>
                <span class="method-name">verifyAllBotGeneration(Chat Bot)</span>
                <span class="method-start">496998 ms</span>
              </div> <!-- test-method -->
              <div class="test-method">
                <img src="failed.png">
                </img>
                <span class="method-name">verifyAllBotGeneration(RCS)</span>
                <span class="method-start">546908 ms</span>
              </div> <!-- test-method -->
              <div class="test-method">
                <img src="failed.png">
                </img>
                <span class="method-name">verifyAllBotGeneration(WhatsApp Business)</span>
                <span class="method-start">584421 ms</span>
              </div> <!-- test-method -->
            </div> <!-- chronological-class -->
            <div class="chronological-class">
              <div class="chronological-class-name">tests.AI_AgentListTest</div> <!-- chronological-class-name -->
              <div class="configuration-class before">
                <span class="method-name">launchBrowser</span>
                <span class="method-start">644074 ms</span>
              </div> <!-- configuration-class before -->
              <div class="test-method">
                <span class="method-name">login</span>
                <span class="method-start">649589 ms</span>
              </div> <!-- test-method -->
              <div class="test-method">
                <span class="method-name">openAiAgentsListForm</span>
                <span class="method-start">652267 ms</span>
              </div> <!-- test-method -->
              <div class="test-method">
                <span class="method-name">selectEachFilterOptionsOneByOne2(All Channels)</span>
                <span class="method-start">654732 ms</span>
              </div> <!-- test-method -->
              <div class="test-method">
                <img src="failed.png">
                </img>
                <span class="method-name">selectEachFilterOptionsOneByOne2(Telephony)</span>
                <span class="method-start">661505 ms</span>
              </div> <!-- test-method -->
              <div class="test-method">
                <span class="method-name">selectEachFilterOptionsOneByOne2(Web Widget)</span>
                <span class="method-start">664624 ms</span>
              </div> <!-- test-method -->
              <div class="test-method">
                <span class="method-name">selectEachFilterOptionsOneByOne2(Chat Bot)</span>
                <span class="method-start">670094 ms</span>
              </div> <!-- test-method -->
              <div class="test-method">
                <span class="method-name">selectEachFilterOptionsOneByOne2(RCS)</span>
                <span class="method-start">676550 ms</span>
              </div> <!-- test-method -->
              <div class="test-method">
                <span class="method-name">selectEachFilterOptionsOneByOne2(WhatsApp)</span>
                <span class="method-start">684109 ms</span>
              </div> <!-- test-method -->
              <div class="test-method">
                <span class="method-name">selectEachFilterOptionsOneByOne2(Instagram)</span>
                <span class="method-start">692675 ms</span>
              </div> <!-- test-method -->
              <div class="test-method">
                <span class="method-name">selectEachFilterOptionsOneByOne2(Messenger)</span>
                <span class="method-start">702305 ms</span>
              </div> <!-- test-method -->
              <div class="test-method">
                <span class="method-name">selectEachFilterOptionsOneByOne2(Twitter)</span>
                <span class="method-start">714823 ms</span>
              </div> <!-- test-method -->
              <div class="test-method">
                <span class="method-name">selectEachFilterOptionsOneByOne2(LinkedIn)</span>
                <span class="method-start">727298 ms</span>
              </div> <!-- test-method -->
              <div class="test-method">
                <span class="method-name">verifyAIAgentsListTabWorkingorNot</span>
                <span class="method-start">739835 ms</span>
              </div> <!-- test-method -->
              <div class="test-method">
                <span class="method-name">verifyHorizontalTabLists</span>
                <span class="method-start">878270 ms</span>
              </div> <!-- test-method -->
              <div class="test-method">
                <img src="failed.png">
                </img>
                <span class="method-name">verifyRecordCountBasedOnSelectedChannelInFilter</span>
                <span class="method-start">878514 ms</span>
              </div> <!-- test-method -->
              <div class="test-method">
                <img src="failed.png">
                </img>
                <span class="method-name">verifylegendsButtonStatus</span>
                <span class="method-start">900005 ms</span>
              </div> <!-- test-method -->
              <div class="configuration-class after">
                <span class="method-name">tearDown</span>
                <span class="method-start">920385 ms</span>
              </div> <!-- configuration-class after -->
            </div> <!-- chronological-class -->
            <div class="chronological-class">
              <div class="chronological-class-name">tests.HorizontalMenusTest</div> <!-- chronological-class-name -->
              <div class="configuration-method before">
                <span class="method-name">launchBrowser</span>
                <span class="method-start">920654 ms</span>
              </div> <!-- configuration-method before -->
              <div class="test-method">
                <span class="method-name">verifyhorizontalMenusListBasedOnRole(user, rajesh@gmail.com, Admin@1234)</span>
                <span class="method-start">926438 ms</span>
              </div> <!-- test-method -->
              <div class="configuration-method after">
                <span class="method-name">tearDown</span>
                <span class="method-start">931499 ms</span>
              </div> <!-- configuration-method after -->
              <div class="configuration-method before">
                <span class="method-name">launchBrowser</span>
                <span class="method-start">932358 ms</span>
              </div> <!-- configuration-method before -->
              <div class="test-method">
                <img src="failed.png">
                </img>
                <span class="method-name">verifyhorizontalMenusListBasedOnRole(admin, biraju@fonda.com, Admin@1234)</span>
                <span class="method-start">934610 ms</span>
              </div> <!-- test-method -->
              <div class="configuration-method after">
                <span class="method-name">tearDown</span>
                <span class="method-start">962721 ms</span>
              </div> <!-- configuration-method after -->
              <div class="configuration-method before">
                <span class="method-name">launchBrowser</span>
                <span class="method-start">963010 ms</span>
              </div> <!-- configuration-method before -->
              <div class="test-method">
                <img src="failed.png">
                </img>
                <span class="method-name">verifyhorizontalMenusListBasedOnRole(superadmin, saddam.groot@gmail.com, Admin@1234)</span>
                <span class="method-start">968761 ms</span>
              </div> <!-- test-method -->
              <div class="configuration-method after">
                <span class="method-name">tearDown</span>
                <span class="method-start">993557 ms</span>
              </div> <!-- configuration-method after -->
            </div> <!-- chronological-class -->
            <div class="chronological-class">
              <div class="chronological-class-name">tests.VerticalMenusTest</div> <!-- chronological-class-name -->
              <div class="configuration-method before">
                <span class="method-name">launchBrowser</span>
                <span class="method-start">995592 ms</span>
              </div> <!-- configuration-method before -->
              <div class="test-method">
                <img src="failed.png">
                </img>
                <span class="method-name">verifyVerticalMenusListBasedOnRole(user, rajesh@gmail.com, Admin@1234)</span>
                <span class="method-start">1000813 ms</span>
              </div> <!-- test-method -->
              <div class="configuration-method after">
                <span class="method-name">tearDown</span>
                <span class="method-start">1006049 ms</span>
              </div> <!-- configuration-method after -->
              <div class="configuration-method before">
                <span class="method-name">launchBrowser</span>
                <span class="method-start">1006356 ms</span>
              </div> <!-- configuration-method before -->
              <div class="test-method">
                <img src="failed.png">
                </img>
                <span class="method-name">verifyVerticalMenusListBasedOnRole(admin, biraju@fonda.com, Admin@1234)</span>
                <span class="method-start">1012064 ms</span>
              </div> <!-- test-method -->
              <div class="configuration-method after">
                <span class="method-name">tearDown</span>
                <span class="method-start">1036916 ms</span>
              </div> <!-- configuration-method after -->
              <div class="configuration-method before">
                <span class="method-name">launchBrowser</span>
                <span class="method-start">1037488 ms</span>
              </div> <!-- configuration-method before -->
              <div class="test-method">
                <img src="failed.png">
                </img>
                <span class="method-name">verifyVerticalMenusListBasedOnRole(superadmin, saddam.groot@gmail.com, Admin@1234)</span>
                <span class="method-start">1042516 ms</span>
              </div> <!-- test-method -->
              <div class="configuration-method after">
                <span class="method-name">tearDown</span>
                <span class="method-start">1067283 ms</span>
              </div> <!-- configuration-method after -->
            </div> <!-- chronological-class -->
            <div class="chronological-class">
              <div class="chronological-class-name">tests.RCS_PlatformTest</div> <!-- chronological-class-name -->
              <div class="configuration-method before">
                <span class="method-name">launchBrowser</span>
                <span class="method-start">1067639 ms</span>
              </div> <!-- configuration-method before -->
              <div class="test-method">
                <span class="method-name">openRCSListPage</span>
                <span class="method-start">1073201 ms</span>
              </div> <!-- test-method -->
              <div class="configuration-class after">
                <span class="method-name">tearDown</span>
                <span class="method-start">1135767 ms</span>
              </div> <!-- configuration-class after -->
          </div> <!-- main-panel-content rounded-window-bottom -->
        </div> <!-- panel -->
      </div> <!-- main-panel-root -->
    </div> <!-- wrapper -->
  </body>
<script type="text/javascript" src="testng-reports2.js"></script>
</html>
